Data exists in seperate training and validation directories? [Y/n] Provide the absolute path of the training data: 
Provide the absolute path of the validation data: 
Found 2750 images belonging to 5 classes.
Found 920 images belonging to 5 classes.
Epoch 1/10

 1/86 [..............................] - ETA: 4:01 - loss: 1.6374 - accuracy: 0.2812
 2/86 [..............................] - ETA: 2:07 - loss: 2.2405 - accuracy: 0.2656
 3/86 [>.............................] - ETA: 1:28 - loss: 2.8872 - accuracy: 0.2917
 4/86 [>.............................] - ETA: 1:09 - loss: 3.3002 - accuracy: 0.2891
 5/86 [>.............................] - ETA: 57s - loss: 3.4046 - accuracy: 0.2875 
 6/86 [=>............................] - ETA: 50s - loss: 3.3794 - accuracy: 0.2865
 7/86 [=>............................] - ETA: 44s - loss: 3.5264 - accuracy: 0.2723
 8/86 [=>............................] - ETA: 40s - loss: 3.6634 - accuracy: 0.2539
 9/86 [==>...........................] - ETA: 36s - loss: 3.3965 - accuracy: 0.2951
10/86 [==>...........................] - ETA: 34s - loss: 3.1531 - accuracy: 0.3219
11/86 [==>...........................] - ETA: 31s - loss: 2.9566 - accuracy: 0.3523
12/86 [===>..........................] - ETA: 29s - loss: 2.8082 - accuracy: 0.3594
13/86 [===>..........................] - ETA: 28s - loss: 2.6692 - accuracy: 0.3726
14/86 [===>..........................] - ETA: 26s - loss: 2.5363 - accuracy: 0.3996
15/86 [====>.........................] - ETA: 25s - loss: 2.4474 - accuracy: 0.4042
16/86 [====>.........................] - ETA: 24s - loss: 2.3666 - accuracy: 0.4121
17/86 [====>.........................] - ETA: 23s - loss: 2.2807 - accuracy: 0.4173
18/86 [=====>........................] - ETA: 22s - loss: 2.1914 - accuracy: 0.4358
19/86 [=====>........................] - ETA: 21s - loss: 2.1291 - accuracy: 0.4507
20/86 [=====>........................] - ETA: 20s - loss: 2.0658 - accuracy: 0.4594
21/86 [======>.......................] - ETA: 20s - loss: 2.0179 - accuracy: 0.4643
22/86 [======>.......................] - ETA: 19s - loss: 1.9556 - accuracy: 0.4759
23/86 [=======>......................] - ETA: 18s - loss: 1.9080 - accuracy: 0.4878
24/86 [=======>......................] - ETA: 18s - loss: 1.8660 - accuracy: 0.4948
25/86 [=======>......................] - ETA: 17s - loss: 1.8324 - accuracy: 0.4938
26/86 [========>.....................] - ETA: 17s - loss: 1.7924 - accuracy: 0.5048
27/86 [========>.....................] - ETA: 16s - loss: 1.7483 - accuracy: 0.5162
28/86 [========>.....................] - ETA: 16s - loss: 1.7166 - accuracy: 0.5223
29/86 [=========>....................] - ETA: 15s - loss: 1.6823 - accuracy: 0.5291
30/86 [=========>....................] - ETA: 15s - loss: 1.6536 - accuracy: 0.5375
31/86 [=========>....................] - ETA: 14s - loss: 1.6313 - accuracy: 0.5403
32/86 [==========>...................] - ETA: 14s - loss: 1.6051 - accuracy: 0.5488
33/86 [==========>...................] - ETA: 13s - loss: 1.5706 - accuracy: 0.5578
34/86 [==========>...................] - ETA: 13s - loss: 1.5423 - accuracy: 0.5653
35/86 [===========>..................] - ETA: 13s - loss: 1.5192 - accuracy: 0.5723
36/86 [===========>..................] - ETA: 12s - loss: 1.5012 - accuracy: 0.5747
37/86 [===========>..................] - ETA: 12s - loss: 1.4795 - accuracy: 0.5785
38/86 [============>.................] - ETA: 12s - loss: 1.4647 - accuracy: 0.5822
39/86 [============>.................] - ETA: 11s - loss: 1.4537 - accuracy: 0.5825
40/86 [============>.................] - ETA: 11s - loss: 1.4429 - accuracy: 0.5844
41/86 [=============>................] - ETA: 11s - loss: 1.4339 - accuracy: 0.5846
42/86 [=============>................] - ETA: 10s - loss: 1.4183 - accuracy: 0.5900
43/86 [==============>...............] - ETA: 10s - loss: 1.4043 - accuracy: 0.5930
44/86 [==============>...............] - ETA: 10s - loss: 1.3915 - accuracy: 0.5945
45/86 [==============>...............] - ETA: 10s - loss: 1.3709 - accuracy: 0.6007
46/86 [===============>..............] - ETA: 9s - loss: 1.3556 - accuracy: 0.6053 
47/86 [===============>..............] - ETA: 9s - loss: 1.3459 - accuracy: 0.6077
48/86 [===============>..............] - ETA: 9s - loss: 1.3323 - accuracy: 0.6100
49/86 [================>.............] - ETA: 8s - loss: 1.3227 - accuracy: 0.6122
50/86 [================>.............] - ETA: 8s - loss: 1.3104 - accuracy: 0.6144
51/86 [================>.............] - ETA: 8s - loss: 1.3021 - accuracy: 0.6170
52/86 [=================>............] - ETA: 8s - loss: 1.2938 - accuracy: 0.6196
53/86 [=================>............] - ETA: 7s - loss: 1.2762 - accuracy: 0.6256
54/86 [=================>............] - ETA: 7s - loss: 1.2621 - accuracy: 0.6296
55/86 [==================>...........] - ETA: 7s - loss: 1.2517 - accuracy: 0.6307
56/86 [==================>...........] - ETA: 7s - loss: 1.2418 - accuracy: 0.6328
57/86 [==================>...........] - ETA: 6s - loss: 1.2313 - accuracy: 0.6349
58/86 [===================>..........] - ETA: 6s - loss: 1.2221 - accuracy: 0.6363
59/86 [===================>..........] - ETA: 6s - loss: 1.2149 - accuracy: 0.6382
60/86 [===================>..........] - ETA: 5s - loss: 1.2015 - accuracy: 0.6411
61/86 [====================>.........] - ETA: 5s - loss: 1.1944 - accuracy: 0.6414
62/86 [====================>.........] - ETA: 5s - loss: 1.1879 - accuracy: 0.6416
63/86 [====================>.........] - ETA: 5s - loss: 1.1851 - accuracy: 0.6419
64/86 [=====================>........] - ETA: 5s - loss: 1.1736 - accuracy: 0.6450
65/86 [=====================>........] - ETA: 4s - loss: 1.1651 - accuracy: 0.6481
66/86 [======================>.......] - ETA: 4s - loss: 1.1561 - accuracy: 0.6515
67/86 [======================>.......] - ETA: 4s - loss: 1.1475 - accuracy: 0.6539
68/86 [======================>.......] - ETA: 4s - loss: 1.1410 - accuracy: 0.6544
69/86 [=======================>......] - ETA: 3s - loss: 1.1369 - accuracy: 0.6544
70/86 [=======================>......] - ETA: 3s - loss: 1.1297 - accuracy: 0.6562
71/86 [=======================>......] - ETA: 3s - loss: 1.1249 - accuracy: 0.6567
72/86 [========================>.....] - ETA: 3s - loss: 1.1176 - accuracy: 0.6576
73/86 [========================>.....] - ETA: 2s - loss: 1.1132 - accuracy: 0.6571
74/86 [========================>.....] - ETA: 2s - loss: 1.1089 - accuracy: 0.6575
75/86 [=========================>....] - ETA: 2s - loss: 1.1031 - accuracy: 0.6587
76/86 [=========================>....] - ETA: 2s - loss: 1.0975 - accuracy: 0.6600
77/86 [=========================>....] - ETA: 1s - loss: 1.0917 - accuracy: 0.6607
78/86 [==========================>...] - ETA: 1s - loss: 1.0869 - accuracy: 0.6607
79/86 [==========================>...] - ETA: 1s - loss: 1.0814 - accuracy: 0.6630
80/86 [==========================>...] - ETA: 1s - loss: 1.0800 - accuracy: 0.6634
81/86 [===========================>..] - ETA: 1s - loss: 1.0750 - accuracy: 0.6653
82/86 [===========================>..] - ETA: 0s - loss: 1.0712 - accuracy: 0.6667
83/86 [===========================>..] - ETA: 0s - loss: 1.0644 - accuracy: 0.6684
84/86 [============================>.] - ETA: 0s - loss: 1.0634 - accuracy: 0.6687
85/86 [============================>.] - ETA: 0s - loss: 1.0560 - accuracy: 0.6707
86/86 [==============================] - 27s 314ms/step - loss: 1.0521 - accuracy: 0.6720 - val_loss: 0.6493 - val_accuracy: 0.7239
Epoch 2/10

 1/86 [..............................] - ETA: 15s - loss: 0.3377 - accuracy: 0.8750
 2/86 [..............................] - ETA: 15s - loss: 0.2629 - accuracy: 0.9062
 3/86 [>.............................] - ETA: 15s - loss: 0.4164 - accuracy: 0.8333
 4/86 [>.............................] - ETA: 14s - loss: 0.4956 - accuracy: 0.7969
 5/86 [>.............................] - ETA: 14s - loss: 0.5007 - accuracy: 0.8062
 6/86 [=>............................] - ETA: 14s - loss: 0.4707 - accuracy: 0.8281
 7/86 [=>............................] - ETA: 14s - loss: 0.4321 - accuracy: 0.8438
 8/86 [=>............................] - ETA: 14s - loss: 0.4036 - accuracy: 0.8594
 9/86 [==>...........................] - ETA: 14s - loss: 0.4143 - accuracy: 0.8646
10/86 [==>...........................] - ETA: 14s - loss: 0.4282 - accuracy: 0.8594
11/86 [==>...........................] - ETA: 13s - loss: 0.4291 - accuracy: 0.8636
12/86 [===>..........................] - ETA: 13s - loss: 0.4155 - accuracy: 0.8698
13/86 [===>..........................] - ETA: 13s - loss: 0.4462 - accuracy: 0.8582
14/86 [===>..........................] - ETA: 13s - loss: 0.4438 - accuracy: 0.8587
15/86 [====>.........................] - ETA: 13s - loss: 0.4336 - accuracy: 0.8640
16/86 [====>.........................] - ETA: 12s - loss: 0.4295 - accuracy: 0.8667
17/86 [====>.........................] - ETA: 12s - loss: 0.4308 - accuracy: 0.8690
18/86 [=====>........................] - ETA: 12s - loss: 0.4228 - accuracy: 0.8711
19/86 [=====>........................] - ETA: 12s - loss: 0.4256 - accuracy: 0.8663
20/86 [=====>........................] - ETA: 12s - loss: 0.4152 - accuracy: 0.8715
21/86 [======>.......................] - ETA: 11s - loss: 0.4156 - accuracy: 0.8701
22/86 [======>.......................] - ETA: 11s - loss: 0.4255 - accuracy: 0.8632
23/86 [=======>......................] - ETA: 11s - loss: 0.4329 - accuracy: 0.8638
24/86 [=======>......................] - ETA: 11s - loss: 0.4313 - accuracy: 0.8642
25/86 [=======>......................] - ETA: 11s - loss: 0.4322 - accuracy: 0.8634
26/86 [========>.....................] - ETA: 10s - loss: 0.4365 - accuracy: 0.8602
27/86 [========>.....................] - ETA: 10s - loss: 0.4474 - accuracy: 0.8550
28/86 [========>.....................] - ETA: 10s - loss: 0.4542 - accuracy: 0.8535
29/86 [=========>....................] - ETA: 10s - loss: 0.4577 - accuracy: 0.8510
30/86 [=========>....................] - ETA: 10s - loss: 0.4512 - accuracy: 0.8539
31/86 [=========>....................] - ETA: 10s - loss: 0.4462 - accuracy: 0.8556
32/86 [==========>...................] - ETA: 9s - loss: 0.4412 - accuracy: 0.8562 
33/86 [==========>...................] - ETA: 9s - loss: 0.4365 - accuracy: 0.8586
34/86 [==========>...................] - ETA: 9s - loss: 0.4313 - accuracy: 0.8600
35/86 [===========>..................] - ETA: 9s - loss: 0.4240 - accuracy: 0.8623
36/86 [===========>..................] - ETA: 9s - loss: 0.4240 - accuracy: 0.8617
37/86 [===========>..................] - ETA: 8s - loss: 0.4296 - accuracy: 0.8604
38/86 [============>.................] - ETA: 8s - loss: 0.4300 - accuracy: 0.8591
39/86 [============>.................] - ETA: 8s - loss: 0.4234 - accuracy: 0.8620
40/86 [============>.................] - ETA: 8s - loss: 0.4289 - accuracy: 0.8592
41/86 [=============>................] - ETA: 8s - loss: 0.4316 - accuracy: 0.8580
42/86 [=============>................] - ETA: 8s - loss: 0.4312 - accuracy: 0.8569
43/86 [==============>...............] - ETA: 7s - loss: 0.4267 - accuracy: 0.8581
44/86 [==============>...............] - ETA: 7s - loss: 0.4224 - accuracy: 0.8599
45/86 [==============>...............] - ETA: 7s - loss: 0.4230 - accuracy: 0.8595
46/86 [===============>..............] - ETA: 7s - loss: 0.4189 - accuracy: 0.8619
47/86 [===============>..............] - ETA: 7s - loss: 0.4187 - accuracy: 0.8615
48/86 [===============>..............] - ETA: 7s - loss: 0.4305 - accuracy: 0.8553
49/86 [================>.............] - ETA: 6s - loss: 0.4317 - accuracy: 0.8550
50/86 [================>.............] - ETA: 6s - loss: 0.4318 - accuracy: 0.8548
51/86 [================>.............] - ETA: 6s - loss: 0.4307 - accuracy: 0.8552
52/86 [=================>............] - ETA: 6s - loss: 0.4293 - accuracy: 0.8562
53/86 [=================>............] - ETA: 6s - loss: 0.4323 - accuracy: 0.8554
54/86 [=================>............] - ETA: 5s - loss: 0.4349 - accuracy: 0.8540
55/86 [==================>...........] - ETA: 5s - loss: 0.4370 - accuracy: 0.8527
56/86 [==================>...........] - ETA: 5s - loss: 0.4370 - accuracy: 0.8531
57/86 [==================>...........] - ETA: 5s - loss: 0.4392 - accuracy: 0.8529
58/86 [===================>..........] - ETA: 5s - loss: 0.4384 - accuracy: 0.8528
59/86 [===================>..........] - ETA: 4s - loss: 0.4376 - accuracy: 0.8531
60/86 [===================>..........] - ETA: 4s - loss: 0.4353 - accuracy: 0.8545
61/86 [====================>.........] - ETA: 4s - loss: 0.4355 - accuracy: 0.8544
62/86 [====================>.........] - ETA: 4s - loss: 0.4374 - accuracy: 0.8542
63/86 [====================>.........] - ETA: 4s - loss: 0.4402 - accuracy: 0.8540
64/86 [=====================>........] - ETA: 4s - loss: 0.4382 - accuracy: 0.8543
65/86 [=====================>........] - ETA: 3s - loss: 0.4393 - accuracy: 0.8547
66/86 [======================>.......] - ETA: 3s - loss: 0.4374 - accuracy: 0.8555
67/86 [======================>.......] - ETA: 3s - loss: 0.4351 - accuracy: 0.8553
68/86 [======================>.......] - ETA: 3s - loss: 0.4352 - accuracy: 0.8551
69/86 [=======================>......] - ETA: 3s - loss: 0.4343 - accuracy: 0.8549
70/86 [=======================>......] - ETA: 2s - loss: 0.4354 - accuracy: 0.8548
71/86 [=======================>......] - ETA: 2s - loss: 0.4338 - accuracy: 0.8555
72/86 [========================>.....] - ETA: 2s - loss: 0.4354 - accuracy: 0.8545
73/86 [========================>.....] - ETA: 2s - loss: 0.4381 - accuracy: 0.8535
74/86 [========================>.....] - ETA: 2s - loss: 0.4348 - accuracy: 0.8550
75/86 [=========================>....] - ETA: 2s - loss: 0.4332 - accuracy: 0.8557
76/86 [=========================>....] - ETA: 1s - loss: 0.4336 - accuracy: 0.8556
77/86 [=========================>....] - ETA: 1s - loss: 0.4318 - accuracy: 0.8562
78/86 [==========================>...] - ETA: 1s - loss: 0.4330 - accuracy: 0.8561
79/86 [==========================>...] - ETA: 1s - loss: 0.4330 - accuracy: 0.8563
80/86 [==========================>...] - ETA: 1s - loss: 0.4361 - accuracy: 0.8557
81/86 [===========================>..] - ETA: 0s - loss: 0.4385 - accuracy: 0.8544
82/86 [===========================>..] - ETA: 0s - loss: 0.4402 - accuracy: 0.8532
83/86 [===========================>..] - ETA: 0s - loss: 0.4419 - accuracy: 0.8515
84/86 [============================>.] - ETA: 0s - loss: 0.4424 - accuracy: 0.8515
85/86 [============================>.] - ETA: 0s - loss: 0.4417 - accuracy: 0.8521
86/86 [==============================] - 21s 245ms/step - loss: 0.4426 - accuracy: 0.8513 - val_loss: 0.8277 - val_accuracy: 0.7185
Epoch 3/10

 1/86 [..............................] - ETA: 15s - loss: 0.3570 - accuracy: 0.7812
 2/86 [..............................] - ETA: 15s - loss: 0.3544 - accuracy: 0.8281
 3/86 [>.............................] - ETA: 15s - loss: 0.3196 - accuracy: 0.8646
 4/86 [>.............................] - ETA: 15s - loss: 0.3143 - accuracy: 0.8750
 5/86 [>.............................] - ETA: 14s - loss: 0.3176 - accuracy: 0.8813
 6/86 [=>............................] - ETA: 14s - loss: 0.3399 - accuracy: 0.8750
 7/86 [=>............................] - ETA: 14s - loss: 0.3160 - accuracy: 0.8884
 8/86 [=>............................] - ETA: 14s - loss: 0.2927 - accuracy: 0.9023
 9/86 [==>...........................] - ETA: 14s - loss: 0.2810 - accuracy: 0.9062
10/86 [==>...........................] - ETA: 14s - loss: 0.2752 - accuracy: 0.9125
11/86 [==>...........................] - ETA: 14s - loss: 0.2746 - accuracy: 0.9148
12/86 [===>..........................] - ETA: 14s - loss: 0.2742 - accuracy: 0.9141
13/86 [===>..........................] - ETA: 13s - loss: 0.2671 - accuracy: 0.9159
14/86 [===>..........................] - ETA: 13s - loss: 0.2574 - accuracy: 0.9174
15/86 [====>.........................] - ETA: 13s - loss: 0.2486 - accuracy: 0.9208
16/86 [====>.........................] - ETA: 13s - loss: 0.2627 - accuracy: 0.9141
17/86 [====>.........................] - ETA: 12s - loss: 0.2568 - accuracy: 0.9154
18/86 [=====>........................] - ETA: 12s - loss: 0.2594 - accuracy: 0.9132
19/86 [=====>........................] - ETA: 12s - loss: 0.2571 - accuracy: 0.9145
20/86 [=====>........................] - ETA: 12s - loss: 0.2524 - accuracy: 0.9172
21/86 [======>.......................] - ETA: 12s - loss: 0.2517 - accuracy: 0.9182
22/86 [======>.......................] - ETA: 12s - loss: 0.2505 - accuracy: 0.9190
23/86 [=======>......................] - ETA: 11s - loss: 0.2490 - accuracy: 0.9198
24/86 [=======>......................] - ETA: 11s - loss: 0.2527 - accuracy: 0.9180
25/86 [=======>......................] - ETA: 11s - loss: 0.2459 - accuracy: 0.9212
26/86 [========>.....................] - ETA: 11s - loss: 0.2478 - accuracy: 0.9183
27/86 [========>.....................] - ETA: 11s - loss: 0.2443 - accuracy: 0.9178
28/86 [========>.....................] - ETA: 10s - loss: 0.2417 - accuracy: 0.9185
29/86 [=========>....................] - ETA: 10s - loss: 0.2404 - accuracy: 0.9203
30/86 [=========>....................] - ETA: 10s - loss: 0.2429 - accuracy: 0.9187
31/86 [=========>....................] - ETA: 10s - loss: 0.2442 - accuracy: 0.9183
32/86 [==========>...................] - ETA: 10s - loss: 0.2388 - accuracy: 0.9209
33/86 [==========>...................] - ETA: 9s - loss: 0.2486 - accuracy: 0.9176 
34/86 [==========>...................] - ETA: 9s - loss: 0.2579 - accuracy: 0.9154
35/86 [===========>..................] - ETA: 9s - loss: 0.2549 - accuracy: 0.9170
36/86 [===========>..................] - ETA: 9s - loss: 0.2532 - accuracy: 0.9175
37/86 [===========>..................] - ETA: 9s - loss: 0.2544 - accuracy: 0.9181
38/86 [============>.................] - ETA: 9s - loss: 0.2541 - accuracy: 0.9186
39/86 [============>.................] - ETA: 8s - loss: 0.2491 - accuracy: 0.9207
40/86 [============>.................] - ETA: 8s - loss: 0.2487 - accuracy: 0.9203
41/86 [=============>................] - ETA: 8s - loss: 0.2510 - accuracy: 0.9184
42/86 [=============>................] - ETA: 8s - loss: 0.2512 - accuracy: 0.9182
43/86 [==============>...............] - ETA: 8s - loss: 0.2540 - accuracy: 0.9157
44/86 [==============>...............] - ETA: 7s - loss: 0.2522 - accuracy: 0.9169
45/86 [==============>...............] - ETA: 7s - loss: 0.2532 - accuracy: 0.9153
46/86 [===============>..............] - ETA: 7s - loss: 0.2524 - accuracy: 0.9151
47/86 [===============>..............] - ETA: 7s - loss: 0.2498 - accuracy: 0.9162
48/86 [===============>..............] - ETA: 7s - loss: 0.2486 - accuracy: 0.9167
49/86 [================>.............] - ETA: 6s - loss: 0.2463 - accuracy: 0.9177
50/86 [================>.............] - ETA: 6s - loss: 0.2442 - accuracy: 0.9186
51/86 [================>.............] - ETA: 6s - loss: 0.2414 - accuracy: 0.9202
52/86 [=================>............] - ETA: 6s - loss: 0.2412 - accuracy: 0.9200
53/86 [=================>............] - ETA: 6s - loss: 0.2415 - accuracy: 0.9197
54/86 [=================>............] - ETA: 5s - loss: 0.2406 - accuracy: 0.9200
55/86 [==================>...........] - ETA: 5s - loss: 0.2416 - accuracy: 0.9192
56/86 [==================>...........] - ETA: 5s - loss: 0.2404 - accuracy: 0.9201
57/86 [==================>...........] - ETA: 5s - loss: 0.2423 - accuracy: 0.9193
58/86 [===================>..........] - ETA: 5s - loss: 0.2471 - accuracy: 0.9169
59/86 [===================>..........] - ETA: 5s - loss: 0.2497 - accuracy: 0.9146
60/86 [===================>..........] - ETA: 4s - loss: 0.2497 - accuracy: 0.9145
61/86 [====================>.........] - ETA: 4s - loss: 0.2487 - accuracy: 0.9159
62/86 [====================>.........] - ETA: 4s - loss: 0.2500 - accuracy: 0.9152
63/86 [====================>.........] - ETA: 4s - loss: 0.2484 - accuracy: 0.9161
64/86 [=====================>........] - ETA: 4s - loss: 0.2476 - accuracy: 0.9169
65/86 [=====================>........] - ETA: 3s - loss: 0.2472 - accuracy: 0.9172
66/86 [======================>.......] - ETA: 3s - loss: 0.2483 - accuracy: 0.9161
67/86 [======================>.......] - ETA: 3s - loss: 0.2487 - accuracy: 0.9155
68/86 [======================>.......] - ETA: 3s - loss: 0.2477 - accuracy: 0.9158
69/86 [=======================>......] - ETA: 3s - loss: 0.2483 - accuracy: 0.9152
70/86 [=======================>......] - ETA: 2s - loss: 0.2471 - accuracy: 0.9160
71/86 [=======================>......] - ETA: 2s - loss: 0.2471 - accuracy: 0.9163
72/86 [========================>.....] - ETA: 2s - loss: 0.2455 - accuracy: 0.9170
73/86 [========================>.....] - ETA: 2s - loss: 0.2454 - accuracy: 0.9173
74/86 [========================>.....] - ETA: 2s - loss: 0.2456 - accuracy: 0.9180
75/86 [=========================>....] - ETA: 2s - loss: 0.2438 - accuracy: 0.9183
76/86 [=========================>....] - ETA: 1s - loss: 0.2428 - accuracy: 0.9185
77/86 [=========================>....] - ETA: 1s - loss: 0.2415 - accuracy: 0.9192
78/86 [==========================>...] - ETA: 1s - loss: 0.2412 - accuracy: 0.9194
79/86 [==========================>...] - ETA: 1s - loss: 0.2421 - accuracy: 0.9192
80/86 [==========================>...] - ETA: 1s - loss: 0.2423 - accuracy: 0.9195
81/86 [===========================>..] - ETA: 0s - loss: 0.2416 - accuracy: 0.9201
82/86 [===========================>..] - ETA: 0s - loss: 0.2394 - accuracy: 0.9211
83/86 [===========================>..] - ETA: 0s - loss: 0.2385 - accuracy: 0.9216
84/86 [============================>.] - ETA: 0s - loss: 0.2369 - accuracy: 0.9222
85/86 [============================>.] - ETA: 0s - loss: 0.2414 - accuracy: 0.9205
86/86 [==============================] - 21s 247ms/step - loss: 0.2424 - accuracy: 0.9193 - val_loss: 0.5897 - val_accuracy: 0.7696
Epoch 4/10

 1/86 [..............................] - ETA: 15s - loss: 0.0903 - accuracy: 0.9688
 2/86 [..............................] - ETA: 15s - loss: 0.0858 - accuracy: 0.9844
 3/86 [>.............................] - ETA: 14s - loss: 0.0884 - accuracy: 0.9896
 4/86 [>.............................] - ETA: 14s - loss: 0.0844 - accuracy: 0.9922
 5/86 [>.............................] - ETA: 14s - loss: 0.0872 - accuracy: 0.9875
 6/86 [=>............................] - ETA: 14s - loss: 0.0825 - accuracy: 0.9896
 7/86 [=>............................] - ETA: 14s - loss: 0.0893 - accuracy: 0.9911
 8/86 [=>............................] - ETA: 14s - loss: 0.0902 - accuracy: 0.9883
 9/86 [==>...........................] - ETA: 14s - loss: 0.0902 - accuracy: 0.9896
10/86 [==>...........................] - ETA: 13s - loss: 0.0879 - accuracy: 0.9875
11/86 [==>...........................] - ETA: 13s - loss: 0.0859 - accuracy: 0.9886
12/86 [===>..........................] - ETA: 13s - loss: 0.0860 - accuracy: 0.9896
13/86 [===>..........................] - ETA: 13s - loss: 0.0861 - accuracy: 0.9880
14/86 [===>..........................] - ETA: 13s - loss: 0.0890 - accuracy: 0.9866
15/86 [====>.........................] - ETA: 12s - loss: 0.0929 - accuracy: 0.9833
16/86 [====>.........................] - ETA: 12s - loss: 0.1004 - accuracy: 0.9805
17/86 [====>.........................] - ETA: 12s - loss: 0.1003 - accuracy: 0.9816
18/86 [=====>........................] - ETA: 12s - loss: 0.1065 - accuracy: 0.9740
19/86 [=====>........................] - ETA: 12s - loss: 0.1131 - accuracy: 0.9720
20/86 [=====>........................] - ETA: 12s - loss: 0.1121 - accuracy: 0.9734
21/86 [======>.......................] - ETA: 11s - loss: 0.1195 - accuracy: 0.9687
22/86 [======>.......................] - ETA: 11s - loss: 0.1198 - accuracy: 0.9687
23/86 [=======>......................] - ETA: 11s - loss: 0.1196 - accuracy: 0.9687
24/86 [=======>......................] - ETA: 11s - loss: 0.1165 - accuracy: 0.9700
25/86 [=======>......................] - ETA: 11s - loss: 0.1158 - accuracy: 0.9712
26/86 [========>.....................] - ETA: 11s - loss: 0.1192 - accuracy: 0.9687
27/86 [========>.....................] - ETA: 10s - loss: 0.1183 - accuracy: 0.9687
28/86 [========>.....................] - ETA: 10s - loss: 0.1160 - accuracy: 0.9698
29/86 [=========>....................] - ETA: 10s - loss: 0.1209 - accuracy: 0.9676
30/86 [=========>....................] - ETA: 10s - loss: 0.1219 - accuracy: 0.9666
31/86 [=========>....................] - ETA: 10s - loss: 0.1219 - accuracy: 0.9667
32/86 [==========>...................] - ETA: 9s - loss: 0.1206 - accuracy: 0.9667 
33/86 [==========>...................] - ETA: 9s - loss: 0.1180 - accuracy: 0.9677
34/86 [==========>...................] - ETA: 9s - loss: 0.1158 - accuracy: 0.9687
35/86 [===========>..................] - ETA: 9s - loss: 0.1144 - accuracy: 0.9696
36/86 [===========>..................] - ETA: 9s - loss: 0.1169 - accuracy: 0.9678
37/86 [===========>..................] - ETA: 9s - loss: 0.1180 - accuracy: 0.9670
38/86 [============>.................] - ETA: 8s - loss: 0.1200 - accuracy: 0.9662
39/86 [============>.................] - ETA: 8s - loss: 0.1208 - accuracy: 0.9655
40/86 [============>.................] - ETA: 8s - loss: 0.1193 - accuracy: 0.9664
41/86 [=============>................] - ETA: 8s - loss: 0.1220 - accuracy: 0.9649
42/86 [=============>................] - ETA: 8s - loss: 0.1223 - accuracy: 0.9650
43/86 [==============>...............] - ETA: 7s - loss: 0.1208 - accuracy: 0.9658
44/86 [==============>...............] - ETA: 7s - loss: 0.1208 - accuracy: 0.9651
45/86 [==============>...............] - ETA: 7s - loss: 0.1195 - accuracy: 0.9659
46/86 [===============>..............] - ETA: 7s - loss: 0.1185 - accuracy: 0.9660
47/86 [===============>..............] - ETA: 7s - loss: 0.1197 - accuracy: 0.9660
48/86 [===============>..............] - ETA: 7s - loss: 0.1204 - accuracy: 0.9661
49/86 [================>.............] - ETA: 6s - loss: 0.1217 - accuracy: 0.9655
50/86 [================>.............] - ETA: 6s - loss: 0.1209 - accuracy: 0.9656
51/86 [================>.............] - ETA: 6s - loss: 0.1234 - accuracy: 0.9650
52/86 [=================>............] - ETA: 6s - loss: 0.1240 - accuracy: 0.9639
53/86 [=================>............] - ETA: 6s - loss: 0.1242 - accuracy: 0.9640
54/86 [=================>............] - ETA: 5s - loss: 0.1237 - accuracy: 0.9641
55/86 [==================>...........] - ETA: 5s - loss: 0.1233 - accuracy: 0.9642
56/86 [==================>...........] - ETA: 5s - loss: 0.1240 - accuracy: 0.9637
57/86 [==================>...........] - ETA: 5s - loss: 0.1252 - accuracy: 0.9632
58/86 [===================>..........] - ETA: 5s - loss: 0.1275 - accuracy: 0.9622
59/86 [===================>..........] - ETA: 5s - loss: 0.1263 - accuracy: 0.9629
60/86 [===================>..........] - ETA: 4s - loss: 0.1261 - accuracy: 0.9630
61/86 [====================>.........] - ETA: 4s - loss: 0.1244 - accuracy: 0.9636
62/86 [====================>.........] - ETA: 4s - loss: 0.1252 - accuracy: 0.9632
63/86 [====================>.........] - ETA: 4s - loss: 0.1245 - accuracy: 0.9638
64/86 [=====================>........] - ETA: 4s - loss: 0.1250 - accuracy: 0.9629
65/86 [=====================>........] - ETA: 3s - loss: 0.1244 - accuracy: 0.9629
66/86 [======================>.......] - ETA: 3s - loss: 0.1241 - accuracy: 0.9630
67/86 [======================>.......] - ETA: 3s - loss: 0.1241 - accuracy: 0.9636
68/86 [======================>.......] - ETA: 3s - loss: 0.1241 - accuracy: 0.9632
69/86 [=======================>......] - ETA: 3s - loss: 0.1242 - accuracy: 0.9628
70/86 [=======================>......] - ETA: 2s - loss: 0.1252 - accuracy: 0.9616
71/86 [=======================>......] - ETA: 2s - loss: 0.1245 - accuracy: 0.9621
72/86 [========================>.....] - ETA: 2s - loss: 0.1243 - accuracy: 0.9622
73/86 [========================>.....] - ETA: 2s - loss: 0.1263 - accuracy: 0.9619
74/86 [========================>.....] - ETA: 2s - loss: 0.1280 - accuracy: 0.9611
75/86 [=========================>....] - ETA: 2s - loss: 0.1274 - accuracy: 0.9616
76/86 [=========================>....] - ETA: 1s - loss: 0.1287 - accuracy: 0.9609
77/86 [=========================>....] - ETA: 1s - loss: 0.1302 - accuracy: 0.9602
78/86 [==========================>...] - ETA: 1s - loss: 0.1313 - accuracy: 0.9595
79/86 [==========================>...] - ETA: 1s - loss: 0.1342 - accuracy: 0.9576
80/86 [==========================>...] - ETA: 1s - loss: 0.1368 - accuracy: 0.9570
81/86 [===========================>..] - ETA: 0s - loss: 0.1368 - accuracy: 0.9568
82/86 [===========================>..] - ETA: 0s - loss: 0.1364 - accuracy: 0.9573
83/86 [===========================>..] - ETA: 0s - loss: 0.1352 - accuracy: 0.9578
84/86 [============================>.] - ETA: 0s - loss: 0.1342 - accuracy: 0.9583
85/86 [============================>.] - ETA: 0s - loss: 0.1337 - accuracy: 0.9584
86/86 [==============================] - 21s 245ms/step - loss: 0.1329 - accuracy: 0.9589 - val_loss: 0.4585 - val_accuracy: 0.7783
Epoch 5/10

 1/86 [..............................] - ETA: 15s - loss: 0.0549 - accuracy: 1.0000
 2/86 [..............................] - ETA: 15s - loss: 0.0819 - accuracy: 0.9844
 3/86 [>.............................] - ETA: 14s - loss: 0.0657 - accuracy: 0.9896
 4/86 [>.............................] - ETA: 14s - loss: 0.0689 - accuracy: 0.9844
 5/86 [>.............................] - ETA: 14s - loss: 0.0772 - accuracy: 0.9812
 6/86 [=>............................] - ETA: 14s - loss: 0.0727 - accuracy: 0.9844
 7/86 [=>............................] - ETA: 14s - loss: 0.0654 - accuracy: 0.9866
 8/86 [=>............................] - ETA: 14s - loss: 0.0638 - accuracy: 0.9883
 9/86 [==>...........................] - ETA: 13s - loss: 0.0625 - accuracy: 0.9896
10/86 [==>...........................] - ETA: 13s - loss: 0.0579 - accuracy: 0.9906
11/86 [==>...........................] - ETA: 13s - loss: 0.0549 - accuracy: 0.9915
12/86 [===>..........................] - ETA: 13s - loss: 0.0565 - accuracy: 0.9896
13/86 [===>..........................] - ETA: 13s - loss: 0.0548 - accuracy: 0.9904
14/86 [===>..........................] - ETA: 13s - loss: 0.0539 - accuracy: 0.9911
15/86 [====>.........................] - ETA: 13s - loss: 0.0529 - accuracy: 0.9917
16/86 [====>.........................] - ETA: 12s - loss: 0.0512 - accuracy: 0.9922
17/86 [====>.........................] - ETA: 12s - loss: 0.0533 - accuracy: 0.9926
18/86 [=====>........................] - ETA: 12s - loss: 0.0519 - accuracy: 0.9931
19/86 [=====>........................] - ETA: 12s - loss: 0.0502 - accuracy: 0.9934
20/86 [=====>........................] - ETA: 12s - loss: 0.0494 - accuracy: 0.9937
21/86 [======>.......................] - ETA: 11s - loss: 0.0483 - accuracy: 0.9940
22/86 [======>.......................] - ETA: 11s - loss: 0.0486 - accuracy: 0.9943
23/86 [=======>......................] - ETA: 11s - loss: 0.0494 - accuracy: 0.9932
24/86 [=======>......................] - ETA: 11s - loss: 0.0500 - accuracy: 0.9922
25/86 [=======>......................] - ETA: 11s - loss: 0.0500 - accuracy: 0.9925
26/86 [========>.....................] - ETA: 11s - loss: 0.0488 - accuracy: 0.9928
27/86 [========>.....................] - ETA: 10s - loss: 0.0488 - accuracy: 0.9931
28/86 [========>.....................] - ETA: 10s - loss: 0.0515 - accuracy: 0.9911
29/86 [=========>....................] - ETA: 10s - loss: 0.0535 - accuracy: 0.9903
30/86 [=========>....................] - ETA: 10s - loss: 0.0530 - accuracy: 0.9906
31/86 [=========>....................] - ETA: 10s - loss: 0.0523 - accuracy: 0.9909
32/86 [==========>...................] - ETA: 9s - loss: 0.0515 - accuracy: 0.9912 
33/86 [==========>...................] - ETA: 9s - loss: 0.0529 - accuracy: 0.9905
34/86 [==========>...................] - ETA: 9s - loss: 0.0550 - accuracy: 0.9899
35/86 [===========>..................] - ETA: 9s - loss: 0.0550 - accuracy: 0.9902
36/86 [===========>..................] - ETA: 9s - loss: 0.0565 - accuracy: 0.9896
37/86 [===========>..................] - ETA: 8s - loss: 0.0573 - accuracy: 0.9899
38/86 [============>.................] - ETA: 8s - loss: 0.0584 - accuracy: 0.9893
39/86 [============>.................] - ETA: 8s - loss: 0.0604 - accuracy: 0.9872
40/86 [============>.................] - ETA: 8s - loss: 0.0608 - accuracy: 0.9867
41/86 [=============>................] - ETA: 8s - loss: 0.0624 - accuracy: 0.9855
42/86 [=============>................] - ETA: 8s - loss: 0.0625 - accuracy: 0.9851
43/86 [==============>...............] - ETA: 7s - loss: 0.0621 - accuracy: 0.9855
44/86 [==============>...............] - ETA: 7s - loss: 0.0631 - accuracy: 0.9851
45/86 [==============>...............] - ETA: 7s - loss: 0.0634 - accuracy: 0.9847
46/86 [===============>..............] - ETA: 7s - loss: 0.0628 - accuracy: 0.9851
47/86 [===============>..............] - ETA: 7s - loss: 0.0619 - accuracy: 0.9854
48/86 [===============>..............] - ETA: 6s - loss: 0.0612 - accuracy: 0.9857
49/86 [================>.............] - ETA: 6s - loss: 0.0604 - accuracy: 0.9860
50/86 [================>.............] - ETA: 6s - loss: 0.0604 - accuracy: 0.9856
51/86 [================>.............] - ETA: 6s - loss: 0.0609 - accuracy: 0.9847
52/86 [=================>............] - ETA: 6s - loss: 0.0611 - accuracy: 0.9850
53/86 [=================>............] - ETA: 6s - loss: 0.0603 - accuracy: 0.9853
54/86 [=================>............] - ETA: 5s - loss: 0.0594 - accuracy: 0.9855
55/86 [==================>...........] - ETA: 5s - loss: 0.0606 - accuracy: 0.9852
56/86 [==================>...........] - ETA: 5s - loss: 0.0605 - accuracy: 0.9855
57/86 [==================>...........] - ETA: 5s - loss: 0.0598 - accuracy: 0.9857
58/86 [===================>..........] - ETA: 5s - loss: 0.0591 - accuracy: 0.9860
59/86 [===================>..........] - ETA: 4s - loss: 0.0600 - accuracy: 0.9857
60/86 [===================>..........] - ETA: 4s - loss: 0.0603 - accuracy: 0.9859
61/86 [====================>.........] - ETA: 4s - loss: 0.0605 - accuracy: 0.9862
62/86 [====================>.........] - ETA: 4s - loss: 0.0612 - accuracy: 0.9859
63/86 [====================>.........] - ETA: 4s - loss: 0.0615 - accuracy: 0.9856
64/86 [=====================>........] - ETA: 4s - loss: 0.0610 - accuracy: 0.9858
65/86 [=====================>........] - ETA: 3s - loss: 0.0607 - accuracy: 0.9860
66/86 [======================>.......] - ETA: 3s - loss: 0.0602 - accuracy: 0.9863
67/86 [======================>.......] - ETA: 3s - loss: 0.0597 - accuracy: 0.9865
68/86 [======================>.......] - ETA: 3s - loss: 0.0595 - accuracy: 0.9867
69/86 [=======================>......] - ETA: 3s - loss: 0.0602 - accuracy: 0.9864
70/86 [=======================>......] - ETA: 2s - loss: 0.0609 - accuracy: 0.9861
71/86 [=======================>......] - ETA: 2s - loss: 0.0605 - accuracy: 0.9863
72/86 [========================>.....] - ETA: 2s - loss: 0.0603 - accuracy: 0.9865
73/86 [========================>.....] - ETA: 2s - loss: 0.0601 - accuracy: 0.9867
74/86 [========================>.....] - ETA: 2s - loss: 0.0615 - accuracy: 0.9861
75/86 [=========================>....] - ETA: 2s - loss: 0.0613 - accuracy: 0.9858
76/86 [=========================>....] - ETA: 1s - loss: 0.0611 - accuracy: 0.9860
77/86 [=========================>....] - ETA: 1s - loss: 0.0624 - accuracy: 0.9854
78/86 [==========================>...] - ETA: 1s - loss: 0.0629 - accuracy: 0.9852
79/86 [==========================>...] - ETA: 1s - loss: 0.0631 - accuracy: 0.9854
80/86 [==========================>...] - ETA: 1s - loss: 0.0627 - accuracy: 0.9855
81/86 [===========================>..] - ETA: 0s - loss: 0.0629 - accuracy: 0.9853
82/86 [===========================>..] - ETA: 0s - loss: 0.0644 - accuracy: 0.9851
83/86 [===========================>..] - ETA: 0s - loss: 0.0646 - accuracy: 0.9849
84/86 [============================>.] - ETA: 0s - loss: 0.0651 - accuracy: 0.9844
85/86 [============================>.] - ETA: 0s - loss: 0.0646 - accuracy: 0.9845
86/86 [==============================] - 21s 243ms/step - loss: 0.0644 - accuracy: 0.9844 - val_loss: 0.3723 - val_accuracy: 0.7870
Epoch 6/10

 1/86 [..............................] - ETA: 15s - loss: 0.0371 - accuracy: 1.0000
 2/86 [..............................] - ETA: 15s - loss: 0.0330 - accuracy: 1.0000
 3/86 [>.............................] - ETA: 14s - loss: 0.0332 - accuracy: 1.0000
 4/86 [>.............................] - ETA: 14s - loss: 0.0297 - accuracy: 1.0000
 5/86 [>.............................] - ETA: 14s - loss: 0.0314 - accuracy: 1.0000
 6/86 [=>............................] - ETA: 14s - loss: 0.0354 - accuracy: 0.9948
 7/86 [=>............................] - ETA: 14s - loss: 0.0334 - accuracy: 0.9955
 8/86 [=>............................] - ETA: 14s - loss: 0.0312 - accuracy: 0.9961
 9/86 [==>...........................] - ETA: 14s - loss: 0.0302 - accuracy: 0.9965
10/86 [==>...........................] - ETA: 13s - loss: 0.0305 - accuracy: 0.9969
11/86 [==>...........................] - ETA: 13s - loss: 0.0299 - accuracy: 0.9972
12/86 [===>..........................] - ETA: 13s - loss: 0.0311 - accuracy: 0.9974
13/86 [===>..........................] - ETA: 13s - loss: 0.0317 - accuracy: 0.9976
14/86 [===>..........................] - ETA: 13s - loss: 0.0303 - accuracy: 0.9978
15/86 [====>.........................] - ETA: 13s - loss: 0.0301 - accuracy: 0.9979
16/86 [====>.........................] - ETA: 12s - loss: 0.0297 - accuracy: 0.9980
17/86 [====>.........................] - ETA: 12s - loss: 0.0303 - accuracy: 0.9982
18/86 [=====>........................] - ETA: 12s - loss: 0.0298 - accuracy: 0.9983
19/86 [=====>........................] - ETA: 12s - loss: 0.0289 - accuracy: 0.9984
20/86 [=====>........................] - ETA: 12s - loss: 0.0279 - accuracy: 0.9984
21/86 [======>.......................] - ETA: 11s - loss: 0.0277 - accuracy: 0.9985
22/86 [======>.......................] - ETA: 11s - loss: 0.0273 - accuracy: 0.9986
23/86 [=======>......................] - ETA: 11s - loss: 0.0271 - accuracy: 0.9986
24/86 [=======>......................] - ETA: 11s - loss: 0.0266 - accuracy: 0.9987
25/86 [=======>......................] - ETA: 11s - loss: 0.0266 - accuracy: 0.9987
26/86 [========>.....................] - ETA: 11s - loss: 0.0269 - accuracy: 0.9988
27/86 [========>.....................] - ETA: 10s - loss: 0.0274 - accuracy: 0.9988
28/86 [========>.....................] - ETA: 10s - loss: 0.0269 - accuracy: 0.9989
29/86 [=========>....................] - ETA: 10s - loss: 0.0271 - accuracy: 0.9989
30/86 [=========>....................] - ETA: 10s - loss: 0.0268 - accuracy: 0.9990
31/86 [=========>....................] - ETA: 10s - loss: 0.0265 - accuracy: 0.9990
32/86 [==========>...................] - ETA: 9s - loss: 0.0277 - accuracy: 0.9990 
33/86 [==========>...................] - ETA: 9s - loss: 0.0278 - accuracy: 0.9991
34/86 [==========>...................] - ETA: 9s - loss: 0.0278 - accuracy: 0.9991
35/86 [===========>..................] - ETA: 9s - loss: 0.0272 - accuracy: 0.9991
36/86 [===========>..................] - ETA: 9s - loss: 0.0267 - accuracy: 0.9991
37/86 [===========>..................] - ETA: 9s - loss: 0.0266 - accuracy: 0.9992
38/86 [============>.................] - ETA: 8s - loss: 0.0265 - accuracy: 0.9992
39/86 [============>.................] - ETA: 8s - loss: 0.0261 - accuracy: 0.9992
40/86 [============>.................] - ETA: 8s - loss: 0.0261 - accuracy: 0.9992
41/86 [=============>................] - ETA: 8s - loss: 0.0256 - accuracy: 0.9992
42/86 [=============>................] - ETA: 8s - loss: 0.0256 - accuracy: 0.9993
43/86 [==============>...............] - ETA: 7s - loss: 0.0256 - accuracy: 0.9993
44/86 [==============>...............] - ETA: 7s - loss: 0.0254 - accuracy: 0.9993
45/86 [==============>...............] - ETA: 7s - loss: 0.0257 - accuracy: 0.9993
46/86 [===============>..............] - ETA: 7s - loss: 0.0258 - accuracy: 0.9993
47/86 [===============>..............] - ETA: 7s - loss: 0.0257 - accuracy: 0.9993
48/86 [===============>..............] - ETA: 7s - loss: 0.0262 - accuracy: 0.9987
49/86 [================>.............] - ETA: 6s - loss: 0.0264 - accuracy: 0.9987
50/86 [================>.............] - ETA: 6s - loss: 0.0282 - accuracy: 0.9981
51/86 [================>.............] - ETA: 6s - loss: 0.0286 - accuracy: 0.9975
52/86 [=================>............] - ETA: 6s - loss: 0.0284 - accuracy: 0.9976
53/86 [=================>............] - ETA: 6s - loss: 0.0284 - accuracy: 0.9976
54/86 [=================>............] - ETA: 5s - loss: 0.0280 - accuracy: 0.9977
55/86 [==================>...........] - ETA: 5s - loss: 0.0282 - accuracy: 0.9977
56/86 [==================>...........] - ETA: 5s - loss: 0.0281 - accuracy: 0.9978
57/86 [==================>...........] - ETA: 5s - loss: 0.0278 - accuracy: 0.9978
58/86 [===================>..........] - ETA: 5s - loss: 0.0276 - accuracy: 0.9978
59/86 [===================>..........] - ETA: 5s - loss: 0.0276 - accuracy: 0.9979
60/86 [===================>..........] - ETA: 4s - loss: 0.0273 - accuracy: 0.9979
61/86 [====================>.........] - ETA: 4s - loss: 0.0271 - accuracy: 0.9979
62/86 [====================>.........] - ETA: 4s - loss: 0.0269 - accuracy: 0.9980
63/86 [====================>.........] - ETA: 4s - loss: 0.0269 - accuracy: 0.9980
64/86 [=====================>........] - ETA: 4s - loss: 0.0267 - accuracy: 0.9980
65/86 [=====================>........] - ETA: 3s - loss: 0.0265 - accuracy: 0.9981
66/86 [======================>.......] - ETA: 3s - loss: 0.0268 - accuracy: 0.9981
67/86 [======================>.......] - ETA: 3s - loss: 0.0266 - accuracy: 0.9981
68/86 [======================>.......] - ETA: 3s - loss: 0.0266 - accuracy: 0.9982
69/86 [=======================>......] - ETA: 3s - loss: 0.0265 - accuracy: 0.9982
70/86 [=======================>......] - ETA: 2s - loss: 0.0270 - accuracy: 0.9982
71/86 [=======================>......] - ETA: 2s - loss: 0.0273 - accuracy: 0.9978
72/86 [========================>.....] - ETA: 2s - loss: 0.0280 - accuracy: 0.9974
73/86 [========================>.....] - ETA: 2s - loss: 0.0279 - accuracy: 0.9974
74/86 [========================>.....] - ETA: 2s - loss: 0.0283 - accuracy: 0.9970
75/86 [=========================>....] - ETA: 2s - loss: 0.0289 - accuracy: 0.9967
76/86 [=========================>....] - ETA: 1s - loss: 0.0289 - accuracy: 0.9967
77/86 [=========================>....] - ETA: 1s - loss: 0.0287 - accuracy: 0.9968
78/86 [==========================>...] - ETA: 1s - loss: 0.0287 - accuracy: 0.9968
79/86 [==========================>...] - ETA: 1s - loss: 0.0285 - accuracy: 0.9968
80/86 [==========================>...] - ETA: 1s - loss: 0.0284 - accuracy: 0.9969
81/86 [===========================>..] - ETA: 0s - loss: 0.0283 - accuracy: 0.9969
82/86 [===========================>..] - ETA: 0s - loss: 0.0297 - accuracy: 0.9966
83/86 [===========================>..] - ETA: 0s - loss: 0.0298 - accuracy: 0.9966
84/86 [============================>.] - ETA: 0s - loss: 0.0297 - accuracy: 0.9966
85/86 [============================>.] - ETA: 0s - loss: 0.0294 - accuracy: 0.9967
86/86 [==============================] - 21s 245ms/step - loss: 0.0303 - accuracy: 0.9964 - val_loss: 1.0673 - val_accuracy: 0.7717
Epoch 7/10

 1/86 [..............................] - ETA: 15s - loss: 0.0202 - accuracy: 1.0000
 2/86 [..............................] - ETA: 15s - loss: 0.0421 - accuracy: 0.9844
 3/86 [>.............................] - ETA: 15s - loss: 0.0365 - accuracy: 0.9896
 4/86 [>.............................] - ETA: 14s - loss: 0.0316 - accuracy: 0.9922
 5/86 [>.............................] - ETA: 14s - loss: 0.0292 - accuracy: 0.9937
 6/86 [=>............................] - ETA: 14s - loss: 0.0266 - accuracy: 0.9948
 7/86 [=>............................] - ETA: 14s - loss: 0.0241 - accuracy: 0.9955
 8/86 [=>............................] - ETA: 14s - loss: 0.0221 - accuracy: 0.9961
 9/86 [==>...........................] - ETA: 14s - loss: 0.0216 - accuracy: 0.9965
10/86 [==>...........................] - ETA: 14s - loss: 0.0201 - accuracy: 0.9969
11/86 [==>...........................] - ETA: 13s - loss: 0.0193 - accuracy: 0.9972
12/86 [===>..........................] - ETA: 13s - loss: 0.0188 - accuracy: 0.9974
13/86 [===>..........................] - ETA: 13s - loss: 0.0181 - accuracy: 0.9976
14/86 [===>..........................] - ETA: 13s - loss: 0.0176 - accuracy: 0.9978
15/86 [====>.........................] - ETA: 13s - loss: 0.0181 - accuracy: 0.9979
16/86 [====>.........................] - ETA: 12s - loss: 0.0173 - accuracy: 0.9980
17/86 [====>.........................] - ETA: 12s - loss: 0.0166 - accuracy: 0.9982
18/86 [=====>........................] - ETA: 12s - loss: 0.0166 - accuracy: 0.9983
19/86 [=====>........................] - ETA: 12s - loss: 0.0163 - accuracy: 0.9984
20/86 [=====>........................] - ETA: 12s - loss: 0.0158 - accuracy: 0.9984
21/86 [======>.......................] - ETA: 12s - loss: 0.0203 - accuracy: 0.9970
22/86 [======>.......................] - ETA: 11s - loss: 0.0215 - accuracy: 0.9972
23/86 [=======>......................] - ETA: 11s - loss: 0.0224 - accuracy: 0.9973
24/86 [=======>......................] - ETA: 11s - loss: 0.0222 - accuracy: 0.9974
25/86 [=======>......................] - ETA: 11s - loss: 0.0224 - accuracy: 0.9975
26/86 [========>.....................] - ETA: 11s - loss: 0.0222 - accuracy: 0.9976
27/86 [========>.....................] - ETA: 11s - loss: 0.0219 - accuracy: 0.9977
28/86 [========>.....................] - ETA: 10s - loss: 0.0269 - accuracy: 0.9966
29/86 [=========>....................] - ETA: 10s - loss: 0.0264 - accuracy: 0.9968
30/86 [=========>....................] - ETA: 10s - loss: 0.0260 - accuracy: 0.9969
31/86 [=========>....................] - ETA: 10s - loss: 0.0255 - accuracy: 0.9970
32/86 [==========>...................] - ETA: 10s - loss: 0.0252 - accuracy: 0.9971
33/86 [==========>...................] - ETA: 9s - loss: 0.0251 - accuracy: 0.9972 
34/86 [==========>...................] - ETA: 9s - loss: 0.0248 - accuracy: 0.9972
35/86 [===========>..................] - ETA: 9s - loss: 0.0244 - accuracy: 0.9973
36/86 [===========>..................] - ETA: 9s - loss: 0.0240 - accuracy: 0.9974
37/86 [===========>..................] - ETA: 9s - loss: 0.0238 - accuracy: 0.9975
38/86 [============>.................] - ETA: 8s - loss: 0.0236 - accuracy: 0.9975
39/86 [============>.................] - ETA: 8s - loss: 0.0234 - accuracy: 0.9976
40/86 [============>.................] - ETA: 8s - loss: 0.0234 - accuracy: 0.9977
41/86 [=============>................] - ETA: 8s - loss: 0.0232 - accuracy: 0.9977
42/86 [=============>................] - ETA: 8s - loss: 0.0230 - accuracy: 0.9978
43/86 [==============>...............] - ETA: 7s - loss: 0.0226 - accuracy: 0.9978
44/86 [==============>...............] - ETA: 7s - loss: 0.0224 - accuracy: 0.9979
45/86 [==============>...............] - ETA: 7s - loss: 0.0223 - accuracy: 0.9979
46/86 [===============>..............] - ETA: 7s - loss: 0.0223 - accuracy: 0.9980
47/86 [===============>..............] - ETA: 7s - loss: 0.0221 - accuracy: 0.9980
48/86 [===============>..............] - ETA: 7s - loss: 0.0220 - accuracy: 0.9980
49/86 [================>.............] - ETA: 6s - loss: 0.0218 - accuracy: 0.9981
50/86 [================>.............] - ETA: 6s - loss: 0.0217 - accuracy: 0.9981
51/86 [================>.............] - ETA: 6s - loss: 0.0215 - accuracy: 0.9982
52/86 [=================>............] - ETA: 6s - loss: 0.0214 - accuracy: 0.9982
53/86 [=================>............] - ETA: 6s - loss: 0.0213 - accuracy: 0.9982
54/86 [=================>............] - ETA: 5s - loss: 0.0212 - accuracy: 0.9983
55/86 [==================>...........] - ETA: 5s - loss: 0.0210 - accuracy: 0.9983
56/86 [==================>...........] - ETA: 5s - loss: 0.0208 - accuracy: 0.9983
57/86 [==================>...........] - ETA: 5s - loss: 0.0206 - accuracy: 0.9984
58/86 [===================>..........] - ETA: 5s - loss: 0.0204 - accuracy: 0.9984
59/86 [===================>..........] - ETA: 5s - loss: 0.0203 - accuracy: 0.9984
60/86 [===================>..........] - ETA: 4s - loss: 0.0202 - accuracy: 0.9984
61/86 [====================>.........] - ETA: 4s - loss: 0.0199 - accuracy: 0.9985
62/86 [====================>.........] - ETA: 4s - loss: 0.0199 - accuracy: 0.9985
63/86 [====================>.........] - ETA: 4s - loss: 0.0199 - accuracy: 0.9985
64/86 [=====================>........] - ETA: 4s - loss: 0.0198 - accuracy: 0.9985
65/86 [=====================>........] - ETA: 3s - loss: 0.0197 - accuracy: 0.9986
66/86 [======================>.......] - ETA: 3s - loss: 0.0196 - accuracy: 0.9986
67/86 [======================>.......] - ETA: 3s - loss: 0.0195 - accuracy: 0.9986
68/86 [======================>.......] - ETA: 3s - loss: 0.0194 - accuracy: 0.9986
69/86 [=======================>......] - ETA: 3s - loss: 0.0193 - accuracy: 0.9986
70/86 [=======================>......] - ETA: 2s - loss: 0.0192 - accuracy: 0.9987
71/86 [=======================>......] - ETA: 2s - loss: 0.0191 - accuracy: 0.9987
72/86 [========================>.....] - ETA: 2s - loss: 0.0190 - accuracy: 0.9987
73/86 [========================>.....] - ETA: 2s - loss: 0.0188 - accuracy: 0.9987
74/86 [========================>.....] - ETA: 2s - loss: 0.0187 - accuracy: 0.9987
75/86 [=========================>....] - ETA: 2s - loss: 0.0186 - accuracy: 0.9987
76/86 [=========================>....] - ETA: 1s - loss: 0.0186 - accuracy: 0.9988
77/86 [=========================>....] - ETA: 1s - loss: 0.0185 - accuracy: 0.9988
78/86 [==========================>...] - ETA: 1s - loss: 0.0184 - accuracy: 0.9988
79/86 [==========================>...] - ETA: 1s - loss: 0.0182 - accuracy: 0.9988
80/86 [==========================>...] - ETA: 1s - loss: 0.0181 - accuracy: 0.9988
81/86 [===========================>..] - ETA: 0s - loss: 0.0181 - accuracy: 0.9988
82/86 [===========================>..] - ETA: 0s - loss: 0.0180 - accuracy: 0.9989
83/86 [===========================>..] - ETA: 0s - loss: 0.0178 - accuracy: 0.9989
84/86 [============================>.] - ETA: 0s - loss: 0.0178 - accuracy: 0.9989
85/86 [============================>.] - ETA: 0s - loss: 0.0178 - accuracy: 0.9989
86/86 [==============================] - 21s 246ms/step - loss: 0.0178 - accuracy: 0.9989 - val_loss: 0.3287 - val_accuracy: 0.8065
Epoch 8/10

 1/86 [..............................] - ETA: 16s - loss: 0.0097 - accuracy: 1.0000
 2/86 [..............................] - ETA: 16s - loss: 0.0104 - accuracy: 1.0000
 3/86 [>.............................] - ETA: 15s - loss: 0.0097 - accuracy: 1.0000
 4/86 [>.............................] - ETA: 15s - loss: 0.0104 - accuracy: 1.0000
 5/86 [>.............................] - ETA: 15s - loss: 0.0093 - accuracy: 1.0000
 6/86 [=>............................] - ETA: 14s - loss: 0.0085 - accuracy: 1.0000
 7/86 [=>............................] - ETA: 14s - loss: 0.0086 - accuracy: 1.0000
 8/86 [=>............................] - ETA: 14s - loss: 0.0084 - accuracy: 1.0000
 9/86 [==>...........................] - ETA: 14s - loss: 0.0089 - accuracy: 1.0000
10/86 [==>...........................] - ETA: 14s - loss: 0.0091 - accuracy: 1.0000
11/86 [==>...........................] - ETA: 13s - loss: 0.0088 - accuracy: 1.0000
12/86 [===>..........................] - ETA: 13s - loss: 0.0086 - accuracy: 1.0000
13/86 [===>..........................] - ETA: 13s - loss: 0.0083 - accuracy: 1.0000
14/86 [===>..........................] - ETA: 13s - loss: 0.0084 - accuracy: 1.0000
15/86 [====>.........................] - ETA: 13s - loss: 0.0085 - accuracy: 1.0000
16/86 [====>.........................] - ETA: 13s - loss: 0.0084 - accuracy: 1.0000
17/86 [====>.........................] - ETA: 12s - loss: 0.0081 - accuracy: 1.0000
18/86 [=====>........................] - ETA: 12s - loss: 0.0082 - accuracy: 1.0000
19/86 [=====>........................] - ETA: 12s - loss: 0.0080 - accuracy: 1.0000
20/86 [=====>........................] - ETA: 12s - loss: 0.0080 - accuracy: 1.0000
21/86 [======>.......................] - ETA: 12s - loss: 0.0079 - accuracy: 1.0000
22/86 [======>.......................] - ETA: 11s - loss: 0.0077 - accuracy: 1.0000
23/86 [=======>......................] - ETA: 11s - loss: 0.0077 - accuracy: 1.0000
24/86 [=======>......................] - ETA: 11s - loss: 0.0076 - accuracy: 1.0000
25/86 [=======>......................] - ETA: 11s - loss: 0.0077 - accuracy: 1.0000
26/86 [========>.....................] - ETA: 11s - loss: 0.0076 - accuracy: 1.0000
27/86 [========>.....................] - ETA: 10s - loss: 0.0080 - accuracy: 1.0000
28/86 [========>.....................] - ETA: 10s - loss: 0.0080 - accuracy: 1.0000
29/86 [=========>....................] - ETA: 10s - loss: 0.0080 - accuracy: 1.0000
30/86 [=========>....................] - ETA: 10s - loss: 0.0079 - accuracy: 1.0000
31/86 [=========>....................] - ETA: 10s - loss: 0.0079 - accuracy: 1.0000
32/86 [==========>...................] - ETA: 10s - loss: 0.0079 - accuracy: 1.0000
33/86 [==========>...................] - ETA: 9s - loss: 0.0079 - accuracy: 1.0000 
34/86 [==========>...................] - ETA: 9s - loss: 0.0078 - accuracy: 1.0000
35/86 [===========>..................] - ETA: 9s - loss: 0.0079 - accuracy: 1.0000
36/86 [===========>..................] - ETA: 9s - loss: 0.0077 - accuracy: 1.0000
37/86 [===========>..................] - ETA: 9s - loss: 0.0078 - accuracy: 1.0000
38/86 [============>.................] - ETA: 8s - loss: 0.0080 - accuracy: 1.0000
39/86 [============>.................] - ETA: 8s - loss: 0.0080 - accuracy: 1.0000
40/86 [============>.................] - ETA: 8s - loss: 0.0080 - accuracy: 1.0000
41/86 [=============>................] - ETA: 8s - loss: 0.0080 - accuracy: 1.0000
42/86 [=============>................] - ETA: 8s - loss: 0.0083 - accuracy: 1.0000
43/86 [==============>...............] - ETA: 7s - loss: 0.0083 - accuracy: 1.0000
44/86 [==============>...............] - ETA: 7s - loss: 0.0085 - accuracy: 1.0000
45/86 [==============>...............] - ETA: 7s - loss: 0.0084 - accuracy: 1.0000
46/86 [===============>..............] - ETA: 7s - loss: 0.0085 - accuracy: 1.0000
47/86 [===============>..............] - ETA: 7s - loss: 0.0083 - accuracy: 1.0000
48/86 [===============>..............] - ETA: 7s - loss: 0.0083 - accuracy: 1.0000
49/86 [================>.............] - ETA: 6s - loss: 0.0082 - accuracy: 1.0000
50/86 [================>.............] - ETA: 6s - loss: 0.0081 - accuracy: 1.0000
51/86 [================>.............] - ETA: 6s - loss: 0.0081 - accuracy: 1.0000
52/86 [=================>............] - ETA: 6s - loss: 0.0080 - accuracy: 1.0000
53/86 [=================>............] - ETA: 6s - loss: 0.0080 - accuracy: 1.0000
54/86 [=================>............] - ETA: 5s - loss: 0.0080 - accuracy: 1.0000
55/86 [==================>...........] - ETA: 5s - loss: 0.0081 - accuracy: 1.0000
56/86 [==================>...........] - ETA: 5s - loss: 0.0080 - accuracy: 1.0000
57/86 [==================>...........] - ETA: 5s - loss: 0.0080 - accuracy: 1.0000
58/86 [===================>..........] - ETA: 5s - loss: 0.0080 - accuracy: 1.0000
59/86 [===================>..........] - ETA: 4s - loss: 0.0080 - accuracy: 1.0000
60/86 [===================>..........] - ETA: 4s - loss: 0.0080 - accuracy: 1.0000
61/86 [====================>.........] - ETA: 4s - loss: 0.0079 - accuracy: 1.0000
62/86 [====================>.........] - ETA: 4s - loss: 0.0079 - accuracy: 1.0000
63/86 [====================>.........] - ETA: 4s - loss: 0.0078 - accuracy: 1.0000
64/86 [=====================>........] - ETA: 4s - loss: 0.0078 - accuracy: 1.0000
65/86 [=====================>........] - ETA: 3s - loss: 0.0093 - accuracy: 0.9995
66/86 [======================>.......] - ETA: 3s - loss: 0.0097 - accuracy: 0.9995
67/86 [======================>.......] - ETA: 3s - loss: 0.0097 - accuracy: 0.9995
68/86 [======================>.......] - ETA: 3s - loss: 0.0097 - accuracy: 0.9995
69/86 [=======================>......] - ETA: 3s - loss: 0.0097 - accuracy: 0.9995
70/86 [=======================>......] - ETA: 2s - loss: 0.0097 - accuracy: 0.9996
71/86 [=======================>......] - ETA: 2s - loss: 0.0096 - accuracy: 0.9996
72/86 [========================>.....] - ETA: 2s - loss: 0.0096 - accuracy: 0.9996
73/86 [========================>.....] - ETA: 2s - loss: 0.0096 - accuracy: 0.9996
74/86 [========================>.....] - ETA: 2s - loss: 0.0095 - accuracy: 0.9996
75/86 [=========================>....] - ETA: 2s - loss: 0.0095 - accuracy: 0.9996
76/86 [=========================>....] - ETA: 1s - loss: 0.0096 - accuracy: 0.9996
77/86 [=========================>....] - ETA: 1s - loss: 0.0098 - accuracy: 0.9996
78/86 [==========================>...] - ETA: 1s - loss: 0.0098 - accuracy: 0.9996
79/86 [==========================>...] - ETA: 1s - loss: 0.0098 - accuracy: 0.9996
80/86 [==========================>...] - ETA: 1s - loss: 0.0099 - accuracy: 0.9996
81/86 [===========================>..] - ETA: 0s - loss: 0.0099 - accuracy: 0.9996
82/86 [===========================>..] - ETA: 0s - loss: 0.0100 - accuracy: 0.9996
83/86 [===========================>..] - ETA: 0s - loss: 0.0099 - accuracy: 0.9996
84/86 [============================>.] - ETA: 0s - loss: 0.0099 - accuracy: 0.9996
85/86 [============================>.] - ETA: 0s - loss: 0.0100 - accuracy: 0.9996
86/86 [==============================] - 21s 244ms/step - loss: 0.0099 - accuracy: 0.9996 - val_loss: 0.4362 - val_accuracy: 0.8098
Epoch 9/10

 1/86 [..............................] - ETA: 15s - loss: 0.0065 - accuracy: 1.0000
 2/86 [..............................] - ETA: 15s - loss: 0.0070 - accuracy: 1.0000
 3/86 [>.............................] - ETA: 14s - loss: 0.0057 - accuracy: 1.0000
 4/86 [>.............................] - ETA: 14s - loss: 0.0057 - accuracy: 1.0000
 5/86 [>.............................] - ETA: 14s - loss: 0.0055 - accuracy: 1.0000
 6/86 [=>............................] - ETA: 14s - loss: 0.0055 - accuracy: 1.0000
 7/86 [=>............................] - ETA: 14s - loss: 0.0060 - accuracy: 1.0000
 8/86 [=>............................] - ETA: 14s - loss: 0.0059 - accuracy: 1.0000
 9/86 [==>...........................] - ETA: 14s - loss: 0.0059 - accuracy: 1.0000
10/86 [==>...........................] - ETA: 13s - loss: 0.0056 - accuracy: 1.0000
11/86 [==>...........................] - ETA: 13s - loss: 0.0056 - accuracy: 1.0000
12/86 [===>..........................] - ETA: 13s - loss: 0.0058 - accuracy: 1.0000
13/86 [===>..........................] - ETA: 13s - loss: 0.0057 - accuracy: 1.0000
14/86 [===>..........................] - ETA: 13s - loss: 0.0056 - accuracy: 1.0000
15/86 [====>.........................] - ETA: 13s - loss: 0.0059 - accuracy: 1.0000
16/86 [====>.........................] - ETA: 12s - loss: 0.0057 - accuracy: 1.0000
17/86 [====>.........................] - ETA: 12s - loss: 0.0058 - accuracy: 1.0000
18/86 [=====>........................] - ETA: 12s - loss: 0.0058 - accuracy: 1.0000
19/86 [=====>........................] - ETA: 12s - loss: 0.0056 - accuracy: 1.0000
20/86 [=====>........................] - ETA: 12s - loss: 0.0057 - accuracy: 1.0000
21/86 [======>.......................] - ETA: 11s - loss: 0.0056 - accuracy: 1.0000
22/86 [======>.......................] - ETA: 11s - loss: 0.0055 - accuracy: 1.0000
23/86 [=======>......................] - ETA: 11s - loss: 0.0055 - accuracy: 1.0000
24/86 [=======>......................] - ETA: 11s - loss: 0.0057 - accuracy: 1.0000
25/86 [=======>......................] - ETA: 11s - loss: 0.0057 - accuracy: 1.0000
26/86 [========>.....................] - ETA: 11s - loss: 0.0056 - accuracy: 1.0000
27/86 [========>.....................] - ETA: 10s - loss: 0.0057 - accuracy: 1.0000
28/86 [========>.....................] - ETA: 10s - loss: 0.0056 - accuracy: 1.0000
29/86 [=========>....................] - ETA: 10s - loss: 0.0056 - accuracy: 1.0000
30/86 [=========>....................] - ETA: 10s - loss: 0.0056 - accuracy: 1.0000
31/86 [=========>....................] - ETA: 10s - loss: 0.0056 - accuracy: 1.0000
32/86 [==========>...................] - ETA: 9s - loss: 0.0055 - accuracy: 1.0000 
33/86 [==========>...................] - ETA: 9s - loss: 0.0055 - accuracy: 1.0000
34/86 [==========>...................] - ETA: 9s - loss: 0.0055 - accuracy: 1.0000
35/86 [===========>..................] - ETA: 9s - loss: 0.0055 - accuracy: 1.0000
36/86 [===========>..................] - ETA: 9s - loss: 0.0055 - accuracy: 1.0000
37/86 [===========>..................] - ETA: 9s - loss: 0.0055 - accuracy: 1.0000
38/86 [============>.................] - ETA: 8s - loss: 0.0112 - accuracy: 0.9992
39/86 [============>.................] - ETA: 8s - loss: 0.0121 - accuracy: 0.9984
40/86 [============>.................] - ETA: 8s - loss: 0.0121 - accuracy: 0.9984
41/86 [=============>................] - ETA: 8s - loss: 0.0119 - accuracy: 0.9985
42/86 [=============>................] - ETA: 8s - loss: 0.0118 - accuracy: 0.9985
43/86 [==============>...............] - ETA: 7s - loss: 0.0116 - accuracy: 0.9985
44/86 [==============>...............] - ETA: 7s - loss: 0.0148 - accuracy: 0.9979
45/86 [==============>...............] - ETA: 7s - loss: 0.0168 - accuracy: 0.9965
46/86 [===============>..............] - ETA: 7s - loss: 0.0251 - accuracy: 0.9946
47/86 [===============>..............] - ETA: 7s - loss: 0.0316 - accuracy: 0.9920
48/86 [===============>..............] - ETA: 7s - loss: 0.0523 - accuracy: 0.9863
49/86 [================>.............] - ETA: 6s - loss: 0.0791 - accuracy: 0.9809
50/86 [================>.............] - ETA: 6s - loss: 0.0901 - accuracy: 0.9781
51/86 [================>.............] - ETA: 6s - loss: 0.1102 - accuracy: 0.9724
52/86 [=================>............] - ETA: 6s - loss: 0.1350 - accuracy: 0.9669
53/86 [=================>............] - ETA: 6s - loss: 0.1444 - accuracy: 0.9652
54/86 [=================>............] - ETA: 5s - loss: 0.1443 - accuracy: 0.9647
55/86 [==================>...........] - ETA: 5s - loss: 0.1424 - accuracy: 0.9653
56/86 [==================>...........] - ETA: 5s - loss: 0.1405 - accuracy: 0.9659
57/86 [==================>...........] - ETA: 5s - loss: 0.1389 - accuracy: 0.9665
58/86 [===================>..........] - ETA: 5s - loss: 0.1377 - accuracy: 0.9671
59/86 [===================>..........] - ETA: 5s - loss: 0.1358 - accuracy: 0.9677
60/86 [===================>..........] - ETA: 4s - loss: 0.1349 - accuracy: 0.9682
61/86 [====================>.........] - ETA: 4s - loss: 0.1331 - accuracy: 0.9687
62/86 [====================>.........] - ETA: 4s - loss: 0.1323 - accuracy: 0.9687
63/86 [====================>.........] - ETA: 4s - loss: 0.1336 - accuracy: 0.9682
64/86 [=====================>........] - ETA: 4s - loss: 0.1333 - accuracy: 0.9682
65/86 [=====================>........] - ETA: 3s - loss: 0.1321 - accuracy: 0.9687
66/86 [======================>.......] - ETA: 3s - loss: 0.1307 - accuracy: 0.9692
67/86 [======================>.......] - ETA: 3s - loss: 0.1291 - accuracy: 0.9697
68/86 [======================>.......] - ETA: 3s - loss: 0.1277 - accuracy: 0.9701
69/86 [=======================>......] - ETA: 3s - loss: 0.1273 - accuracy: 0.9696
70/86 [=======================>......] - ETA: 2s - loss: 0.1260 - accuracy: 0.9701
71/86 [=======================>......] - ETA: 2s - loss: 0.1248 - accuracy: 0.9705
72/86 [========================>.....] - ETA: 2s - loss: 0.1238 - accuracy: 0.9709
73/86 [========================>.....] - ETA: 2s - loss: 0.1238 - accuracy: 0.9709
74/86 [========================>.....] - ETA: 2s - loss: 0.1244 - accuracy: 0.9704
75/86 [=========================>....] - ETA: 2s - loss: 0.1238 - accuracy: 0.9704
76/86 [=========================>....] - ETA: 1s - loss: 0.1228 - accuracy: 0.9708
77/86 [=========================>....] - ETA: 1s - loss: 0.1224 - accuracy: 0.9708
78/86 [==========================>...] - ETA: 1s - loss: 0.1221 - accuracy: 0.9703
79/86 [==========================>...] - ETA: 1s - loss: 0.1227 - accuracy: 0.9699
80/86 [==========================>...] - ETA: 1s - loss: 0.1251 - accuracy: 0.9687
81/86 [===========================>..] - ETA: 0s - loss: 0.1324 - accuracy: 0.9656
82/86 [===========================>..] - ETA: 0s - loss: 0.1503 - accuracy: 0.9626
83/86 [===========================>..] - ETA: 0s - loss: 0.1538 - accuracy: 0.9616
84/86 [============================>.] - ETA: 0s - loss: 0.1572 - accuracy: 0.9602
85/86 [============================>.] - ETA: 0s - loss: 0.1594 - accuracy: 0.9592
86/86 [==============================] - 21s 245ms/step - loss: 0.1584 - accuracy: 0.9596 - val_loss: 1.1178 - val_accuracy: 0.7674
Epoch 10/10

 1/86 [..............................] - ETA: 15s - loss: 0.0526 - accuracy: 1.0000
 2/86 [..............................] - ETA: 15s - loss: 0.0851 - accuracy: 0.9844
 3/86 [>.............................] - ETA: 15s - loss: 0.0828 - accuracy: 0.9896
 4/86 [>.............................] - ETA: 14s - loss: 0.0723 - accuracy: 0.9922
 5/86 [>.............................] - ETA: 14s - loss: 0.0862 - accuracy: 0.9812
 6/86 [=>............................] - ETA: 14s - loss: 0.0859 - accuracy: 0.9792
 7/86 [=>............................] - ETA: 14s - loss: 0.0924 - accuracy: 0.9777
 8/86 [=>............................] - ETA: 14s - loss: 0.0914 - accuracy: 0.9766
 9/86 [==>...........................] - ETA: 14s - loss: 0.0976 - accuracy: 0.9757
10/86 [==>...........................] - ETA: 13s - loss: 0.0915 - accuracy: 0.9781
11/86 [==>...........................] - ETA: 13s - loss: 0.0917 - accuracy: 0.9773
12/86 [===>..........................] - ETA: 13s - loss: 0.0872 - accuracy: 0.9791
13/86 [===>..........................] - ETA: 13s - loss: 0.0863 - accuracy: 0.9807
14/86 [===>..........................] - ETA: 13s - loss: 0.0837 - accuracy: 0.9821
15/86 [====>.........................] - ETA: 13s - loss: 0.0807 - accuracy: 0.9833
16/86 [====>.........................] - ETA: 12s - loss: 0.0765 - accuracy: 0.9843
17/86 [====>.........................] - ETA: 12s - loss: 0.0759 - accuracy: 0.9834
18/86 [=====>........................] - ETA: 12s - loss: 0.0752 - accuracy: 0.9826
19/86 [=====>........................] - ETA: 12s - loss: 0.0738 - accuracy: 0.9835
20/86 [=====>........................] - ETA: 12s - loss: 0.0721 - accuracy: 0.9843
21/86 [======>.......................] - ETA: 11s - loss: 0.0706 - accuracy: 0.9851
22/86 [======>.......................] - ETA: 11s - loss: 0.0708 - accuracy: 0.9843
23/86 [=======>......................] - ETA: 11s - loss: 0.0703 - accuracy: 0.9850
24/86 [=======>......................] - ETA: 11s - loss: 0.0680 - accuracy: 0.9856
25/86 [=======>......................] - ETA: 11s - loss: 0.0672 - accuracy: 0.9862
26/86 [========>.....................] - ETA: 11s - loss: 0.0663 - accuracy: 0.9867
27/86 [========>.....................] - ETA: 10s - loss: 0.0746 - accuracy: 0.9861
28/86 [========>.....................] - ETA: 10s - loss: 0.0758 - accuracy: 0.9843
29/86 [=========>....................] - ETA: 10s - loss: 0.0741 - accuracy: 0.9849
30/86 [=========>....................] - ETA: 10s - loss: 0.0741 - accuracy: 0.9843
31/86 [=========>....................] - ETA: 10s - loss: 0.0728 - accuracy: 0.9848
32/86 [==========>...................] - ETA: 9s - loss: 0.0730 - accuracy: 0.9853 
33/86 [==========>...................] - ETA: 9s - loss: 0.0717 - accuracy: 0.9858
34/86 [==========>...................] - ETA: 9s - loss: 0.0716 - accuracy: 0.9862
35/86 [===========>..................] - ETA: 9s - loss: 0.0719 - accuracy: 0.9857
36/86 [===========>..................] - ETA: 9s - loss: 0.0729 - accuracy: 0.9852
37/86 [===========>..................] - ETA: 9s - loss: 0.0721 - accuracy: 0.9848
38/86 [============>.................] - ETA: 8s - loss: 0.0744 - accuracy: 0.9843
39/86 [============>.................] - ETA: 8s - loss: 0.0756 - accuracy: 0.9831
40/86 [============>.................] - ETA: 8s - loss: 0.0766 - accuracy: 0.9820
41/86 [=============>................] - ETA: 8s - loss: 0.0760 - accuracy: 0.9824
42/86 [=============>................] - ETA: 8s - loss: 0.0750 - accuracy: 0.9829
43/86 [==============>...............] - ETA: 7s - loss: 0.0742 - accuracy: 0.9833
44/86 [==============>...............] - ETA: 7s - loss: 0.0731 - accuracy: 0.9836
45/86 [==============>...............] - ETA: 7s - loss: 0.0722 - accuracy: 0.9840
46/86 [===============>..............] - ETA: 7s - loss: 0.0721 - accuracy: 0.9837
47/86 [===============>..............] - ETA: 7s - loss: 0.0716 - accuracy: 0.9834
48/86 [===============>..............] - ETA: 7s - loss: 0.0710 - accuracy: 0.9837
49/86 [================>.............] - ETA: 6s - loss: 0.0721 - accuracy: 0.9834
50/86 [================>.............] - ETA: 6s - loss: 0.0722 - accuracy: 0.9831
51/86 [================>.............] - ETA: 6s - loss: 0.0740 - accuracy: 0.9828
52/86 [=================>............] - ETA: 6s - loss: 0.0737 - accuracy: 0.9826
53/86 [=================>............] - ETA: 6s - loss: 0.0738 - accuracy: 0.9823
54/86 [=================>............] - ETA: 5s - loss: 0.0745 - accuracy: 0.9820
55/86 [==================>...........] - ETA: 5s - loss: 0.0740 - accuracy: 0.9824
56/86 [==================>...........] - ETA: 5s - loss: 0.0742 - accuracy: 0.9816
57/86 [==================>...........] - ETA: 5s - loss: 0.0732 - accuracy: 0.9819
58/86 [===================>..........] - ETA: 5s - loss: 0.0729 - accuracy: 0.9817
59/86 [===================>..........] - ETA: 4s - loss: 0.0724 - accuracy: 0.9820
60/86 [===================>..........] - ETA: 4s - loss: 0.0715 - accuracy: 0.9823
61/86 [====================>.........] - ETA: 4s - loss: 0.0709 - accuracy: 0.9826
62/86 [====================>.........] - ETA: 4s - loss: 0.0703 - accuracy: 0.9828
63/86 [====================>.........] - ETA: 4s - loss: 0.0697 - accuracy: 0.9831
64/86 [=====================>........] - ETA: 4s - loss: 0.0687 - accuracy: 0.9834
65/86 [=====================>........] - ETA: 3s - loss: 0.0697 - accuracy: 0.9832
66/86 [======================>.......] - ETA: 3s - loss: 0.0694 - accuracy: 0.9834
67/86 [======================>.......] - ETA: 3s - loss: 0.0719 - accuracy: 0.9813
68/86 [======================>.......] - ETA: 3s - loss: 0.0749 - accuracy: 0.9798
69/86 [=======================>......] - ETA: 3s - loss: 0.0746 - accuracy: 0.9801
70/86 [=======================>......] - ETA: 2s - loss: 0.0741 - accuracy: 0.9803
71/86 [=======================>......] - ETA: 2s - loss: 0.0746 - accuracy: 0.9797
72/86 [========================>.....] - ETA: 2s - loss: 0.0753 - accuracy: 0.9791
73/86 [========================>.....] - ETA: 2s - loss: 0.0757 - accuracy: 0.9790
74/86 [========================>.....] - ETA: 2s - loss: 0.0753 - accuracy: 0.9793
75/86 [=========================>....] - ETA: 2s - loss: 0.0748 - accuracy: 0.9791
76/86 [=========================>....] - ETA: 1s - loss: 0.0750 - accuracy: 0.9790
77/86 [=========================>....] - ETA: 1s - loss: 0.0751 - accuracy: 0.9789
78/86 [==========================>...] - ETA: 1s - loss: 0.0742 - accuracy: 0.9791
79/86 [==========================>...] - ETA: 1s - loss: 0.0749 - accuracy: 0.9786
80/86 [==========================>...] - ETA: 1s - loss: 0.0774 - accuracy: 0.9769
81/86 [===========================>..] - ETA: 0s - loss: 0.0894 - accuracy: 0.9741
82/86 [===========================>..] - ETA: 0s - loss: 0.1064 - accuracy: 0.9725
83/86 [===========================>..] - ETA: 0s - loss: 0.1062 - accuracy: 0.9725
84/86 [============================>.] - ETA: 0s - loss: 0.1121 - accuracy: 0.9695
85/86 [============================>.] - ETA: 0s - loss: 0.1199 - accuracy: 0.9665
86/86 [==============================] - 21s 244ms/step - loss: 0.1250 - accuracy: 0.9651 - val_loss: 1.0515 - val_accuracy: 0.7185
