Data exists in seperate training and validation directories? [Y/n] Provide the absolute path of the training data: 
Provide the absolute path of the validation data: 
Found 2750 images belonging to 5 classes.
Found 920 images belonging to 5 classes.
Epoch 1/10

 1/86 [..............................] - ETA: 4:21 - loss: 1.7499 - accuracy: 0.2188
 2/86 [..............................] - ETA: 2:18 - loss: 30.1758 - accuracy: 0.1719
 3/86 [>.............................] - ETA: 1:37 - loss: 24.6649 - accuracy: 0.1771
 4/86 [>.............................] - ETA: 1:17 - loss: 18.9934 - accuracy: 0.1953
 5/86 [>.............................] - ETA: 1:04 - loss: 15.5166 - accuracy: 0.1875
 6/86 [=>............................] - ETA: 56s - loss: 13.1987 - accuracy: 0.2083 
 7/86 [=>............................] - ETA: 50s - loss: 11.5430 - accuracy: 0.2143
 8/86 [=>............................] - ETA: 45s - loss: 10.3036 - accuracy: 0.2148
 9/86 [==>...........................] - ETA: 41s - loss: 9.3379 - accuracy: 0.2014 
10/86 [==>...........................] - ETA: 38s - loss: 8.5650 - accuracy: 0.2062
11/86 [==>...........................] - ETA: 36s - loss: 7.9327 - accuracy: 0.2102
12/86 [===>..........................] - ETA: 34s - loss: 7.4057 - accuracy: 0.2083
13/86 [===>..........................] - ETA: 32s - loss: 6.9597 - accuracy: 0.2043
14/86 [===>..........................] - ETA: 31s - loss: 7.4408 - accuracy: 0.1964
15/86 [====>.........................] - ETA: 38s - loss: 7.0957 - accuracy: 0.2029
16/86 [====>.........................] - ETA: 36s - loss: 6.8512 - accuracy: 0.2118
17/86 [====>.........................] - ETA: 34s - loss: 6.5428 - accuracy: 0.2159
18/86 [=====>........................] - ETA: 33s - loss: 6.2686 - accuracy: 0.2230
19/86 [=====>........................] - ETA: 31s - loss: 6.0232 - accuracy: 0.2211
20/86 [=====>........................] - ETA: 30s - loss: 5.8023 - accuracy: 0.2257
21/86 [======>.......................] - ETA: 29s - loss: 5.6025 - accuracy: 0.2299
22/86 [======>.......................] - ETA: 28s - loss: 5.4209 - accuracy: 0.2322
23/86 [=======>......................] - ETA: 27s - loss: 5.2551 - accuracy: 0.2289
24/86 [=======>......................] - ETA: 26s - loss: 5.1031 - accuracy: 0.2337
25/86 [=======>......................] - ETA: 25s - loss: 4.9634 - accuracy: 0.2331
26/86 [========>.....................] - ETA: 24s - loss: 4.8342 - accuracy: 0.2337
27/86 [========>.....................] - ETA: 23s - loss: 4.7148 - accuracy: 0.2332
28/86 [========>.....................] - ETA: 22s - loss: 4.6039 - accuracy: 0.2338
29/86 [=========>....................] - ETA: 22s - loss: 4.5003 - accuracy: 0.2387
30/86 [=========>....................] - ETA: 21s - loss: 4.4041 - accuracy: 0.2349
31/86 [=========>....................] - ETA: 20s - loss: 4.3139 - accuracy: 0.2333
32/86 [==========>...................] - ETA: 20s - loss: 4.2294 - accuracy: 0.2319
33/86 [==========>...................] - ETA: 19s - loss: 4.1499 - accuracy: 0.2315
34/86 [==========>...................] - ETA: 19s - loss: 4.0753 - accuracy: 0.2293
35/86 [===========>..................] - ETA: 18s - loss: 4.0048 - accuracy: 0.2299
36/86 [===========>..................] - ETA: 18s - loss: 3.9379 - accuracy: 0.2348
37/86 [===========>..................] - ETA: 17s - loss: 3.8750 - accuracy: 0.2335
38/86 [============>.................] - ETA: 16s - loss: 3.8150 - accuracy: 0.2372
39/86 [============>.................] - ETA: 16s - loss: 3.7581 - accuracy: 0.2392
40/86 [============>.................] - ETA: 16s - loss: 3.7043 - accuracy: 0.2394
41/86 [=============>................] - ETA: 15s - loss: 3.6530 - accuracy: 0.2389
42/86 [=============>................] - ETA: 15s - loss: 3.6042 - accuracy: 0.2385
43/86 [==============>...............] - ETA: 14s - loss: 3.5578 - accuracy: 0.2380
44/86 [==============>...............] - ETA: 14s - loss: 3.5136 - accuracy: 0.2368
45/86 [==============>...............] - ETA: 13s - loss: 3.4715 - accuracy: 0.2350
46/86 [===============>..............] - ETA: 13s - loss: 3.4310 - accuracy: 0.2340
47/86 [===============>..............] - ETA: 12s - loss: 3.3921 - accuracy: 0.2344
48/86 [===============>..............] - ETA: 12s - loss: 3.3548 - accuracy: 0.2347
49/86 [================>.............] - ETA: 12s - loss: 3.3188 - accuracy: 0.2369
50/86 [================>.............] - ETA: 11s - loss: 3.2844 - accuracy: 0.2372
51/86 [================>.............] - ETA: 11s - loss: 3.2510 - accuracy: 0.2405
52/86 [=================>............] - ETA: 10s - loss: 3.2188 - accuracy: 0.2449
53/86 [=================>............] - ETA: 10s - loss: 3.1882 - accuracy: 0.2456
54/86 [=================>............] - ETA: 10s - loss: 3.1589 - accuracy: 0.2457
55/86 [==================>...........] - ETA: 9s - loss: 3.1302 - accuracy: 0.2491 
56/86 [==================>...........] - ETA: 9s - loss: 3.1028 - accuracy: 0.2503
57/86 [==================>...........] - ETA: 9s - loss: 3.0767 - accuracy: 0.2486
58/86 [===================>..........] - ETA: 8s - loss: 3.0515 - accuracy: 0.2476
59/86 [===================>..........] - ETA: 8s - loss: 3.0270 - accuracy: 0.2476
60/86 [===================>..........] - ETA: 8s - loss: 3.0031 - accuracy: 0.2492
61/86 [====================>.........] - ETA: 7s - loss: 2.9804 - accuracy: 0.2482
62/86 [====================>.........] - ETA: 7s - loss: 2.9581 - accuracy: 0.2477
63/86 [====================>.........] - ETA: 7s - loss: 2.9367 - accuracy: 0.2473
64/86 [=====================>........] - ETA: 6s - loss: 2.9156 - accuracy: 0.2483
65/86 [=====================>........] - ETA: 6s - loss: 2.8952 - accuracy: 0.2493
66/86 [======================>.......] - ETA: 6s - loss: 2.8756 - accuracy: 0.2488
67/86 [======================>.......] - ETA: 5s - loss: 2.8568 - accuracy: 0.2474
68/86 [======================>.......] - ETA: 5s - loss: 2.8385 - accuracy: 0.2470
69/86 [=======================>......] - ETA: 5s - loss: 2.8207 - accuracy: 0.2461
70/86 [=======================>......] - ETA: 4s - loss: 2.8034 - accuracy: 0.2462
71/86 [=======================>......] - ETA: 4s - loss: 2.7864 - accuracy: 0.2458
72/86 [========================>.....] - ETA: 4s - loss: 2.7699 - accuracy: 0.2463
73/86 [========================>.....] - ETA: 3s - loss: 2.7542 - accuracy: 0.2451
74/86 [========================>.....] - ETA: 3s - loss: 2.7385 - accuracy: 0.2456
75/86 [=========================>....] - ETA: 3s - loss: 2.7235 - accuracy: 0.2456
76/86 [=========================>....] - ETA: 2s - loss: 2.7089 - accuracy: 0.2461
77/86 [=========================>....] - ETA: 2s - loss: 2.6942 - accuracy: 0.2474
78/86 [==========================>...] - ETA: 2s - loss: 2.6799 - accuracy: 0.2482
79/86 [==========================>...] - ETA: 2s - loss: 2.6664 - accuracy: 0.2474
80/86 [==========================>...] - ETA: 1s - loss: 2.6531 - accuracy: 0.2471
81/86 [===========================>..] - ETA: 1s - loss: 2.6399 - accuracy: 0.2471
82/86 [===========================>..] - ETA: 1s - loss: 2.6270 - accuracy: 0.2479
83/86 [===========================>..] - ETA: 0s - loss: 2.6147 - accuracy: 0.2479
84/86 [============================>.] - ETA: 0s - loss: 2.6026 - accuracy: 0.2487
85/86 [============================>.] - ETA: 0s - loss: 2.5903 - accuracy: 0.2509
86/86 [==============================] - 31s 362ms/step - loss: 2.5791 - accuracy: 0.2498 - val_loss: 1.5915 - val_accuracy: 0.2446
Epoch 2/10

 1/86 [..............................] - ETA: 19s - loss: 1.6190 - accuracy: 0.1562
 2/86 [..............................] - ETA: 19s - loss: 1.6112 - accuracy: 0.1875
 3/86 [>.............................] - ETA: 19s - loss: 1.6153 - accuracy: 0.1875
 4/86 [>.............................] - ETA: 18s - loss: 1.6197 - accuracy: 0.1641
 5/86 [>.............................] - ETA: 18s - loss: 1.6115 - accuracy: 0.2000
 6/86 [=>............................] - ETA: 18s - loss: 1.6147 - accuracy: 0.1875
 7/86 [=>............................] - ETA: 18s - loss: 1.6116 - accuracy: 0.2009
 8/86 [=>............................] - ETA: 18s - loss: 1.6038 - accuracy: 0.2227
 9/86 [==>...........................] - ETA: 18s - loss: 1.6027 - accuracy: 0.2257
10/86 [==>...........................] - ETA: 17s - loss: 1.6040 - accuracy: 0.2250
11/86 [==>...........................] - ETA: 17s - loss: 1.6046 - accuracy: 0.2273
12/86 [===>..........................] - ETA: 17s - loss: 1.6049 - accuracy: 0.2266
13/86 [===>..........................] - ETA: 17s - loss: 1.6049 - accuracy: 0.2260
14/86 [===>..........................] - ETA: 17s - loss: 1.6039 - accuracy: 0.2299
15/86 [====>.........................] - ETA: 16s - loss: 1.6054 - accuracy: 0.2229
16/86 [====>.........................] - ETA: 16s - loss: 1.6057 - accuracy: 0.2227
17/86 [====>.........................] - ETA: 16s - loss: 1.6056 - accuracy: 0.2206
18/86 [=====>........................] - ETA: 16s - loss: 1.6071 - accuracy: 0.2205
19/86 [=====>........................] - ETA: 15s - loss: 1.6084 - accuracy: 0.2155
20/86 [=====>........................] - ETA: 15s - loss: 1.6080 - accuracy: 0.2141
21/86 [======>.......................] - ETA: 15s - loss: 1.6073 - accuracy: 0.2143
22/86 [======>.......................] - ETA: 15s - loss: 1.6071 - accuracy: 0.2159
23/86 [=======>......................] - ETA: 15s - loss: 1.6083 - accuracy: 0.2120
24/86 [=======>......................] - ETA: 14s - loss: 1.6069 - accuracy: 0.2174
25/86 [=======>......................] - ETA: 14s - loss: 1.6067 - accuracy: 0.2188
26/86 [========>.....................] - ETA: 14s - loss: 1.6058 - accuracy: 0.2212
27/86 [========>.....................] - ETA: 14s - loss: 1.6057 - accuracy: 0.2245
28/86 [========>.....................] - ETA: 13s - loss: 1.6045 - accuracy: 0.2293
29/86 [=========>....................] - ETA: 13s - loss: 1.6037 - accuracy: 0.2322
30/86 [=========>....................] - ETA: 13s - loss: 1.6030 - accuracy: 0.2328
31/86 [=========>....................] - ETA: 13s - loss: 1.6040 - accuracy: 0.2293
32/86 [==========>...................] - ETA: 12s - loss: 1.6041 - accuracy: 0.2290
33/86 [==========>...................] - ETA: 12s - loss: 1.6041 - accuracy: 0.2296
34/86 [==========>...................] - ETA: 12s - loss: 1.6052 - accuracy: 0.2274
35/86 [===========>..................] - ETA: 12s - loss: 1.6049 - accuracy: 0.2299
36/86 [===========>..................] - ETA: 11s - loss: 1.6051 - accuracy: 0.2287
37/86 [===========>..................] - ETA: 11s - loss: 1.6048 - accuracy: 0.2301
38/86 [============>.................] - ETA: 11s - loss: 1.6047 - accuracy: 0.2315
39/86 [============>.................] - ETA: 11s - loss: 1.6040 - accuracy: 0.2335
40/86 [============>.................] - ETA: 10s - loss: 1.6037 - accuracy: 0.2332
41/86 [=============>................] - ETA: 10s - loss: 1.6037 - accuracy: 0.2351
42/86 [=============>................] - ETA: 10s - loss: 1.6033 - accuracy: 0.2370
43/86 [==============>...............] - ETA: 10s - loss: 1.6027 - accuracy: 0.2380
44/86 [==============>...............] - ETA: 9s - loss: 1.6031 - accuracy: 0.2361 
45/86 [==============>...............] - ETA: 9s - loss: 1.6034 - accuracy: 0.2344
46/86 [===============>..............] - ETA: 9s - loss: 1.6036 - accuracy: 0.2340
47/86 [===============>..............] - ETA: 9s - loss: 1.6045 - accuracy: 0.2310
48/86 [===============>..............] - ETA: 8s - loss: 1.6043 - accuracy: 0.2301
49/86 [================>.............] - ETA: 8s - loss: 1.6039 - accuracy: 0.2318
50/86 [================>.............] - ETA: 8s - loss: 1.6037 - accuracy: 0.2322
51/86 [================>.............] - ETA: 8s - loss: 1.6034 - accuracy: 0.2331
52/86 [=================>............] - ETA: 8s - loss: 1.6038 - accuracy: 0.2323
53/86 [=================>............] - ETA: 7s - loss: 1.6041 - accuracy: 0.2314
54/86 [=================>............] - ETA: 7s - loss: 1.6037 - accuracy: 0.2329
55/86 [==================>...........] - ETA: 7s - loss: 1.6031 - accuracy: 0.2349
56/86 [==================>...........] - ETA: 7s - loss: 1.6028 - accuracy: 0.2358
57/86 [==================>...........] - ETA: 6s - loss: 1.6028 - accuracy: 0.2366
58/86 [===================>..........] - ETA: 6s - loss: 1.6022 - accuracy: 0.2395
59/86 [===================>..........] - ETA: 6s - loss: 1.6027 - accuracy: 0.2375
60/86 [===================>..........] - ETA: 6s - loss: 1.6025 - accuracy: 0.2388
61/86 [====================>.........] - ETA: 5s - loss: 1.6026 - accuracy: 0.2390
62/86 [====================>.........] - ETA: 5s - loss: 1.6015 - accuracy: 0.2437
63/86 [====================>.........] - ETA: 5s - loss: 1.6017 - accuracy: 0.2428
64/86 [=====================>........] - ETA: 5s - loss: 1.6022 - accuracy: 0.2419
65/86 [=====================>........] - ETA: 4s - loss: 1.6019 - accuracy: 0.2430
66/86 [======================>.......] - ETA: 4s - loss: 1.6018 - accuracy: 0.2427
67/86 [======================>.......] - ETA: 4s - loss: 1.6017 - accuracy: 0.2432
68/86 [======================>.......] - ETA: 4s - loss: 1.6018 - accuracy: 0.2429
69/86 [=======================>......] - ETA: 3s - loss: 1.6021 - accuracy: 0.2416
70/86 [=======================>......] - ETA: 3s - loss: 1.6019 - accuracy: 0.2422
71/86 [=======================>......] - ETA: 3s - loss: 1.6022 - accuracy: 0.2414
72/86 [========================>.....] - ETA: 3s - loss: 1.6018 - accuracy: 0.2437
73/86 [========================>.....] - ETA: 3s - loss: 1.6017 - accuracy: 0.2446
74/86 [========================>.....] - ETA: 2s - loss: 1.6015 - accuracy: 0.2443
75/86 [=========================>....] - ETA: 2s - loss: 1.6011 - accuracy: 0.2444
76/86 [=========================>....] - ETA: 2s - loss: 1.6016 - accuracy: 0.2440
77/86 [=========================>....] - ETA: 2s - loss: 1.6015 - accuracy: 0.2445
78/86 [==========================>...] - ETA: 1s - loss: 1.6017 - accuracy: 0.2438
79/86 [==========================>...] - ETA: 1s - loss: 1.6020 - accuracy: 0.2431
80/86 [==========================>...] - ETA: 1s - loss: 1.6020 - accuracy: 0.2432
81/86 [===========================>..] - ETA: 1s - loss: 1.6018 - accuracy: 0.2440
82/86 [===========================>..] - ETA: 0s - loss: 1.6012 - accuracy: 0.2449
83/86 [===========================>..] - ETA: 0s - loss: 1.6018 - accuracy: 0.2427
84/86 [============================>.] - ETA: 0s - loss: 1.6016 - accuracy: 0.2427
85/86 [============================>.] - ETA: 0s - loss: 1.6014 - accuracy: 0.2432
86/86 [==============================] - 25s 292ms/step - loss: 1.6009 - accuracy: 0.2447 - val_loss: 1.6064 - val_accuracy: 0.2446
Epoch 3/10

 1/86 [..............................] - ETA: 19s - loss: 1.5832 - accuracy: 0.3438
 2/86 [..............................] - ETA: 19s - loss: 1.5805 - accuracy: 0.3281
 3/86 [>.............................] - ETA: 18s - loss: 1.5748 - accuracy: 0.3229
 4/86 [>.............................] - ETA: 18s - loss: 1.5821 - accuracy: 0.3047
 5/86 [>.............................] - ETA: 18s - loss: 1.5835 - accuracy: 0.3063
 6/86 [=>............................] - ETA: 18s - loss: 1.5866 - accuracy: 0.2969
 7/86 [=>............................] - ETA: 18s - loss: 1.5877 - accuracy: 0.2857
 8/86 [=>............................] - ETA: 17s - loss: 1.5896 - accuracy: 0.2734
 9/86 [==>...........................] - ETA: 17s - loss: 1.5910 - accuracy: 0.2639
10/86 [==>...........................] - ETA: 17s - loss: 1.5956 - accuracy: 0.2562
11/86 [==>...........................] - ETA: 17s - loss: 1.5955 - accuracy: 0.2614
12/86 [===>..........................] - ETA: 16s - loss: 1.5989 - accuracy: 0.2500
13/86 [===>..........................] - ETA: 16s - loss: 1.6007 - accuracy: 0.2428
14/86 [===>..........................] - ETA: 16s - loss: 1.5985 - accuracy: 0.2455
15/86 [====>.........................] - ETA: 16s - loss: 1.5987 - accuracy: 0.2479
16/86 [====>.........................] - ETA: 16s - loss: 1.6015 - accuracy: 0.2422
17/86 [====>.........................] - ETA: 15s - loss: 1.6005 - accuracy: 0.2445
18/86 [=====>........................] - ETA: 15s - loss: 1.5999 - accuracy: 0.2431
19/86 [=====>........................] - ETA: 15s - loss: 1.6006 - accuracy: 0.2418
20/86 [=====>........................] - ETA: 15s - loss: 1.5994 - accuracy: 0.2438
21/86 [======>.......................] - ETA: 14s - loss: 1.5979 - accuracy: 0.2470
22/86 [======>.......................] - ETA: 14s - loss: 1.5983 - accuracy: 0.2486
23/86 [=======>......................] - ETA: 14s - loss: 1.5982 - accuracy: 0.2514
24/86 [=======>......................] - ETA: 14s - loss: 1.5996 - accuracy: 0.2448
25/86 [=======>......................] - ETA: 13s - loss: 1.5996 - accuracy: 0.2450
26/86 [========>.....................] - ETA: 13s - loss: 1.5990 - accuracy: 0.2476
27/86 [========>.....................] - ETA: 13s - loss: 1.6001 - accuracy: 0.2454
28/86 [========>.....................] - ETA: 13s - loss: 1.5998 - accuracy: 0.2455
29/86 [=========>....................] - ETA: 13s - loss: 1.6020 - accuracy: 0.2403
30/86 [=========>....................] - ETA: 12s - loss: 1.6013 - accuracy: 0.2417
31/86 [=========>....................] - ETA: 12s - loss: 1.6002 - accuracy: 0.2460
32/86 [==========>...................] - ETA: 12s - loss: 1.5994 - accuracy: 0.2480
33/86 [==========>...................] - ETA: 12s - loss: 1.5991 - accuracy: 0.2491
34/86 [==========>...................] - ETA: 11s - loss: 1.5996 - accuracy: 0.2472
35/86 [===========>..................] - ETA: 11s - loss: 1.6000 - accuracy: 0.2464
36/86 [===========>..................] - ETA: 11s - loss: 1.5996 - accuracy: 0.2474
37/86 [===========>..................] - ETA: 11s - loss: 1.6000 - accuracy: 0.2432
38/86 [============>.................] - ETA: 10s - loss: 1.6002 - accuracy: 0.2418
39/86 [============>.................] - ETA: 10s - loss: 1.5990 - accuracy: 0.2460
40/86 [============>.................] - ETA: 10s - loss: 1.5994 - accuracy: 0.2445
41/86 [=============>................] - ETA: 10s - loss: 1.5994 - accuracy: 0.2431
42/86 [=============>................] - ETA: 10s - loss: 1.5999 - accuracy: 0.2433
43/86 [==============>...............] - ETA: 9s - loss: 1.6005 - accuracy: 0.2427 
44/86 [==============>...............] - ETA: 9s - loss: 1.6002 - accuracy: 0.2422
45/86 [==============>...............] - ETA: 9s - loss: 1.6002 - accuracy: 0.2410
46/86 [===============>..............] - ETA: 9s - loss: 1.6006 - accuracy: 0.2391
47/86 [===============>..............] - ETA: 8s - loss: 1.5998 - accuracy: 0.2420
48/86 [===============>..............] - ETA: 8s - loss: 1.6005 - accuracy: 0.2409
49/86 [================>.............] - ETA: 8s - loss: 1.6004 - accuracy: 0.2411
50/86 [================>.............] - ETA: 8s - loss: 1.5998 - accuracy: 0.2438
51/86 [================>.............] - ETA: 8s - loss: 1.6000 - accuracy: 0.2439
52/86 [=================>............] - ETA: 7s - loss: 1.6001 - accuracy: 0.2440
53/86 [=================>............] - ETA: 7s - loss: 1.6002 - accuracy: 0.2429
54/86 [=================>............] - ETA: 7s - loss: 1.6003 - accuracy: 0.2436
55/86 [==================>...........] - ETA: 7s - loss: 1.6003 - accuracy: 0.2420
56/86 [==================>...........] - ETA: 6s - loss: 1.6009 - accuracy: 0.2405
57/86 [==================>...........] - ETA: 6s - loss: 1.6008 - accuracy: 0.2412
58/86 [===================>..........] - ETA: 6s - loss: 1.6005 - accuracy: 0.2419
59/86 [===================>..........] - ETA: 6s - loss: 1.6005 - accuracy: 0.2415
60/86 [===================>..........] - ETA: 5s - loss: 1.6009 - accuracy: 0.2417
61/86 [====================>.........] - ETA: 5s - loss: 1.6007 - accuracy: 0.2428
62/86 [====================>.........] - ETA: 5s - loss: 1.6010 - accuracy: 0.2434
63/86 [====================>.........] - ETA: 5s - loss: 1.6008 - accuracy: 0.2438
64/86 [=====================>........] - ETA: 5s - loss: 1.6010 - accuracy: 0.2444
65/86 [=====================>........] - ETA: 4s - loss: 1.6007 - accuracy: 0.2449
66/86 [======================>.......] - ETA: 4s - loss: 1.6009 - accuracy: 0.2445
67/86 [======================>.......] - ETA: 4s - loss: 1.6009 - accuracy: 0.2451
68/86 [======================>.......] - ETA: 4s - loss: 1.6008 - accuracy: 0.2452
69/86 [=======================>......] - ETA: 3s - loss: 1.6007 - accuracy: 0.2448
70/86 [=======================>......] - ETA: 3s - loss: 1.6005 - accuracy: 0.2458
71/86 [=======================>......] - ETA: 3s - loss: 1.6001 - accuracy: 0.2458
72/86 [========================>.....] - ETA: 3s - loss: 1.6002 - accuracy: 0.2454
73/86 [========================>.....] - ETA: 2s - loss: 1.6007 - accuracy: 0.2442
74/86 [========================>.....] - ETA: 2s - loss: 1.6003 - accuracy: 0.2443
75/86 [=========================>....] - ETA: 2s - loss: 1.6001 - accuracy: 0.2448
76/86 [=========================>....] - ETA: 2s - loss: 1.6001 - accuracy: 0.2440
77/86 [=========================>....] - ETA: 2s - loss: 1.6004 - accuracy: 0.2441
78/86 [==========================>...] - ETA: 1s - loss: 1.5999 - accuracy: 0.2450
79/86 [==========================>...] - ETA: 1s - loss: 1.6001 - accuracy: 0.2447
80/86 [==========================>...] - ETA: 1s - loss: 1.6003 - accuracy: 0.2447
81/86 [===========================>..] - ETA: 1s - loss: 1.6004 - accuracy: 0.2440
82/86 [===========================>..] - ETA: 0s - loss: 1.6006 - accuracy: 0.2433
83/86 [===========================>..] - ETA: 0s - loss: 1.6008 - accuracy: 0.2430
84/86 [============================>.] - ETA: 0s - loss: 1.6007 - accuracy: 0.2439
85/86 [============================>.] - ETA: 0s - loss: 1.6007 - accuracy: 0.2447
86/86 [==============================] - 25s 288ms/step - loss: 1.6007 - accuracy: 0.2447 - val_loss: 1.6574 - val_accuracy: 0.2446
Epoch 4/10

 1/86 [..............................] - ETA: 19s - loss: 1.5852 - accuracy: 0.3125
 2/86 [..............................] - ETA: 19s - loss: 1.5938 - accuracy: 0.2500
 3/86 [>.............................] - ETA: 18s - loss: 1.6047 - accuracy: 0.1979
 4/86 [>.............................] - ETA: 18s - loss: 1.5997 - accuracy: 0.2422
 5/86 [>.............................] - ETA: 18s - loss: 1.6011 - accuracy: 0.2562
 6/86 [=>............................] - ETA: 18s - loss: 1.6041 - accuracy: 0.2526
 7/86 [=>............................] - ETA: 18s - loss: 1.6082 - accuracy: 0.2297
 8/86 [=>............................] - ETA: 18s - loss: 1.6112 - accuracy: 0.2323
 9/86 [==>...........................] - ETA: 17s - loss: 1.6111 - accuracy: 0.2273
10/86 [==>...........................] - ETA: 17s - loss: 1.6119 - accuracy: 0.2233
11/86 [==>...........................] - ETA: 17s - loss: 1.6117 - accuracy: 0.2286
12/86 [===>..........................] - ETA: 17s - loss: 1.6121 - accuracy: 0.2304
13/86 [===>..........................] - ETA: 17s - loss: 1.6128 - accuracy: 0.2271
14/86 [===>..........................] - ETA: 16s - loss: 1.6067 - accuracy: 0.2466
15/86 [====>.........................] - ETA: 16s - loss: 1.6093 - accuracy: 0.2385
16/86 [====>.........................] - ETA: 16s - loss: 1.6090 - accuracy: 0.2353
17/86 [====>.........................] - ETA: 16s - loss: 1.6074 - accuracy: 0.2399
18/86 [=====>........................] - ETA: 15s - loss: 1.6070 - accuracy: 0.2404
19/86 [=====>........................] - ETA: 15s - loss: 1.6075 - accuracy: 0.2393
20/86 [=====>........................] - ETA: 15s - loss: 1.6075 - accuracy: 0.2367
21/86 [======>.......................] - ETA: 15s - loss: 1.6064 - accuracy: 0.2388
22/86 [======>.......................] - ETA: 14s - loss: 1.6053 - accuracy: 0.2436
23/86 [=======>......................] - ETA: 14s - loss: 1.6063 - accuracy: 0.2425
24/86 [=======>......................] - ETA: 14s - loss: 1.6056 - accuracy: 0.2415
25/86 [=======>......................] - ETA: 14s - loss: 1.6052 - accuracy: 0.2419
26/86 [========>.....................] - ETA: 13s - loss: 1.6054 - accuracy: 0.2422
27/86 [========>.....................] - ETA: 13s - loss: 1.6054 - accuracy: 0.2436
28/86 [========>.....................] - ETA: 13s - loss: 1.6054 - accuracy: 0.2438
29/86 [=========>....................] - ETA: 13s - loss: 1.6039 - accuracy: 0.2473
30/86 [=========>....................] - ETA: 13s - loss: 1.6024 - accuracy: 0.2526
31/86 [=========>....................] - ETA: 12s - loss: 1.6017 - accuracy: 0.2525
32/86 [==========>...................] - ETA: 12s - loss: 1.6016 - accuracy: 0.2515
33/86 [==========>...................] - ETA: 12s - loss: 1.6006 - accuracy: 0.2543
34/86 [==========>...................] - ETA: 12s - loss: 1.6002 - accuracy: 0.2551
35/86 [===========>..................] - ETA: 11s - loss: 1.5994 - accuracy: 0.2549
36/86 [===========>..................] - ETA: 11s - loss: 1.5995 - accuracy: 0.2530
37/86 [===========>..................] - ETA: 11s - loss: 1.5996 - accuracy: 0.2530
38/86 [============>.................] - ETA: 11s - loss: 1.5995 - accuracy: 0.2521
39/86 [============>.................] - ETA: 10s - loss: 1.5993 - accuracy: 0.2504
40/86 [============>.................] - ETA: 10s - loss: 1.5991 - accuracy: 0.2504
41/86 [=============>................] - ETA: 10s - loss: 1.6001 - accuracy: 0.2481
42/86 [=============>................] - ETA: 10s - loss: 1.5999 - accuracy: 0.2489
43/86 [==============>...............] - ETA: 9s - loss: 1.5996 - accuracy: 0.2482 
44/86 [==============>...............] - ETA: 9s - loss: 1.5994 - accuracy: 0.2489
45/86 [==============>...............] - ETA: 9s - loss: 1.5998 - accuracy: 0.2476
46/86 [===============>..............] - ETA: 9s - loss: 1.6002 - accuracy: 0.2469
47/86 [===============>..............] - ETA: 9s - loss: 1.6003 - accuracy: 0.2470
48/86 [===============>..............] - ETA: 8s - loss: 1.5999 - accuracy: 0.2471
49/86 [================>.............] - ETA: 8s - loss: 1.6003 - accuracy: 0.2458
50/86 [================>.............] - ETA: 8s - loss: 1.5999 - accuracy: 0.2453
51/86 [================>.............] - ETA: 8s - loss: 1.6001 - accuracy: 0.2423
52/86 [=================>............] - ETA: 7s - loss: 1.6006 - accuracy: 0.2407
53/86 [=================>............] - ETA: 7s - loss: 1.6007 - accuracy: 0.2414
54/86 [=================>............] - ETA: 7s - loss: 1.5996 - accuracy: 0.2422
55/86 [==================>...........] - ETA: 7s - loss: 1.6000 - accuracy: 0.2412
56/86 [==================>...........] - ETA: 6s - loss: 1.5991 - accuracy: 0.2436
57/86 [==================>...........] - ETA: 6s - loss: 1.5988 - accuracy: 0.2459
58/86 [===================>..........] - ETA: 6s - loss: 1.5986 - accuracy: 0.2465
59/86 [===================>..........] - ETA: 6s - loss: 1.5991 - accuracy: 0.2460
60/86 [===================>..........] - ETA: 6s - loss: 1.5990 - accuracy: 0.2461
61/86 [====================>.........] - ETA: 5s - loss: 1.5995 - accuracy: 0.2462
62/86 [====================>.........] - ETA: 5s - loss: 1.5999 - accuracy: 0.2467
63/86 [====================>.........] - ETA: 5s - loss: 1.6001 - accuracy: 0.2453
64/86 [=====================>........] - ETA: 5s - loss: 1.6000 - accuracy: 0.2478
65/86 [=====================>........] - ETA: 4s - loss: 1.6001 - accuracy: 0.2474
66/86 [======================>.......] - ETA: 4s - loss: 1.6001 - accuracy: 0.2464
67/86 [======================>.......] - ETA: 4s - loss: 1.5997 - accuracy: 0.2470
68/86 [======================>.......] - ETA: 4s - loss: 1.6004 - accuracy: 0.2470
69/86 [=======================>......] - ETA: 3s - loss: 1.6002 - accuracy: 0.2480
70/86 [=======================>......] - ETA: 3s - loss: 1.6001 - accuracy: 0.2480
71/86 [=======================>......] - ETA: 3s - loss: 1.6001 - accuracy: 0.2471
72/86 [========================>.....] - ETA: 3s - loss: 1.5993 - accuracy: 0.2493
73/86 [========================>.....] - ETA: 3s - loss: 1.5998 - accuracy: 0.2489
74/86 [========================>.....] - ETA: 2s - loss: 1.5998 - accuracy: 0.2489
75/86 [=========================>....] - ETA: 2s - loss: 1.5997 - accuracy: 0.2498
76/86 [=========================>....] - ETA: 2s - loss: 1.6003 - accuracy: 0.2481
77/86 [=========================>....] - ETA: 2s - loss: 1.6000 - accuracy: 0.2494
78/86 [==========================>...] - ETA: 1s - loss: 1.6002 - accuracy: 0.2474
79/86 [==========================>...] - ETA: 1s - loss: 1.6002 - accuracy: 0.2470
80/86 [==========================>...] - ETA: 1s - loss: 1.6006 - accuracy: 0.2459
81/86 [===========================>..] - ETA: 1s - loss: 1.6006 - accuracy: 0.2448
82/86 [===========================>..] - ETA: 0s - loss: 1.6006 - accuracy: 0.2445
83/86 [===========================>..] - ETA: 0s - loss: 1.6002 - accuracy: 0.2457
84/86 [============================>.] - ETA: 0s - loss: 1.6004 - accuracy: 0.2453
85/86 [============================>.] - ETA: 0s - loss: 1.6006 - accuracy: 0.2450
86/86 [==============================] - 25s 292ms/step - loss: 1.6009 - accuracy: 0.2447 - val_loss: 1.6263 - val_accuracy: 0.2446
Epoch 5/10

 1/86 [..............................] - ETA: 19s - loss: 1.5601 - accuracy: 0.3125
 2/86 [..............................] - ETA: 18s - loss: 1.5922 - accuracy: 0.2969
 3/86 [>.............................] - ETA: 18s - loss: 1.5807 - accuracy: 0.3229
 4/86 [>.............................] - ETA: 18s - loss: 1.5867 - accuracy: 0.3047
 5/86 [>.............................] - ETA: 18s - loss: 1.5916 - accuracy: 0.2750
 6/86 [=>............................] - ETA: 18s - loss: 1.5956 - accuracy: 0.2760
 7/86 [=>............................] - ETA: 18s - loss: 1.5961 - accuracy: 0.2723
 8/86 [=>............................] - ETA: 18s - loss: 1.6009 - accuracy: 0.2578
 9/86 [==>...........................] - ETA: 17s - loss: 1.5986 - accuracy: 0.2708
10/86 [==>...........................] - ETA: 17s - loss: 1.6018 - accuracy: 0.2562
11/86 [==>...........................] - ETA: 17s - loss: 1.6043 - accuracy: 0.2443
12/86 [===>..........................] - ETA: 17s - loss: 1.6053 - accuracy: 0.2448
13/86 [===>..........................] - ETA: 16s - loss: 1.6015 - accuracy: 0.2524
14/86 [===>..........................] - ETA: 16s - loss: 1.6021 - accuracy: 0.2500
15/86 [====>.........................] - ETA: 16s - loss: 1.5989 - accuracy: 0.2583
16/86 [====>.........................] - ETA: 16s - loss: 1.5981 - accuracy: 0.2559
17/86 [====>.........................] - ETA: 16s - loss: 1.5981 - accuracy: 0.2592
18/86 [=====>........................] - ETA: 15s - loss: 1.5999 - accuracy: 0.2483
19/86 [=====>........................] - ETA: 15s - loss: 1.6023 - accuracy: 0.2401
20/86 [=====>........................] - ETA: 15s - loss: 1.6021 - accuracy: 0.2391
21/86 [======>.......................] - ETA: 15s - loss: 1.6000 - accuracy: 0.2455
22/86 [======>.......................] - ETA: 14s - loss: 1.6000 - accuracy: 0.2457
23/86 [=======>......................] - ETA: 14s - loss: 1.5979 - accuracy: 0.2514
24/86 [=======>......................] - ETA: 14s - loss: 1.5976 - accuracy: 0.2513
25/86 [=======>......................] - ETA: 14s - loss: 1.5966 - accuracy: 0.2537
26/86 [========>.....................] - ETA: 14s - loss: 1.5991 - accuracy: 0.2488
27/86 [========>.....................] - ETA: 13s - loss: 1.5995 - accuracy: 0.2477
28/86 [========>.....................] - ETA: 13s - loss: 1.5995 - accuracy: 0.2467
29/86 [=========>....................] - ETA: 13s - loss: 1.5997 - accuracy: 0.2478
30/86 [=========>....................] - ETA: 13s - loss: 1.5989 - accuracy: 0.2510
31/86 [=========>....................] - ETA: 12s - loss: 1.5979 - accuracy: 0.2550
32/86 [==========>...................] - ETA: 12s - loss: 1.5975 - accuracy: 0.2559
33/86 [==========>...................] - ETA: 12s - loss: 1.5986 - accuracy: 0.2528
34/86 [==========>...................] - ETA: 12s - loss: 1.5995 - accuracy: 0.2509
35/86 [===========>..................] - ETA: 11s - loss: 1.6001 - accuracy: 0.2482
36/86 [===========>..................] - ETA: 11s - loss: 1.6000 - accuracy: 0.2491
37/86 [===========>..................] - ETA: 11s - loss: 1.5994 - accuracy: 0.2500
38/86 [============>.................] - ETA: 11s - loss: 1.5990 - accuracy: 0.2508
39/86 [============>.................] - ETA: 10s - loss: 1.5992 - accuracy: 0.2516
40/86 [============>.................] - ETA: 10s - loss: 1.5997 - accuracy: 0.2492
41/86 [=============>................] - ETA: 10s - loss: 1.6002 - accuracy: 0.2492
42/86 [=============>................] - ETA: 10s - loss: 1.6009 - accuracy: 0.2485
43/86 [==============>...............] - ETA: 9s - loss: 1.6012 - accuracy: 0.2471 
44/86 [==============>...............] - ETA: 9s - loss: 1.6010 - accuracy: 0.2486
45/86 [==============>...............] - ETA: 9s - loss: 1.6012 - accuracy: 0.2486
46/86 [===============>..............] - ETA: 9s - loss: 1.6009 - accuracy: 0.2500
47/86 [===============>..............] - ETA: 9s - loss: 1.6005 - accuracy: 0.2513
48/86 [===============>..............] - ETA: 8s - loss: 1.6008 - accuracy: 0.2500
49/86 [================>.............] - ETA: 8s - loss: 1.6010 - accuracy: 0.2506
50/86 [================>.............] - ETA: 8s - loss: 1.6004 - accuracy: 0.2519
51/86 [================>.............] - ETA: 8s - loss: 1.6007 - accuracy: 0.2518
52/86 [=================>............] - ETA: 7s - loss: 1.6010 - accuracy: 0.2512
53/86 [=================>............] - ETA: 7s - loss: 1.6009 - accuracy: 0.2512
54/86 [=================>............] - ETA: 7s - loss: 1.6009 - accuracy: 0.2506
55/86 [==================>...........] - ETA: 7s - loss: 1.6008 - accuracy: 0.2517
56/86 [==================>...........] - ETA: 6s - loss: 1.6007 - accuracy: 0.2506
57/86 [==================>...........] - ETA: 6s - loss: 1.6007 - accuracy: 0.2500
58/86 [===================>..........] - ETA: 6s - loss: 1.6002 - accuracy: 0.2511
59/86 [===================>..........] - ETA: 6s - loss: 1.5998 - accuracy: 0.2521
60/86 [===================>..........] - ETA: 6s - loss: 1.5996 - accuracy: 0.2521
61/86 [====================>.........] - ETA: 5s - loss: 1.6005 - accuracy: 0.2505
62/86 [====================>.........] - ETA: 5s - loss: 1.6009 - accuracy: 0.2495
63/86 [====================>.........] - ETA: 5s - loss: 1.6009 - accuracy: 0.2490
64/86 [=====================>........] - ETA: 5s - loss: 1.6010 - accuracy: 0.2485
65/86 [=====================>........] - ETA: 4s - loss: 1.6008 - accuracy: 0.2486
66/86 [======================>.......] - ETA: 4s - loss: 1.6011 - accuracy: 0.2481
67/86 [======================>.......] - ETA: 4s - loss: 1.6010 - accuracy: 0.2467
68/86 [======================>.......] - ETA: 4s - loss: 1.6004 - accuracy: 0.2477
69/86 [=======================>......] - ETA: 3s - loss: 1.6007 - accuracy: 0.2459
70/86 [=======================>......] - ETA: 3s - loss: 1.6012 - accuracy: 0.2442
71/86 [=======================>......] - ETA: 3s - loss: 1.6009 - accuracy: 0.2445
72/86 [========================>.....] - ETA: 3s - loss: 1.6013 - accuracy: 0.2433
73/86 [========================>.....] - ETA: 3s - loss: 1.6015 - accuracy: 0.2425
74/86 [========================>.....] - ETA: 2s - loss: 1.6016 - accuracy: 0.2430
75/86 [=========================>....] - ETA: 2s - loss: 1.6012 - accuracy: 0.2440
76/86 [=========================>....] - ETA: 2s - loss: 1.6010 - accuracy: 0.2436
77/86 [=========================>....] - ETA: 2s - loss: 1.6013 - accuracy: 0.2441
78/86 [==========================>...] - ETA: 1s - loss: 1.6016 - accuracy: 0.2434
79/86 [==========================>...] - ETA: 1s - loss: 1.6016 - accuracy: 0.2435
80/86 [==========================>...] - ETA: 1s - loss: 1.6010 - accuracy: 0.2451
81/86 [===========================>..] - ETA: 1s - loss: 1.6004 - accuracy: 0.2471
82/86 [===========================>..] - ETA: 0s - loss: 1.6007 - accuracy: 0.2452
83/86 [===========================>..] - ETA: 0s - loss: 1.6008 - accuracy: 0.2453
84/86 [============================>.] - ETA: 0s - loss: 1.6008 - accuracy: 0.2453
85/86 [============================>.] - ETA: 0s - loss: 1.6012 - accuracy: 0.2439
86/86 [==============================] - 25s 292ms/step - loss: 1.6008 - accuracy: 0.2447 - val_loss: 1.5997 - val_accuracy: 0.2446
Epoch 6/10

 1/86 [..............................] - ETA: 20s - loss: 1.5983 - accuracy: 0.2188
 2/86 [..............................] - ETA: 20s - loss: 1.5954 - accuracy: 0.2344
 3/86 [>.............................] - ETA: 19s - loss: 1.6030 - accuracy: 0.2396
 4/86 [>.............................] - ETA: 19s - loss: 1.5979 - accuracy: 0.2422
 5/86 [>.............................] - ETA: 18s - loss: 1.6059 - accuracy: 0.2250
 6/86 [=>............................] - ETA: 18s - loss: 1.6018 - accuracy: 0.2448
 7/86 [=>............................] - ETA: 18s - loss: 1.6021 - accuracy: 0.2411
 8/86 [=>............................] - ETA: 18s - loss: 1.5985 - accuracy: 0.2578
 9/86 [==>...........................] - ETA: 18s - loss: 1.6016 - accuracy: 0.2500
10/86 [==>...........................] - ETA: 17s - loss: 1.6025 - accuracy: 0.2406
11/86 [==>...........................] - ETA: 17s - loss: 1.6058 - accuracy: 0.2301
12/86 [===>..........................] - ETA: 17s - loss: 1.6076 - accuracy: 0.2240
13/86 [===>..........................] - ETA: 17s - loss: 1.6065 - accuracy: 0.2308
14/86 [===>..........................] - ETA: 16s - loss: 1.6060 - accuracy: 0.2321
15/86 [====>.........................] - ETA: 16s - loss: 1.6054 - accuracy: 0.2313
16/86 [====>.........................] - ETA: 16s - loss: 1.6032 - accuracy: 0.2363
17/86 [====>.........................] - ETA: 16s - loss: 1.6027 - accuracy: 0.2335
18/86 [=====>........................] - ETA: 15s - loss: 1.6012 - accuracy: 0.2378
19/86 [=====>........................] - ETA: 15s - loss: 1.6004 - accuracy: 0.2401
20/86 [=====>........................] - ETA: 15s - loss: 1.6025 - accuracy: 0.2375
21/86 [======>.......................] - ETA: 15s - loss: 1.6004 - accuracy: 0.2426
22/86 [======>.......................] - ETA: 14s - loss: 1.6021 - accuracy: 0.2401
23/86 [=======>......................] - ETA: 14s - loss: 1.6032 - accuracy: 0.2378
24/86 [=======>......................] - ETA: 14s - loss: 1.6025 - accuracy: 0.2422
25/86 [=======>......................] - ETA: 14s - loss: 1.6039 - accuracy: 0.2387
26/86 [========>.....................] - ETA: 13s - loss: 1.6044 - accuracy: 0.2380
27/86 [========>.....................] - ETA: 13s - loss: 1.6054 - accuracy: 0.2361
28/86 [========>.....................] - ETA: 13s - loss: 1.6054 - accuracy: 0.2355
29/86 [=========>....................] - ETA: 13s - loss: 1.6047 - accuracy: 0.2338
30/86 [=========>....................] - ETA: 13s - loss: 1.6044 - accuracy: 0.2344
31/86 [=========>....................] - ETA: 12s - loss: 1.6044 - accuracy: 0.2379
32/86 [==========>...................] - ETA: 12s - loss: 1.6049 - accuracy: 0.2363
33/86 [==========>...................] - ETA: 12s - loss: 1.6045 - accuracy: 0.2367
34/86 [==========>...................] - ETA: 12s - loss: 1.6049 - accuracy: 0.2371
35/86 [===========>..................] - ETA: 11s - loss: 1.6059 - accuracy: 0.2339
36/86 [===========>..................] - ETA: 11s - loss: 1.6059 - accuracy: 0.2318
37/86 [===========>..................] - ETA: 11s - loss: 1.6061 - accuracy: 0.2306
38/86 [============>.................] - ETA: 11s - loss: 1.6061 - accuracy: 0.2303
39/86 [============>.................] - ETA: 10s - loss: 1.6068 - accuracy: 0.2292
40/86 [============>.................] - ETA: 10s - loss: 1.6058 - accuracy: 0.2336
41/86 [=============>................] - ETA: 10s - loss: 1.6059 - accuracy: 0.2340
42/86 [=============>................] - ETA: 10s - loss: 1.6065 - accuracy: 0.2321
43/86 [==============>...............] - ETA: 9s - loss: 1.6065 - accuracy: 0.2326 
44/86 [==============>...............] - ETA: 9s - loss: 1.6065 - accuracy: 0.2351
45/86 [==============>...............] - ETA: 9s - loss: 1.6065 - accuracy: 0.2347
46/86 [===============>..............] - ETA: 9s - loss: 1.6061 - accuracy: 0.2357
47/86 [===============>..............] - ETA: 9s - loss: 1.6056 - accuracy: 0.2367
48/86 [===============>..............] - ETA: 8s - loss: 1.6057 - accuracy: 0.2370
49/86 [================>.............] - ETA: 8s - loss: 1.6055 - accuracy: 0.2379
50/86 [================>.............] - ETA: 8s - loss: 1.6055 - accuracy: 0.2387
51/86 [================>.............] - ETA: 8s - loss: 1.6057 - accuracy: 0.2371
52/86 [=================>............] - ETA: 7s - loss: 1.6059 - accuracy: 0.2368
53/86 [=================>............] - ETA: 7s - loss: 1.6062 - accuracy: 0.2358
54/86 [=================>............] - ETA: 7s - loss: 1.6056 - accuracy: 0.2373
55/86 [==================>...........] - ETA: 7s - loss: 1.6055 - accuracy: 0.2381
56/86 [==================>...........] - ETA: 6s - loss: 1.6047 - accuracy: 0.2411
57/86 [==================>...........] - ETA: 6s - loss: 1.6049 - accuracy: 0.2412
58/86 [===================>..........] - ETA: 6s - loss: 1.6042 - accuracy: 0.2419
59/86 [===================>..........] - ETA: 6s - loss: 1.6041 - accuracy: 0.2421
60/86 [===================>..........] - ETA: 6s - loss: 1.6038 - accuracy: 0.2422
61/86 [====================>.........] - ETA: 5s - loss: 1.6035 - accuracy: 0.2423
62/86 [====================>.........] - ETA: 5s - loss: 1.6030 - accuracy: 0.2424
63/86 [====================>.........] - ETA: 5s - loss: 1.6024 - accuracy: 0.2431
64/86 [=====================>........] - ETA: 5s - loss: 1.6024 - accuracy: 0.2432
65/86 [=====================>........] - ETA: 4s - loss: 1.6020 - accuracy: 0.2452
66/86 [======================>.......] - ETA: 4s - loss: 1.6021 - accuracy: 0.2438
67/86 [======================>.......] - ETA: 4s - loss: 1.6019 - accuracy: 0.2435
68/86 [======================>.......] - ETA: 4s - loss: 1.6024 - accuracy: 0.2422
69/86 [=======================>......] - ETA: 3s - loss: 1.6023 - accuracy: 0.2437
70/86 [=======================>......] - ETA: 3s - loss: 1.6026 - accuracy: 0.2433
71/86 [=======================>......] - ETA: 3s - loss: 1.6022 - accuracy: 0.2434
72/86 [========================>.....] - ETA: 3s - loss: 1.6022 - accuracy: 0.2422
73/86 [========================>.....] - ETA: 3s - loss: 1.6019 - accuracy: 0.2429
74/86 [========================>.....] - ETA: 2s - loss: 1.6025 - accuracy: 0.2409
75/86 [=========================>....] - ETA: 2s - loss: 1.6025 - accuracy: 0.2415
76/86 [=========================>....] - ETA: 2s - loss: 1.6025 - accuracy: 0.2416
77/86 [=========================>....] - ETA: 2s - loss: 1.6025 - accuracy: 0.2400
78/86 [==========================>...] - ETA: 1s - loss: 1.6025 - accuracy: 0.2402
79/86 [==========================>...] - ETA: 1s - loss: 1.6018 - accuracy: 0.2423
80/86 [==========================>...] - ETA: 1s - loss: 1.6015 - accuracy: 0.2435
81/86 [===========================>..] - ETA: 1s - loss: 1.6018 - accuracy: 0.2421
82/86 [===========================>..] - ETA: 0s - loss: 1.6013 - accuracy: 0.2433
83/86 [===========================>..] - ETA: 0s - loss: 1.6009 - accuracy: 0.2449
84/86 [============================>.] - ETA: 0s - loss: 1.6011 - accuracy: 0.2442
85/86 [============================>.] - ETA: 0s - loss: 1.6007 - accuracy: 0.2443
86/86 [==============================] - 25s 294ms/step - loss: 1.6007 - accuracy: 0.2447 - val_loss: 1.5703 - val_accuracy: 0.2446
Epoch 7/10

 1/86 [..............................] - ETA: 19s - loss: 1.5823 - accuracy: 0.2812
 2/86 [..............................] - ETA: 19s - loss: 1.5832 - accuracy: 0.2031
 3/86 [>.............................] - ETA: 19s - loss: 1.5911 - accuracy: 0.2083
 4/86 [>.............................] - ETA: 18s - loss: 1.5892 - accuracy: 0.2109
 5/86 [>.............................] - ETA: 18s - loss: 1.5881 - accuracy: 0.2313
 6/86 [=>............................] - ETA: 18s - loss: 1.6001 - accuracy: 0.2135
 7/86 [=>............................] - ETA: 18s - loss: 1.6031 - accuracy: 0.2232
 8/86 [=>............................] - ETA: 18s - loss: 1.5974 - accuracy: 0.2422
 9/86 [==>...........................] - ETA: 17s - loss: 1.5978 - accuracy: 0.2465
10/86 [==>...........................] - ETA: 17s - loss: 1.5968 - accuracy: 0.2469
11/86 [==>...........................] - ETA: 17s - loss: 1.5984 - accuracy: 0.2358
12/86 [===>..........................] - ETA: 17s - loss: 1.5981 - accuracy: 0.2396
13/86 [===>..........................] - ETA: 16s - loss: 1.5979 - accuracy: 0.2428
14/86 [===>..........................] - ETA: 16s - loss: 1.5968 - accuracy: 0.2433
15/86 [====>.........................] - ETA: 16s - loss: 1.5965 - accuracy: 0.2542
16/86 [====>.........................] - ETA: 16s - loss: 1.5979 - accuracy: 0.2500
17/86 [====>.........................] - ETA: 16s - loss: 1.5972 - accuracy: 0.2482
18/86 [=====>........................] - ETA: 15s - loss: 1.5936 - accuracy: 0.2604
19/86 [=====>........................] - ETA: 15s - loss: 1.5957 - accuracy: 0.2533
20/86 [=====>........................] - ETA: 15s - loss: 1.5941 - accuracy: 0.2578
21/86 [======>.......................] - ETA: 15s - loss: 1.5928 - accuracy: 0.2604
22/86 [======>.......................] - ETA: 14s - loss: 1.5931 - accuracy: 0.2614
23/86 [=======>......................] - ETA: 14s - loss: 1.5949 - accuracy: 0.2582
24/86 [=======>......................] - ETA: 14s - loss: 1.5953 - accuracy: 0.2578
25/86 [=======>......................] - ETA: 14s - loss: 1.5980 - accuracy: 0.2519
26/86 [========>.....................] - ETA: 14s - loss: 1.5972 - accuracy: 0.2506
27/86 [========>.....................] - ETA: 13s - loss: 1.5986 - accuracy: 0.2483
28/86 [========>.....................] - ETA: 13s - loss: 1.5980 - accuracy: 0.2483
29/86 [=========>....................] - ETA: 13s - loss: 1.5998 - accuracy: 0.2462
30/86 [=========>....................] - ETA: 13s - loss: 1.5995 - accuracy: 0.2474
31/86 [=========>....................] - ETA: 12s - loss: 1.5991 - accuracy: 0.2505
32/86 [==========>...................] - ETA: 12s - loss: 1.5991 - accuracy: 0.2524
33/86 [==========>...................] - ETA: 12s - loss: 1.5985 - accuracy: 0.2552
34/86 [==========>...................] - ETA: 12s - loss: 1.5976 - accuracy: 0.2551
35/86 [===========>..................] - ETA: 11s - loss: 1.5978 - accuracy: 0.2531
36/86 [===========>..................] - ETA: 11s - loss: 1.5979 - accuracy: 0.2539
37/86 [===========>..................] - ETA: 11s - loss: 1.5974 - accuracy: 0.2547
38/86 [============>.................] - ETA: 11s - loss: 1.5981 - accuracy: 0.2512
39/86 [============>.................] - ETA: 10s - loss: 1.5978 - accuracy: 0.2496
40/86 [============>.................] - ETA: 10s - loss: 1.5979 - accuracy: 0.2480
41/86 [=============>................] - ETA: 10s - loss: 1.5987 - accuracy: 0.2458
42/86 [=============>................] - ETA: 10s - loss: 1.5989 - accuracy: 0.2466
43/86 [==============>...............] - ETA: 10s - loss: 1.5995 - accuracy: 0.2467
44/86 [==============>...............] - ETA: 9s - loss: 1.5997 - accuracy: 0.2468 
45/86 [==============>...............] - ETA: 9s - loss: 1.5995 - accuracy: 0.2469
46/86 [===============>..............] - ETA: 9s - loss: 1.5999 - accuracy: 0.2463
47/86 [===============>..............] - ETA: 9s - loss: 1.6006 - accuracy: 0.2463
48/86 [===============>..............] - ETA: 8s - loss: 1.6005 - accuracy: 0.2464
49/86 [================>.............] - ETA: 8s - loss: 1.6004 - accuracy: 0.2471
50/86 [================>.............] - ETA: 8s - loss: 1.6006 - accuracy: 0.2466
51/86 [================>.............] - ETA: 8s - loss: 1.6006 - accuracy: 0.2466
52/86 [=================>............] - ETA: 7s - loss: 1.6007 - accuracy: 0.2467
53/86 [=================>............] - ETA: 7s - loss: 1.6008 - accuracy: 0.2462
54/86 [=================>............] - ETA: 7s - loss: 1.6005 - accuracy: 0.2491
55/86 [==================>...........] - ETA: 7s - loss: 1.6009 - accuracy: 0.2474
56/86 [==================>...........] - ETA: 7s - loss: 1.6004 - accuracy: 0.2497
57/86 [==================>...........] - ETA: 6s - loss: 1.6003 - accuracy: 0.2503
58/86 [===================>..........] - ETA: 6s - loss: 1.6006 - accuracy: 0.2503
59/86 [===================>..........] - ETA: 6s - loss: 1.6006 - accuracy: 0.2503
60/86 [===================>..........] - ETA: 6s - loss: 1.6012 - accuracy: 0.2487
61/86 [====================>.........] - ETA: 5s - loss: 1.6011 - accuracy: 0.2492
62/86 [====================>.........] - ETA: 5s - loss: 1.6008 - accuracy: 0.2492
63/86 [====================>.........] - ETA: 5s - loss: 1.6005 - accuracy: 0.2502
64/86 [=====================>........] - ETA: 5s - loss: 1.6006 - accuracy: 0.2507
65/86 [=====================>........] - ETA: 4s - loss: 1.6004 - accuracy: 0.2502
66/86 [======================>.......] - ETA: 4s - loss: 1.6002 - accuracy: 0.2502
67/86 [======================>.......] - ETA: 4s - loss: 1.6001 - accuracy: 0.2507
68/86 [======================>.......] - ETA: 4s - loss: 1.5998 - accuracy: 0.2507
69/86 [=======================>......] - ETA: 3s - loss: 1.6007 - accuracy: 0.2493
70/86 [=======================>......] - ETA: 3s - loss: 1.6011 - accuracy: 0.2475
71/86 [=======================>......] - ETA: 3s - loss: 1.6007 - accuracy: 0.2498
72/86 [========================>.....] - ETA: 3s - loss: 1.6006 - accuracy: 0.2498
73/86 [========================>.....] - ETA: 3s - loss: 1.6004 - accuracy: 0.2498
74/86 [========================>.....] - ETA: 2s - loss: 1.5998 - accuracy: 0.2511
75/86 [=========================>....] - ETA: 2s - loss: 1.6000 - accuracy: 0.2502
76/86 [=========================>....] - ETA: 2s - loss: 1.6006 - accuracy: 0.2486
77/86 [=========================>....] - ETA: 2s - loss: 1.6005 - accuracy: 0.2482
78/86 [==========================>...] - ETA: 1s - loss: 1.6006 - accuracy: 0.2474
79/86 [==========================>...] - ETA: 1s - loss: 1.6006 - accuracy: 0.2466
80/86 [==========================>...] - ETA: 1s - loss: 1.6004 - accuracy: 0.2467
81/86 [===========================>..] - ETA: 1s - loss: 1.6005 - accuracy: 0.2463
82/86 [===========================>..] - ETA: 0s - loss: 1.6001 - accuracy: 0.2464
83/86 [===========================>..] - ETA: 0s - loss: 1.6002 - accuracy: 0.2460
84/86 [============================>.] - ETA: 0s - loss: 1.6005 - accuracy: 0.2457
85/86 [============================>.] - ETA: 0s - loss: 1.6011 - accuracy: 0.2439
86/86 [==============================] - 25s 295ms/step - loss: 1.6009 - accuracy: 0.2447 - val_loss: 1.5821 - val_accuracy: 0.2446
Epoch 8/10

 1/86 [..............................] - ETA: 19s - loss: 1.6233 - accuracy: 0.1250
 2/86 [..............................] - ETA: 19s - loss: 1.6093 - accuracy: 0.1406
 3/86 [>.............................] - ETA: 18s - loss: 1.6060 - accuracy: 0.1979
 4/86 [>.............................] - ETA: 18s - loss: 1.6009 - accuracy: 0.2188
 5/86 [>.............................] - ETA: 18s - loss: 1.6009 - accuracy: 0.2313
 6/86 [=>............................] - ETA: 18s - loss: 1.6034 - accuracy: 0.2396
 7/86 [=>............................] - ETA: 18s - loss: 1.6020 - accuracy: 0.2366
 8/86 [=>............................] - ETA: 18s - loss: 1.6003 - accuracy: 0.2422
 9/86 [==>...........................] - ETA: 17s - loss: 1.5975 - accuracy: 0.2569
10/86 [==>...........................] - ETA: 17s - loss: 1.5960 - accuracy: 0.2656
11/86 [==>...........................] - ETA: 17s - loss: 1.5979 - accuracy: 0.2528
12/86 [===>..........................] - ETA: 17s - loss: 1.5997 - accuracy: 0.2448
13/86 [===>..........................] - ETA: 17s - loss: 1.6015 - accuracy: 0.2380
14/86 [===>..........................] - ETA: 16s - loss: 1.6004 - accuracy: 0.2366
15/86 [====>.........................] - ETA: 16s - loss: 1.5992 - accuracy: 0.2406
16/86 [====>.........................] - ETA: 16s - loss: 1.5985 - accuracy: 0.2431
17/86 [====>.........................] - ETA: 16s - loss: 1.5982 - accuracy: 0.2454
18/86 [=====>........................] - ETA: 15s - loss: 1.5981 - accuracy: 0.2439
19/86 [=====>........................] - ETA: 15s - loss: 1.5997 - accuracy: 0.2376
20/86 [=====>........................] - ETA: 15s - loss: 1.5970 - accuracy: 0.2461
21/86 [======>.......................] - ETA: 15s - loss: 1.5943 - accuracy: 0.2552
22/86 [======>.......................] - ETA: 15s - loss: 1.5946 - accuracy: 0.2578
23/86 [=======>......................] - ETA: 14s - loss: 1.5937 - accuracy: 0.2589
24/86 [=======>......................] - ETA: 14s - loss: 1.5939 - accuracy: 0.2559
25/86 [=======>......................] - ETA: 14s - loss: 1.5955 - accuracy: 0.2519
26/86 [========>.....................] - ETA: 14s - loss: 1.5956 - accuracy: 0.2494
27/86 [========>.....................] - ETA: 13s - loss: 1.5950 - accuracy: 0.2541
28/86 [========>.....................] - ETA: 13s - loss: 1.5957 - accuracy: 0.2494
29/86 [=========>....................] - ETA: 13s - loss: 1.5956 - accuracy: 0.2484
30/86 [=========>....................] - ETA: 13s - loss: 1.5966 - accuracy: 0.2484
31/86 [=========>....................] - ETA: 12s - loss: 1.5972 - accuracy: 0.2475
32/86 [==========>...................] - ETA: 12s - loss: 1.5968 - accuracy: 0.2505
33/86 [==========>...................] - ETA: 12s - loss: 1.5970 - accuracy: 0.2514
34/86 [==========>...................] - ETA: 12s - loss: 1.5963 - accuracy: 0.2532
35/86 [===========>..................] - ETA: 12s - loss: 1.5966 - accuracy: 0.2522
36/86 [===========>..................] - ETA: 11s - loss: 1.5969 - accuracy: 0.2496
37/86 [===========>..................] - ETA: 11s - loss: 1.5959 - accuracy: 0.2538
38/86 [============>.................] - ETA: 11s - loss: 1.5950 - accuracy: 0.2554
39/86 [============>.................] - ETA: 11s - loss: 1.5955 - accuracy: 0.2536
40/86 [============>.................] - ETA: 10s - loss: 1.5963 - accuracy: 0.2504
41/86 [=============>................] - ETA: 10s - loss: 1.5962 - accuracy: 0.2489
42/86 [=============>................] - ETA: 10s - loss: 1.5958 - accuracy: 0.2504
43/86 [==============>...............] - ETA: 10s - loss: 1.5961 - accuracy: 0.2511
44/86 [==============>...............] - ETA: 9s - loss: 1.5962 - accuracy: 0.2525 
45/86 [==============>...............] - ETA: 9s - loss: 1.5959 - accuracy: 0.2510
46/86 [===============>..............] - ETA: 9s - loss: 1.5959 - accuracy: 0.2503
47/86 [===============>..............] - ETA: 9s - loss: 1.5965 - accuracy: 0.2483
48/86 [===============>..............] - ETA: 8s - loss: 1.5964 - accuracy: 0.2477
49/86 [================>.............] - ETA: 8s - loss: 1.5964 - accuracy: 0.2478
50/86 [================>.............] - ETA: 8s - loss: 1.5962 - accuracy: 0.2484
51/86 [================>.............] - ETA: 8s - loss: 1.5962 - accuracy: 0.2479
52/86 [=================>............] - ETA: 8s - loss: 1.5961 - accuracy: 0.2467
53/86 [=================>............] - ETA: 7s - loss: 1.5965 - accuracy: 0.2479
54/86 [=================>............] - ETA: 7s - loss: 1.5960 - accuracy: 0.2486
55/86 [==================>...........] - ETA: 7s - loss: 1.5960 - accuracy: 0.2497
56/86 [==================>...........] - ETA: 7s - loss: 1.5961 - accuracy: 0.2508
57/86 [==================>...........] - ETA: 6s - loss: 1.5972 - accuracy: 0.2492
58/86 [===================>..........] - ETA: 6s - loss: 1.5973 - accuracy: 0.2497
59/86 [===================>..........] - ETA: 6s - loss: 1.5970 - accuracy: 0.2508
60/86 [===================>..........] - ETA: 6s - loss: 1.5980 - accuracy: 0.2492
61/86 [====================>.........] - ETA: 5s - loss: 1.5984 - accuracy: 0.2482
62/86 [====================>.........] - ETA: 5s - loss: 1.5989 - accuracy: 0.2472
63/86 [====================>.........] - ETA: 5s - loss: 1.5995 - accuracy: 0.2453
64/86 [=====================>........] - ETA: 5s - loss: 1.5990 - accuracy: 0.2468
65/86 [=====================>........] - ETA: 4s - loss: 1.5984 - accuracy: 0.2488
66/86 [======================>.......] - ETA: 4s - loss: 1.5988 - accuracy: 0.2483
67/86 [======================>.......] - ETA: 4s - loss: 1.5989 - accuracy: 0.2479
68/86 [======================>.......] - ETA: 4s - loss: 1.5986 - accuracy: 0.2475
69/86 [=======================>......] - ETA: 3s - loss: 1.5987 - accuracy: 0.2466
70/86 [=======================>......] - ETA: 3s - loss: 1.5988 - accuracy: 0.2449
71/86 [=======================>......] - ETA: 3s - loss: 1.5992 - accuracy: 0.2436
72/86 [========================>.....] - ETA: 3s - loss: 1.5991 - accuracy: 0.2433
73/86 [========================>.....] - ETA: 3s - loss: 1.5991 - accuracy: 0.2438
74/86 [========================>.....] - ETA: 2s - loss: 1.5991 - accuracy: 0.2443
75/86 [=========================>....] - ETA: 2s - loss: 1.5996 - accuracy: 0.2435
76/86 [=========================>....] - ETA: 2s - loss: 1.5994 - accuracy: 0.2440
77/86 [=========================>....] - ETA: 2s - loss: 1.5992 - accuracy: 0.2453
78/86 [==========================>...] - ETA: 1s - loss: 1.5995 - accuracy: 0.2454
79/86 [==========================>...] - ETA: 1s - loss: 1.5999 - accuracy: 0.2443
80/86 [==========================>...] - ETA: 1s - loss: 1.5999 - accuracy: 0.2447
81/86 [===========================>..] - ETA: 1s - loss: 1.6003 - accuracy: 0.2440
82/86 [===========================>..] - ETA: 0s - loss: 1.6000 - accuracy: 0.2449
83/86 [===========================>..] - ETA: 0s - loss: 1.6004 - accuracy: 0.2445
84/86 [============================>.] - ETA: 0s - loss: 1.6000 - accuracy: 0.2457
85/86 [============================>.] - ETA: 0s - loss: 1.6003 - accuracy: 0.2458
86/86 [==============================] - 25s 296ms/step - loss: 1.6007 - accuracy: 0.2447 - val_loss: 1.6152 - val_accuracy: 0.2446
Epoch 9/10

 1/86 [..............................] - ETA: 19s - loss: 1.5538 - accuracy: 0.3438
 2/86 [..............................] - ETA: 19s - loss: 1.5794 - accuracy: 0.3281
 3/86 [>.............................] - ETA: 19s - loss: 1.5899 - accuracy: 0.2812
 4/86 [>.............................] - ETA: 19s - loss: 1.5966 - accuracy: 0.2578
 5/86 [>.............................] - ETA: 19s - loss: 1.5904 - accuracy: 0.2688
 6/86 [=>............................] - ETA: 18s - loss: 1.5889 - accuracy: 0.2760
 7/86 [=>............................] - ETA: 18s - loss: 1.5987 - accuracy: 0.2545
 8/86 [=>............................] - ETA: 18s - loss: 1.6007 - accuracy: 0.2422
 9/86 [==>...........................] - ETA: 18s - loss: 1.5980 - accuracy: 0.2431
10/86 [==>...........................] - ETA: 18s - loss: 1.6008 - accuracy: 0.2375
11/86 [==>...........................] - ETA: 17s - loss: 1.5990 - accuracy: 0.2500
12/86 [===>..........................] - ETA: 17s - loss: 1.5984 - accuracy: 0.2526
13/86 [===>..........................] - ETA: 17s - loss: 1.5987 - accuracy: 0.2548
14/86 [===>..........................] - ETA: 17s - loss: 1.5989 - accuracy: 0.2522
15/86 [====>.........................] - ETA: 16s - loss: 1.5994 - accuracy: 0.2521
16/86 [====>.........................] - ETA: 16s - loss: 1.5997 - accuracy: 0.2500
17/86 [====>.........................] - ETA: 16s - loss: 1.6010 - accuracy: 0.2463
18/86 [=====>........................] - ETA: 16s - loss: 1.6028 - accuracy: 0.2378
19/86 [=====>........................] - ETA: 15s - loss: 1.6021 - accuracy: 0.2401
20/86 [=====>........................] - ETA: 15s - loss: 1.6019 - accuracy: 0.2438
21/86 [======>.......................] - ETA: 15s - loss: 1.6035 - accuracy: 0.2381
22/86 [======>.......................] - ETA: 15s - loss: 1.6035 - accuracy: 0.2372
23/86 [=======>......................] - ETA: 14s - loss: 1.6023 - accuracy: 0.2351
24/86 [=======>......................] - ETA: 14s - loss: 1.6035 - accuracy: 0.2318
25/86 [=======>......................] - ETA: 14s - loss: 1.6034 - accuracy: 0.2338
26/86 [========>.....................] - ETA: 14s - loss: 1.6037 - accuracy: 0.2344
27/86 [========>.....................] - ETA: 14s - loss: 1.6035 - accuracy: 0.2384
28/86 [========>.....................] - ETA: 13s - loss: 1.6033 - accuracy: 0.2366
29/86 [=========>....................] - ETA: 13s - loss: 1.6017 - accuracy: 0.2403
30/86 [=========>....................] - ETA: 13s - loss: 1.6022 - accuracy: 0.2385
31/86 [=========>....................] - ETA: 13s - loss: 1.6024 - accuracy: 0.2389
32/86 [==========>...................] - ETA: 12s - loss: 1.6025 - accuracy: 0.2383
33/86 [==========>...................] - ETA: 12s - loss: 1.6023 - accuracy: 0.2386
34/86 [==========>...................] - ETA: 12s - loss: 1.6022 - accuracy: 0.2381
35/86 [===========>..................] - ETA: 12s - loss: 1.6018 - accuracy: 0.2384
36/86 [===========>..................] - ETA: 11s - loss: 1.6016 - accuracy: 0.2387
37/86 [===========>..................] - ETA: 11s - loss: 1.6015 - accuracy: 0.2394
38/86 [============>.................] - ETA: 11s - loss: 1.6020 - accuracy: 0.2364
39/86 [============>.................] - ETA: 11s - loss: 1.6017 - accuracy: 0.2352
40/86 [============>.................] - ETA: 10s - loss: 1.6014 - accuracy: 0.2347
41/86 [=============>................] - ETA: 10s - loss: 1.6014 - accuracy: 0.2359
42/86 [=============>................] - ETA: 10s - loss: 1.6011 - accuracy: 0.2377
43/86 [==============>...............] - ETA: 10s - loss: 1.6006 - accuracy: 0.2387
44/86 [==============>...............] - ETA: 9s - loss: 1.6006 - accuracy: 0.2376 
45/86 [==============>...............] - ETA: 9s - loss: 1.6005 - accuracy: 0.2371
46/86 [===============>..............] - ETA: 9s - loss: 1.6006 - accuracy: 0.2354
47/86 [===============>..............] - ETA: 9s - loss: 1.6003 - accuracy: 0.2390
48/86 [===============>..............] - ETA: 9s - loss: 1.6002 - accuracy: 0.2386
49/86 [================>.............] - ETA: 8s - loss: 1.5998 - accuracy: 0.2407
50/86 [================>.............] - ETA: 8s - loss: 1.5990 - accuracy: 0.2416
51/86 [================>.............] - ETA: 8s - loss: 1.5981 - accuracy: 0.2436
52/86 [=================>............] - ETA: 8s - loss: 1.5981 - accuracy: 0.2437
53/86 [=================>............] - ETA: 7s - loss: 1.5982 - accuracy: 0.2444
54/86 [=================>............] - ETA: 7s - loss: 1.5977 - accuracy: 0.2462
55/86 [==================>...........] - ETA: 7s - loss: 1.5981 - accuracy: 0.2463
56/86 [==================>...........] - ETA: 7s - loss: 1.5983 - accuracy: 0.2475
57/86 [==================>...........] - ETA: 6s - loss: 1.5982 - accuracy: 0.2481
58/86 [===================>..........] - ETA: 6s - loss: 1.5986 - accuracy: 0.2470
59/86 [===================>..........] - ETA: 6s - loss: 1.5979 - accuracy: 0.2476
60/86 [===================>..........] - ETA: 6s - loss: 1.5980 - accuracy: 0.2477
61/86 [====================>.........] - ETA: 5s - loss: 1.5985 - accuracy: 0.2472
62/86 [====================>.........] - ETA: 5s - loss: 1.5985 - accuracy: 0.2482
63/86 [====================>.........] - ETA: 5s - loss: 1.5987 - accuracy: 0.2483
64/86 [=====================>........] - ETA: 5s - loss: 1.5986 - accuracy: 0.2483
65/86 [=====================>........] - ETA: 4s - loss: 1.5986 - accuracy: 0.2474
66/86 [======================>.......] - ETA: 4s - loss: 1.5987 - accuracy: 0.2479
67/86 [======================>.......] - ETA: 4s - loss: 1.5986 - accuracy: 0.2479
68/86 [======================>.......] - ETA: 4s - loss: 1.5994 - accuracy: 0.2466
69/86 [=======================>......] - ETA: 4s - loss: 1.5993 - accuracy: 0.2461
70/86 [=======================>......] - ETA: 3s - loss: 1.5994 - accuracy: 0.2458
71/86 [=======================>......] - ETA: 3s - loss: 1.5998 - accuracy: 0.2449
72/86 [========================>.....] - ETA: 3s - loss: 1.6002 - accuracy: 0.2446
73/86 [========================>.....] - ETA: 3s - loss: 1.6002 - accuracy: 0.2451
74/86 [========================>.....] - ETA: 2s - loss: 1.6000 - accuracy: 0.2456
75/86 [=========================>....] - ETA: 2s - loss: 1.5995 - accuracy: 0.2469
76/86 [=========================>....] - ETA: 2s - loss: 1.5996 - accuracy: 0.2469
77/86 [=========================>....] - ETA: 2s - loss: 1.6000 - accuracy: 0.2465
78/86 [==========================>...] - ETA: 1s - loss: 1.6004 - accuracy: 0.2454
79/86 [==========================>...] - ETA: 1s - loss: 1.6003 - accuracy: 0.2451
80/86 [==========================>...] - ETA: 1s - loss: 1.6006 - accuracy: 0.2447
81/86 [===========================>..] - ETA: 1s - loss: 1.6004 - accuracy: 0.2456
82/86 [===========================>..] - ETA: 0s - loss: 1.6008 - accuracy: 0.2441
83/86 [===========================>..] - ETA: 0s - loss: 1.6009 - accuracy: 0.2438
84/86 [============================>.] - ETA: 0s - loss: 1.6006 - accuracy: 0.2442
85/86 [============================>.] - ETA: 0s - loss: 1.6000 - accuracy: 0.2461
86/86 [==============================] - 25s 296ms/step - loss: 1.6007 - accuracy: 0.2447 - val_loss: 1.6300 - val_accuracy: 0.2446
Epoch 10/10

 1/86 [..............................] - ETA: 19s - loss: 1.6171 - accuracy: 0.1875
 2/86 [..............................] - ETA: 19s - loss: 1.6139 - accuracy: 0.2031
 3/86 [>.............................] - ETA: 19s - loss: 1.6028 - accuracy: 0.2188
 4/86 [>.............................] - ETA: 19s - loss: 1.6034 - accuracy: 0.2422
 5/86 [>.............................] - ETA: 18s - loss: 1.6017 - accuracy: 0.2438
 6/86 [=>............................] - ETA: 18s - loss: 1.5977 - accuracy: 0.2708
 7/86 [=>............................] - ETA: 18s - loss: 1.5979 - accuracy: 0.2723
 8/86 [=>............................] - ETA: 18s - loss: 1.6022 - accuracy: 0.2539
 9/86 [==>...........................] - ETA: 17s - loss: 1.6042 - accuracy: 0.2465
10/86 [==>...........................] - ETA: 17s - loss: 1.6018 - accuracy: 0.2438
11/86 [==>...........................] - ETA: 17s - loss: 1.6009 - accuracy: 0.2500
12/86 [===>..........................] - ETA: 17s - loss: 1.6016 - accuracy: 0.2448
13/86 [===>..........................] - ETA: 17s - loss: 1.6004 - accuracy: 0.2476
14/86 [===>..........................] - ETA: 16s - loss: 1.6007 - accuracy: 0.2388
15/86 [====>.........................] - ETA: 16s - loss: 1.6020 - accuracy: 0.2375
16/86 [====>.........................] - ETA: 16s - loss: 1.6006 - accuracy: 0.2383
17/86 [====>.........................] - ETA: 16s - loss: 1.6010 - accuracy: 0.2335
18/86 [=====>........................] - ETA: 15s - loss: 1.5987 - accuracy: 0.2378
19/86 [=====>........................] - ETA: 15s - loss: 1.5985 - accuracy: 0.2385
20/86 [=====>........................] - ETA: 15s - loss: 1.5990 - accuracy: 0.2359
21/86 [======>.......................] - ETA: 15s - loss: 1.5990 - accuracy: 0.2396
22/86 [======>.......................] - ETA: 15s - loss: 1.5972 - accuracy: 0.2457
23/86 [=======>......................] - ETA: 14s - loss: 1.5980 - accuracy: 0.2432
24/86 [=======>......................] - ETA: 14s - loss: 1.5987 - accuracy: 0.2409
25/86 [=======>......................] - ETA: 14s - loss: 1.5990 - accuracy: 0.2375
26/86 [========>.....................] - ETA: 14s - loss: 1.5987 - accuracy: 0.2380
27/86 [========>.....................] - ETA: 13s - loss: 1.5994 - accuracy: 0.2326
28/86 [========>.....................] - ETA: 13s - loss: 1.5995 - accuracy: 0.2344
29/86 [=========>....................] - ETA: 13s - loss: 1.6004 - accuracy: 0.2328
30/86 [=========>....................] - ETA: 13s - loss: 1.6023 - accuracy: 0.2271
31/86 [=========>....................] - ETA: 13s - loss: 1.6019 - accuracy: 0.2288
32/86 [==========>...................] - ETA: 12s - loss: 1.6019 - accuracy: 0.2295
33/86 [==========>...................] - ETA: 12s - loss: 1.6008 - accuracy: 0.2358
34/86 [==========>...................] - ETA: 12s - loss: 1.6016 - accuracy: 0.2353
35/86 [===========>..................] - ETA: 12s - loss: 1.6010 - accuracy: 0.2393
36/86 [===========>..................] - ETA: 11s - loss: 1.6006 - accuracy: 0.2405
37/86 [===========>..................] - ETA: 11s - loss: 1.6007 - accuracy: 0.2407
38/86 [============>.................] - ETA: 11s - loss: 1.6001 - accuracy: 0.2418
39/86 [============>.................] - ETA: 11s - loss: 1.6001 - accuracy: 0.2412
40/86 [============>.................] - ETA: 10s - loss: 1.6010 - accuracy: 0.2391
41/86 [=============>................] - ETA: 10s - loss: 1.6011 - accuracy: 0.2370
42/86 [=============>................] - ETA: 10s - loss: 1.6008 - accuracy: 0.2381
43/86 [==============>...............] - ETA: 10s - loss: 1.6012 - accuracy: 0.2362
44/86 [==============>...............] - ETA: 9s - loss: 1.6003 - accuracy: 0.2372 
45/86 [==============>...............] - ETA: 9s - loss: 1.6002 - accuracy: 0.2375
46/86 [===============>..............] - ETA: 9s - loss: 1.6002 - accuracy: 0.2378
47/86 [===============>..............] - ETA: 9s - loss: 1.5999 - accuracy: 0.2400
48/86 [===============>..............] - ETA: 8s - loss: 1.5994 - accuracy: 0.2402
49/86 [================>.............] - ETA: 8s - loss: 1.5989 - accuracy: 0.2423
50/86 [================>.............] - ETA: 8s - loss: 1.5989 - accuracy: 0.2419
51/86 [================>.............] - ETA: 8s - loss: 1.5981 - accuracy: 0.2439
52/86 [=================>............] - ETA: 8s - loss: 1.5982 - accuracy: 0.2428
53/86 [=================>............] - ETA: 7s - loss: 1.5980 - accuracy: 0.2429
54/86 [=================>............] - ETA: 7s - loss: 1.5984 - accuracy: 0.2419
55/86 [==================>...........] - ETA: 7s - loss: 1.5981 - accuracy: 0.2432
56/86 [==================>...........] - ETA: 7s - loss: 1.5979 - accuracy: 0.2439
57/86 [==================>...........] - ETA: 6s - loss: 1.5979 - accuracy: 0.2434
58/86 [===================>..........] - ETA: 6s - loss: 1.5979 - accuracy: 0.2441
59/86 [===================>..........] - ETA: 6s - loss: 1.5985 - accuracy: 0.2431
60/86 [===================>..........] - ETA: 6s - loss: 1.5982 - accuracy: 0.2443
61/86 [====================>.........] - ETA: 5s - loss: 1.5983 - accuracy: 0.2449
62/86 [====================>.........] - ETA: 5s - loss: 1.5984 - accuracy: 0.2440
63/86 [====================>.........] - ETA: 5s - loss: 1.5980 - accuracy: 0.2455
64/86 [=====================>........] - ETA: 5s - loss: 1.5988 - accuracy: 0.2441
65/86 [=====================>........] - ETA: 4s - loss: 1.5993 - accuracy: 0.2433
66/86 [======================>.......] - ETA: 4s - loss: 1.5997 - accuracy: 0.2429
67/86 [======================>.......] - ETA: 4s - loss: 1.6001 - accuracy: 0.2435
68/86 [======================>.......] - ETA: 4s - loss: 1.5999 - accuracy: 0.2436
69/86 [=======================>......] - ETA: 3s - loss: 1.6000 - accuracy: 0.2437
70/86 [=======================>......] - ETA: 3s - loss: 1.6002 - accuracy: 0.2435
71/86 [=======================>......] - ETA: 3s - loss: 1.6002 - accuracy: 0.2436
72/86 [========================>.....] - ETA: 3s - loss: 1.5996 - accuracy: 0.2454
73/86 [========================>.....] - ETA: 3s - loss: 1.5996 - accuracy: 0.2446
74/86 [========================>.....] - ETA: 2s - loss: 1.5998 - accuracy: 0.2443
75/86 [=========================>....] - ETA: 2s - loss: 1.6002 - accuracy: 0.2440
76/86 [=========================>....] - ETA: 2s - loss: 1.6002 - accuracy: 0.2444
77/86 [=========================>....] - ETA: 2s - loss: 1.6003 - accuracy: 0.2441
78/86 [==========================>...] - ETA: 1s - loss: 1.6002 - accuracy: 0.2442
79/86 [==========================>...] - ETA: 1s - loss: 1.6004 - accuracy: 0.2435
80/86 [==========================>...] - ETA: 1s - loss: 1.6000 - accuracy: 0.2451
81/86 [===========================>..] - ETA: 1s - loss: 1.5998 - accuracy: 0.2452
82/86 [===========================>..] - ETA: 0s - loss: 1.5999 - accuracy: 0.2452
83/86 [===========================>..] - ETA: 0s - loss: 1.5999 - accuracy: 0.2460
84/86 [============================>.] - ETA: 0s - loss: 1.6003 - accuracy: 0.2453
85/86 [============================>.] - ETA: 0s - loss: 1.6002 - accuracy: 0.2454
86/86 [==============================] - 25s 296ms/step - loss: 1.6007 - accuracy: 0.2447 - val_loss: 1.6416 - val_accuracy: 0.2446
