Data exists in seperate training and validation directories? [Y/n] Provide the absolute path of the training data: 
Provide the absolute path of the validation data: 
Found 2750 images belonging to 5 classes.
Found 920 images belonging to 5 classes.
Epoch 1/10

 1/86 [..............................] - ETA: 8:36 - loss: 1.6784 - accuracy: 0.2500
 2/86 [..............................] - ETA: 4:39 - loss: 614.4666 - accuracy: 0.2344
 3/86 [>.............................] - ETA: 3:19 - loss: 410.4043 - accuracy: 0.2500
 4/86 [>.............................] - ETA: 2:39 - loss: 309.2909 - accuracy: 0.2422
 5/86 [>.............................] - ETA: 2:15 - loss: 247.7507 - accuracy: 0.2438
 6/86 [=>............................] - ETA: 1:59 - loss: 218.5952 - accuracy: 0.2344
 7/86 [=>............................] - ETA: 1:47 - loss: 187.5922 - accuracy: 0.2411
 8/86 [=>............................] - ETA: 1:38 - loss: 164.5201 - accuracy: 0.2266
 9/86 [==>...........................] - ETA: 1:31 - loss: 146.9659 - accuracy: 0.2222
10/86 [==>...........................] - ETA: 1:25 - loss: 132.4688 - accuracy: 0.2125
11/86 [==>...........................] - ETA: 1:20 - loss: 120.6086 - accuracy: 0.2045
12/86 [===>..........................] - ETA: 1:16 - loss: 110.8485 - accuracy: 0.2057
13/86 [===>..........................] - ETA: 1:12 - loss: 102.4839 - accuracy: 0.1971
14/86 [===>..........................] - ETA: 1:09 - loss: 95.7390 - accuracy: 0.1920 
15/86 [====>.........................] - ETA: 1:06 - loss: 89.4814 - accuracy: 0.1896
16/86 [====>.........................] - ETA: 1:04 - loss: 84.0384 - accuracy: 0.1875
17/86 [====>.........................] - ETA: 1:16 - loss: 79.2797 - accuracy: 0.1827
18/86 [=====>........................] - ETA: 1:13 - loss: 74.9635 - accuracy: 0.1882
19/86 [=====>........................] - ETA: 1:10 - loss: 71.1053 - accuracy: 0.1865
20/86 [=====>........................] - ETA: 1:08 - loss: 67.6307 - accuracy: 0.1912
21/86 [======>.......................] - ETA: 1:05 - loss: 64.4863 - accuracy: 0.1955
22/86 [======>.......................] - ETA: 1:03 - loss: 61.6294 - accuracy: 0.1952
23/86 [=======>......................] - ETA: 1:01 - loss: 59.0267 - accuracy: 0.1975
24/86 [=======>......................] - ETA: 59s - loss: 56.6337 - accuracy: 0.2023 
25/86 [=======>......................] - ETA: 57s - loss: 54.4337 - accuracy: 0.2030
26/86 [========>.....................] - ETA: 55s - loss: 52.4028 - accuracy: 0.2012
27/86 [========>.....................] - ETA: 53s - loss: 50.5215 - accuracy: 0.2030
28/86 [========>.....................] - ETA: 52s - loss: 48.7746 - accuracy: 0.2069
29/86 [=========>....................] - ETA: 50s - loss: 47.1477 - accuracy: 0.2084
30/86 [=========>....................] - ETA: 49s - loss: 45.6304 - accuracy: 0.2067
31/86 [=========>....................] - ETA: 47s - loss: 44.2109 - accuracy: 0.2091
32/86 [==========>...................] - ETA: 46s - loss: 42.8799 - accuracy: 0.2094
33/86 [==========>...................] - ETA: 45s - loss: 41.6310 - accuracy: 0.2078
34/86 [==========>...................] - ETA: 43s - loss: 40.4540 - accuracy: 0.2053
35/86 [===========>..................] - ETA: 42s - loss: 39.3446 - accuracy: 0.2048
36/86 [===========>..................] - ETA: 41s - loss: 38.2962 - accuracy: 0.2017
37/86 [===========>..................] - ETA: 40s - loss: 37.3057 - accuracy: 0.2014
38/86 [============>.................] - ETA: 39s - loss: 36.3647 - accuracy: 0.2051
39/86 [============>.................] - ETA: 38s - loss: 35.4729 - accuracy: 0.2079
40/86 [============>.................] - ETA: 37s - loss: 34.6267 - accuracy: 0.2081
41/86 [=============>................] - ETA: 36s - loss: 33.8192 - accuracy: 0.2130
42/86 [=============>................] - ETA: 35s - loss: 33.0518 - accuracy: 0.2139
43/86 [==============>...............] - ETA: 34s - loss: 32.3213 - accuracy: 0.2140
44/86 [==============>...............] - ETA: 33s - loss: 31.6228 - accuracy: 0.2183
45/86 [==============>...............] - ETA: 32s - loss: 30.9561 - accuracy: 0.2177
46/86 [===============>..............] - ETA: 31s - loss: 30.3180 - accuracy: 0.2177
47/86 [===============>..............] - ETA: 30s - loss: 29.7057 - accuracy: 0.2217
48/86 [===============>..............] - ETA: 29s - loss: 29.1222 - accuracy: 0.2210
49/86 [================>.............] - ETA: 28s - loss: 28.5601 - accuracy: 0.2209
50/86 [================>.............] - ETA: 27s - loss: 28.0214 - accuracy: 0.2222
51/86 [================>.............] - ETA: 26s - loss: 27.5036 - accuracy: 0.2221
52/86 [=================>............] - ETA: 25s - loss: 27.0052 - accuracy: 0.2232
53/86 [=================>............] - ETA: 24s - loss: 26.5253 - accuracy: 0.2273
54/86 [=================>............] - ETA: 23s - loss: 26.0647 - accuracy: 0.2260
55/86 [==================>...........] - ETA: 23s - loss: 25.6197 - accuracy: 0.2270
56/86 [==================>...........] - ETA: 22s - loss: 25.1909 - accuracy: 0.2263
57/86 [==================>...........] - ETA: 21s - loss: 24.7766 - accuracy: 0.2267
58/86 [===================>..........] - ETA: 20s - loss: 24.3771 - accuracy: 0.2265
59/86 [===================>..........] - ETA: 19s - loss: 23.9907 - accuracy: 0.2275
60/86 [===================>..........] - ETA: 19s - loss: 23.6177 - accuracy: 0.2273
61/86 [====================>.........] - ETA: 18s - loss: 23.2567 - accuracy: 0.2292
62/86 [====================>.........] - ETA: 17s - loss: 22.9070 - accuracy: 0.2296
63/86 [====================>.........] - ETA: 16s - loss: 22.5672 - accuracy: 0.2339
64/86 [=====================>........] - ETA: 15s - loss: 22.2440 - accuracy: 0.2331
65/86 [=====================>........] - ETA: 15s - loss: 21.9257 - accuracy: 0.2339
66/86 [======================>.......] - ETA: 14s - loss: 21.6186 - accuracy: 0.2327
67/86 [======================>.......] - ETA: 13s - loss: 21.3289 - accuracy: 0.2334
68/86 [======================>.......] - ETA: 12s - loss: 21.0397 - accuracy: 0.2332
69/86 [=======================>......] - ETA: 12s - loss: 20.7583 - accuracy: 0.2330
70/86 [=======================>......] - ETA: 11s - loss: 20.4847 - accuracy: 0.2324
71/86 [=======================>......] - ETA: 10s - loss: 20.2186 - accuracy: 0.2317
72/86 [========================>.....] - ETA: 9s - loss: 19.9654 - accuracy: 0.2294 
73/86 [========================>.....] - ETA: 9s - loss: 19.7144 - accuracy: 0.2296
74/86 [========================>.....] - ETA: 8s - loss: 19.4691 - accuracy: 0.2303
75/86 [=========================>....] - ETA: 7s - loss: 19.2310 - accuracy: 0.2302
76/86 [=========================>....] - ETA: 7s - loss: 18.9996 - accuracy: 0.2300
77/86 [=========================>....] - ETA: 6s - loss: 18.7743 - accuracy: 0.2291
78/86 [==========================>...] - ETA: 5s - loss: 18.5549 - accuracy: 0.2294
79/86 [==========================>...] - ETA: 4s - loss: 18.3404 - accuracy: 0.2304
80/86 [==========================>...] - ETA: 4s - loss: 18.4077 - accuracy: 0.2310
81/86 [===========================>..] - ETA: 3s - loss: 18.2006 - accuracy: 0.2297
82/86 [===========================>..] - ETA: 2s - loss: 17.9991 - accuracy: 0.2296
83/86 [===========================>..] - ETA: 2s - loss: 17.8029 - accuracy: 0.2283
84/86 [============================>.] - ETA: 1s - loss: 17.6102 - accuracy: 0.2267
85/86 [============================>.] - ETA: 0s - loss: 17.4219 - accuracy: 0.2266
86/86 [==============================] - 66s 766ms/step - loss: 17.2382 - accuracy: 0.2265 - val_loss: 1.6087 - val_accuracy: 0.2174
Epoch 2/10

 1/86 [..............................] - ETA: 49s - loss: 1.6089 - accuracy: 0.2812
 2/86 [..............................] - ETA: 49s - loss: 1.6091 - accuracy: 0.2344
 3/86 [>.............................] - ETA: 48s - loss: 1.6092 - accuracy: 0.2396
 4/86 [>.............................] - ETA: 47s - loss: 1.6093 - accuracy: 0.2422
 5/86 [>.............................] - ETA: 47s - loss: 1.6088 - accuracy: 0.2375
 6/86 [=>............................] - ETA: 46s - loss: 1.6096 - accuracy: 0.2188
 7/86 [=>............................] - ETA: 46s - loss: 1.6089 - accuracy: 0.2411
 8/86 [=>............................] - ETA: 45s - loss: 1.6085 - accuracy: 0.2500
 9/86 [==>...........................] - ETA: 45s - loss: 1.6082 - accuracy: 0.2535
10/86 [==>...........................] - ETA: 44s - loss: 1.6079 - accuracy: 0.2500
11/86 [==>...........................] - ETA: 43s - loss: 1.6079 - accuracy: 0.2415
12/86 [===>..........................] - ETA: 43s - loss: 1.6079 - accuracy: 0.2396
13/86 [===>..........................] - ETA: 42s - loss: 1.6081 - accuracy: 0.2284
14/86 [===>..........................] - ETA: 42s - loss: 1.6081 - accuracy: 0.2299
15/86 [====>.........................] - ETA: 41s - loss: 1.6082 - accuracy: 0.2208
16/86 [====>.........................] - ETA: 40s - loss: 1.6081 - accuracy: 0.2188
17/86 [====>.........................] - ETA: 40s - loss: 1.6083 - accuracy: 0.2151
18/86 [=====>........................] - ETA: 39s - loss: 1.6084 - accuracy: 0.2101
19/86 [=====>........................] - ETA: 39s - loss: 1.6084 - accuracy: 0.2072
20/86 [=====>........................] - ETA: 38s - loss: 1.6081 - accuracy: 0.2031
21/86 [======>.......................] - ETA: 37s - loss: 1.6082 - accuracy: 0.2039
22/86 [======>.......................] - ETA: 37s - loss: 1.6082 - accuracy: 0.2017
23/86 [=======>......................] - ETA: 36s - loss: 1.6080 - accuracy: 0.2065
24/86 [=======>......................] - ETA: 35s - loss: 1.6082 - accuracy: 0.2031
25/86 [=======>......................] - ETA: 35s - loss: 1.6078 - accuracy: 0.2050
26/86 [========>.....................] - ETA: 34s - loss: 1.6078 - accuracy: 0.2043
27/86 [========>.....................] - ETA: 34s - loss: 1.6078 - accuracy: 0.2060
28/86 [========>.....................] - ETA: 33s - loss: 1.6074 - accuracy: 0.2098
29/86 [=========>....................] - ETA: 32s - loss: 1.6073 - accuracy: 0.2123
30/86 [=========>....................] - ETA: 32s - loss: 1.6074 - accuracy: 0.2115
31/86 [=========>....................] - ETA: 31s - loss: 1.6072 - accuracy: 0.2107
32/86 [==========>...................] - ETA: 31s - loss: 1.6069 - accuracy: 0.2090
33/86 [==========>...................] - ETA: 30s - loss: 1.6067 - accuracy: 0.2093
34/86 [==========>...................] - ETA: 29s - loss: 1.6068 - accuracy: 0.2086
35/86 [===========>..................] - ETA: 29s - loss: 1.6064 - accuracy: 0.2098
36/86 [===========>..................] - ETA: 28s - loss: 1.6066 - accuracy: 0.2092
37/86 [===========>..................] - ETA: 28s - loss: 1.6065 - accuracy: 0.2086
38/86 [============>.................] - ETA: 27s - loss: 1.6066 - accuracy: 0.2064
39/86 [============>.................] - ETA: 26s - loss: 1.6070 - accuracy: 0.2059
40/86 [============>.................] - ETA: 26s - loss: 1.6068 - accuracy: 0.2109
41/86 [=============>................] - ETA: 25s - loss: 1.6068 - accuracy: 0.2119
42/86 [=============>................] - ETA: 25s - loss: 1.6069 - accuracy: 0.2150
43/86 [==============>...............] - ETA: 24s - loss: 1.6068 - accuracy: 0.2158
44/86 [==============>...............] - ETA: 24s - loss: 1.6069 - accuracy: 0.2138
45/86 [==============>...............] - ETA: 23s - loss: 1.6068 - accuracy: 0.2146
46/86 [===============>..............] - ETA: 22s - loss: 1.6073 - accuracy: 0.2116
47/86 [===============>..............] - ETA: 22s - loss: 1.6074 - accuracy: 0.2117
48/86 [===============>..............] - ETA: 21s - loss: 1.6073 - accuracy: 0.2132
49/86 [================>.............] - ETA: 21s - loss: 1.6076 - accuracy: 0.2114
50/86 [================>.............] - ETA: 20s - loss: 1.6076 - accuracy: 0.2103
51/86 [================>.............] - ETA: 19s - loss: 1.6078 - accuracy: 0.2080
52/86 [=================>............] - ETA: 19s - loss: 1.6080 - accuracy: 0.2082
53/86 [=================>............] - ETA: 18s - loss: 1.6077 - accuracy: 0.2102
54/86 [=================>............] - ETA: 18s - loss: 1.6077 - accuracy: 0.2103
55/86 [==================>...........] - ETA: 17s - loss: 1.6076 - accuracy: 0.2105
56/86 [==================>...........] - ETA: 17s - loss: 1.6073 - accuracy: 0.2123
57/86 [==================>...........] - ETA: 16s - loss: 1.6075 - accuracy: 0.2113
58/86 [===================>..........] - ETA: 15s - loss: 1.6072 - accuracy: 0.2114
59/86 [===================>..........] - ETA: 15s - loss: 1.6072 - accuracy: 0.2110
60/86 [===================>..........] - ETA: 14s - loss: 1.6075 - accuracy: 0.2096
61/86 [====================>.........] - ETA: 14s - loss: 1.6076 - accuracy: 0.2103
62/86 [====================>.........] - ETA: 13s - loss: 1.6074 - accuracy: 0.2129
63/86 [====================>.........] - ETA: 13s - loss: 1.6072 - accuracy: 0.2130
64/86 [=====================>........] - ETA: 12s - loss: 1.6069 - accuracy: 0.2160
65/86 [=====================>........] - ETA: 11s - loss: 1.6069 - accuracy: 0.2161
66/86 [======================>.......] - ETA: 11s - loss: 1.6070 - accuracy: 0.2161
67/86 [======================>.......] - ETA: 10s - loss: 1.6069 - accuracy: 0.2162
68/86 [======================>.......] - ETA: 10s - loss: 1.6068 - accuracy: 0.2162
69/86 [=======================>......] - ETA: 9s - loss: 1.6067 - accuracy: 0.2171 
70/86 [=======================>......] - ETA: 9s - loss: 1.6067 - accuracy: 0.2176
71/86 [=======================>......] - ETA: 8s - loss: 1.6068 - accuracy: 0.2172
72/86 [========================>.....] - ETA: 7s - loss: 1.6067 - accuracy: 0.2181
73/86 [========================>.....] - ETA: 7s - loss: 1.6065 - accuracy: 0.2194
74/86 [========================>.....] - ETA: 6s - loss: 1.6066 - accuracy: 0.2185
75/86 [=========================>....] - ETA: 6s - loss: 1.6066 - accuracy: 0.2181
76/86 [=========================>....] - ETA: 5s - loss: 1.6065 - accuracy: 0.2189
77/86 [=========================>....] - ETA: 5s - loss: 1.6064 - accuracy: 0.2197
78/86 [==========================>...] - ETA: 4s - loss: 1.6063 - accuracy: 0.2209
79/86 [==========================>...] - ETA: 3s - loss: 1.6060 - accuracy: 0.2217
80/86 [==========================>...] - ETA: 3s - loss: 1.6059 - accuracy: 0.2240
81/86 [===========================>..] - ETA: 2s - loss: 1.6057 - accuracy: 0.2247
82/86 [===========================>..] - ETA: 2s - loss: 1.6054 - accuracy: 0.2258
83/86 [===========================>..] - ETA: 1s - loss: 1.6055 - accuracy: 0.2257
84/86 [============================>.] - ETA: 1s - loss: 1.6055 - accuracy: 0.2241
85/86 [============================>.] - ETA: 0s - loss: 1.6058 - accuracy: 0.2233
86/86 [==============================] - 53s 620ms/step - loss: 1.6057 - accuracy: 0.2218 - val_loss: 1.6039 - val_accuracy: 0.2446
Epoch 3/10

 1/86 [..............................] - ETA: 46s - loss: 1.5788 - accuracy: 0.4062
 2/86 [..............................] - ETA: 45s - loss: 1.5862 - accuracy: 0.3438
 3/86 [>.............................] - ETA: 45s - loss: 1.5965 - accuracy: 0.3021
 4/86 [>.............................] - ETA: 44s - loss: 1.5989 - accuracy: 0.3281
 5/86 [>.............................] - ETA: 44s - loss: 1.5984 - accuracy: 0.3125
 6/86 [=>............................] - ETA: 43s - loss: 1.6020 - accuracy: 0.2760
 7/86 [=>............................] - ETA: 43s - loss: 1.5986 - accuracy: 0.2946
 8/86 [=>............................] - ETA: 42s - loss: 1.6020 - accuracy: 0.2773
 9/86 [==>...........................] - ETA: 42s - loss: 1.6040 - accuracy: 0.2674
10/86 [==>...........................] - ETA: 41s - loss: 1.6026 - accuracy: 0.2719
11/86 [==>...........................] - ETA: 40s - loss: 1.6042 - accuracy: 0.2557
12/86 [===>..........................] - ETA: 40s - loss: 1.6040 - accuracy: 0.2552
13/86 [===>..........................] - ETA: 39s - loss: 1.6032 - accuracy: 0.2500
14/86 [===>..........................] - ETA: 39s - loss: 1.6011 - accuracy: 0.2500
15/86 [====>.........................] - ETA: 38s - loss: 1.6013 - accuracy: 0.2479
16/86 [====>.........................] - ETA: 38s - loss: 1.6011 - accuracy: 0.2520
17/86 [====>.........................] - ETA: 37s - loss: 1.6008 - accuracy: 0.2537
18/86 [=====>........................] - ETA: 37s - loss: 1.6015 - accuracy: 0.2517
19/86 [=====>........................] - ETA: 36s - loss: 1.6017 - accuracy: 0.2484
20/86 [=====>........................] - ETA: 36s - loss: 1.5997 - accuracy: 0.2516
21/86 [======>.......................] - ETA: 35s - loss: 1.6002 - accuracy: 0.2485
22/86 [======>.......................] - ETA: 34s - loss: 1.6008 - accuracy: 0.2457
23/86 [=======>......................] - ETA: 34s - loss: 1.6006 - accuracy: 0.2446
24/86 [=======>......................] - ETA: 33s - loss: 1.6005 - accuracy: 0.2474
25/86 [=======>......................] - ETA: 33s - loss: 1.6009 - accuracy: 0.2500
26/86 [========>.....................] - ETA: 32s - loss: 1.6007 - accuracy: 0.2524
27/86 [========>.....................] - ETA: 32s - loss: 1.6007 - accuracy: 0.2558
28/86 [========>.....................] - ETA: 31s - loss: 1.6006 - accuracy: 0.2533
29/86 [=========>....................] - ETA: 31s - loss: 1.6001 - accuracy: 0.2527
30/86 [=========>....................] - ETA: 30s - loss: 1.6008 - accuracy: 0.2463
31/86 [=========>....................] - ETA: 30s - loss: 1.6019 - accuracy: 0.2434
32/86 [==========>...................] - ETA: 29s - loss: 1.6018 - accuracy: 0.2446
33/86 [==========>...................] - ETA: 28s - loss: 1.6011 - accuracy: 0.2486
34/86 [==========>...................] - ETA: 28s - loss: 1.6000 - accuracy: 0.2523
35/86 [===========>..................] - ETA: 27s - loss: 1.5999 - accuracy: 0.2513
36/86 [===========>..................] - ETA: 27s - loss: 1.5991 - accuracy: 0.2513
37/86 [===========>..................] - ETA: 26s - loss: 1.5990 - accuracy: 0.2530
38/86 [============>.................] - ETA: 26s - loss: 1.5986 - accuracy: 0.2529
39/86 [============>.................] - ETA: 25s - loss: 1.5987 - accuracy: 0.2520
40/86 [============>.................] - ETA: 25s - loss: 1.5992 - accuracy: 0.2504
41/86 [=============>................] - ETA: 24s - loss: 1.5995 - accuracy: 0.2519
42/86 [=============>................] - ETA: 24s - loss: 1.6000 - accuracy: 0.2496
43/86 [==============>...............] - ETA: 23s - loss: 1.6002 - accuracy: 0.2504
44/86 [==============>...............] - ETA: 22s - loss: 1.6002 - accuracy: 0.2468
45/86 [==============>...............] - ETA: 22s - loss: 1.6003 - accuracy: 0.2476
46/86 [===============>..............] - ETA: 21s - loss: 1.6001 - accuracy: 0.2497
47/86 [===============>..............] - ETA: 21s - loss: 1.6002 - accuracy: 0.2490
48/86 [===============>..............] - ETA: 20s - loss: 1.6005 - accuracy: 0.2477
49/86 [================>.............] - ETA: 20s - loss: 1.6005 - accuracy: 0.2478
50/86 [================>.............] - ETA: 19s - loss: 1.6015 - accuracy: 0.2441
51/86 [================>.............] - ETA: 19s - loss: 1.6009 - accuracy: 0.2442
52/86 [=================>............] - ETA: 18s - loss: 1.6005 - accuracy: 0.2425
53/86 [=================>............] - ETA: 18s - loss: 1.6005 - accuracy: 0.2432
54/86 [=================>............] - ETA: 17s - loss: 1.6007 - accuracy: 0.2422
55/86 [==================>...........] - ETA: 16s - loss: 1.6013 - accuracy: 0.2418
56/86 [==================>...........] - ETA: 16s - loss: 1.6019 - accuracy: 0.2419
57/86 [==================>...........] - ETA: 15s - loss: 1.6016 - accuracy: 0.2426
58/86 [===================>..........] - ETA: 15s - loss: 1.6019 - accuracy: 0.2422
59/86 [===================>..........] - ETA: 14s - loss: 1.6019 - accuracy: 0.2418
60/86 [===================>..........] - ETA: 14s - loss: 1.6021 - accuracy: 0.2409
61/86 [====================>.........] - ETA: 13s - loss: 1.6023 - accuracy: 0.2410
62/86 [====================>.........] - ETA: 13s - loss: 1.6020 - accuracy: 0.2422
63/86 [====================>.........] - ETA: 12s - loss: 1.6018 - accuracy: 0.2443
64/86 [=====================>........] - ETA: 12s - loss: 1.6016 - accuracy: 0.2454
65/86 [=====================>........] - ETA: 11s - loss: 1.6014 - accuracy: 0.2459
66/86 [======================>.......] - ETA: 10s - loss: 1.6011 - accuracy: 0.2455
67/86 [======================>.......] - ETA: 10s - loss: 1.6014 - accuracy: 0.2456
68/86 [======================>.......] - ETA: 9s - loss: 1.6018 - accuracy: 0.2447 
69/86 [=======================>......] - ETA: 9s - loss: 1.6021 - accuracy: 0.2443
70/86 [=======================>......] - ETA: 8s - loss: 1.6020 - accuracy: 0.2440
71/86 [=======================>......] - ETA: 8s - loss: 1.6024 - accuracy: 0.2427
72/86 [========================>.....] - ETA: 7s - loss: 1.6023 - accuracy: 0.2441
73/86 [========================>.....] - ETA: 7s - loss: 1.6022 - accuracy: 0.2429
74/86 [========================>.....] - ETA: 6s - loss: 1.6021 - accuracy: 0.2430
75/86 [=========================>....] - ETA: 6s - loss: 1.6020 - accuracy: 0.2444
76/86 [=========================>....] - ETA: 5s - loss: 1.6019 - accuracy: 0.2449
77/86 [=========================>....] - ETA: 4s - loss: 1.6019 - accuracy: 0.2453
78/86 [==========================>...] - ETA: 4s - loss: 1.6016 - accuracy: 0.2458
79/86 [==========================>...] - ETA: 3s - loss: 1.6019 - accuracy: 0.2454
80/86 [==========================>...] - ETA: 3s - loss: 1.6019 - accuracy: 0.2455
81/86 [===========================>..] - ETA: 2s - loss: 1.6016 - accuracy: 0.2463
82/86 [===========================>..] - ETA: 2s - loss: 1.6016 - accuracy: 0.2460
83/86 [===========================>..] - ETA: 1s - loss: 1.6016 - accuracy: 0.2460
84/86 [============================>.] - ETA: 1s - loss: 1.6018 - accuracy: 0.2461
85/86 [============================>.] - ETA: 0s - loss: 1.6018 - accuracy: 0.2450
86/86 [==============================] - 52s 606ms/step - loss: 1.6019 - accuracy: 0.2447 - val_loss: 1.6219 - val_accuracy: 0.2446
Epoch 4/10

 1/86 [..............................] - ETA: 46s - loss: 1.6078 - accuracy: 0.2812
 2/86 [..............................] - ETA: 46s - loss: 1.5965 - accuracy: 0.2500
 3/86 [>.............................] - ETA: 45s - loss: 1.6019 - accuracy: 0.2500
 4/86 [>.............................] - ETA: 46s - loss: 1.6054 - accuracy: 0.2344
 5/86 [>.............................] - ETA: 45s - loss: 1.6069 - accuracy: 0.2375
 6/86 [=>............................] - ETA: 45s - loss: 1.6075 - accuracy: 0.2344
 7/86 [=>............................] - ETA: 44s - loss: 1.6058 - accuracy: 0.2366
 8/86 [=>............................] - ETA: 43s - loss: 1.6056 - accuracy: 0.2422
 9/86 [==>...........................] - ETA: 43s - loss: 1.6055 - accuracy: 0.2465
10/86 [==>...........................] - ETA: 42s - loss: 1.6060 - accuracy: 0.2406
11/86 [==>...........................] - ETA: 41s - loss: 1.6035 - accuracy: 0.2443
12/86 [===>..........................] - ETA: 41s - loss: 1.6057 - accuracy: 0.2344
13/86 [===>..........................] - ETA: 40s - loss: 1.6061 - accuracy: 0.2332
14/86 [===>..........................] - ETA: 40s - loss: 1.6061 - accuracy: 0.2299
15/86 [====>.........................] - ETA: 39s - loss: 1.6053 - accuracy: 0.2354
16/86 [====>.........................] - ETA: 39s - loss: 1.6064 - accuracy: 0.2333
17/86 [====>.........................] - ETA: 38s - loss: 1.6051 - accuracy: 0.2417
18/86 [=====>........................] - ETA: 37s - loss: 1.6056 - accuracy: 0.2422
19/86 [=====>........................] - ETA: 37s - loss: 1.6030 - accuracy: 0.2525
20/86 [=====>........................] - ETA: 36s - loss: 1.6030 - accuracy: 0.2539
21/86 [======>.......................] - ETA: 36s - loss: 1.6024 - accuracy: 0.2522
22/86 [======>.......................] - ETA: 35s - loss: 1.6016 - accuracy: 0.2550
23/86 [=======>......................] - ETA: 35s - loss: 1.6006 - accuracy: 0.2561
24/86 [=======>......................] - ETA: 34s - loss: 1.6009 - accuracy: 0.2546
25/86 [=======>......................] - ETA: 34s - loss: 1.6016 - accuracy: 0.2494
26/86 [========>.....................] - ETA: 33s - loss: 1.6006 - accuracy: 0.2530
27/86 [========>.....................] - ETA: 33s - loss: 1.6021 - accuracy: 0.2494
28/86 [========>.....................] - ETA: 32s - loss: 1.6017 - accuracy: 0.2517
29/86 [=========>....................] - ETA: 31s - loss: 1.6010 - accuracy: 0.2538
30/86 [=========>....................] - ETA: 31s - loss: 1.6011 - accuracy: 0.2516
31/86 [=========>....................] - ETA: 30s - loss: 1.6010 - accuracy: 0.2495
32/86 [==========>...................] - ETA: 30s - loss: 1.6014 - accuracy: 0.2495
33/86 [==========>...................] - ETA: 29s - loss: 1.6010 - accuracy: 0.2533
34/86 [==========>...................] - ETA: 29s - loss: 1.6004 - accuracy: 0.2551
35/86 [===========>..................] - ETA: 28s - loss: 1.6005 - accuracy: 0.2549
36/86 [===========>..................] - ETA: 28s - loss: 1.5995 - accuracy: 0.2565
37/86 [===========>..................] - ETA: 27s - loss: 1.5998 - accuracy: 0.2547
38/86 [============>.................] - ETA: 27s - loss: 1.5992 - accuracy: 0.2545
39/86 [============>.................] - ETA: 26s - loss: 1.6000 - accuracy: 0.2528
40/86 [============>.................] - ETA: 25s - loss: 1.6005 - accuracy: 0.2504
41/86 [=============>................] - ETA: 25s - loss: 1.6001 - accuracy: 0.2496
42/86 [=============>................] - ETA: 24s - loss: 1.6002 - accuracy: 0.2496
43/86 [==============>...............] - ETA: 24s - loss: 1.6006 - accuracy: 0.2489
44/86 [==============>...............] - ETA: 23s - loss: 1.5998 - accuracy: 0.2518
45/86 [==============>...............] - ETA: 23s - loss: 1.5990 - accuracy: 0.2517
46/86 [===============>..............] - ETA: 22s - loss: 1.5991 - accuracy: 0.2510
47/86 [===============>..............] - ETA: 21s - loss: 1.5987 - accuracy: 0.2517
48/86 [===============>..............] - ETA: 21s - loss: 1.5992 - accuracy: 0.2497
49/86 [================>.............] - ETA: 20s - loss: 1.5986 - accuracy: 0.2535
50/86 [================>.............] - ETA: 20s - loss: 1.5988 - accuracy: 0.2547
51/86 [================>.............] - ETA: 19s - loss: 1.6001 - accuracy: 0.2521
52/86 [=================>............] - ETA: 19s - loss: 1.5995 - accuracy: 0.2545
53/86 [=================>............] - ETA: 18s - loss: 1.5995 - accuracy: 0.2538
54/86 [=================>............] - ETA: 17s - loss: 1.5997 - accuracy: 0.2520
55/86 [==================>...........] - ETA: 17s - loss: 1.5998 - accuracy: 0.2526
56/86 [==================>...........] - ETA: 16s - loss: 1.5997 - accuracy: 0.2514
57/86 [==================>...........] - ETA: 16s - loss: 1.5998 - accuracy: 0.2514
58/86 [===================>..........] - ETA: 15s - loss: 1.5998 - accuracy: 0.2530
59/86 [===================>..........] - ETA: 15s - loss: 1.5991 - accuracy: 0.2556
60/86 [===================>..........] - ETA: 14s - loss: 1.5996 - accuracy: 0.2534
61/86 [====================>.........] - ETA: 14s - loss: 1.6001 - accuracy: 0.2518
62/86 [====================>.........] - ETA: 13s - loss: 1.5996 - accuracy: 0.2528
63/86 [====================>.........] - ETA: 12s - loss: 1.6001 - accuracy: 0.2507
64/86 [=====================>........] - ETA: 12s - loss: 1.6002 - accuracy: 0.2507
65/86 [=====================>........] - ETA: 11s - loss: 1.6005 - accuracy: 0.2502
66/86 [======================>.......] - ETA: 11s - loss: 1.6004 - accuracy: 0.2507
67/86 [======================>.......] - ETA: 10s - loss: 1.6009 - accuracy: 0.2493
68/86 [======================>.......] - ETA: 10s - loss: 1.6008 - accuracy: 0.2484
69/86 [=======================>......] - ETA: 9s - loss: 1.6009 - accuracy: 0.2480 
70/86 [=======================>......] - ETA: 8s - loss: 1.6006 - accuracy: 0.2489
71/86 [=======================>......] - ETA: 8s - loss: 1.6011 - accuracy: 0.2471
72/86 [========================>.....] - ETA: 7s - loss: 1.6008 - accuracy: 0.2476
73/86 [========================>.....] - ETA: 7s - loss: 1.6004 - accuracy: 0.2489
74/86 [========================>.....] - ETA: 6s - loss: 1.6003 - accuracy: 0.2498
75/86 [=========================>....] - ETA: 6s - loss: 1.6003 - accuracy: 0.2498
76/86 [=========================>....] - ETA: 5s - loss: 1.6004 - accuracy: 0.2494
77/86 [=========================>....] - ETA: 5s - loss: 1.6003 - accuracy: 0.2494
78/86 [==========================>...] - ETA: 4s - loss: 1.6006 - accuracy: 0.2478
79/86 [==========================>...] - ETA: 3s - loss: 1.6011 - accuracy: 0.2462
80/86 [==========================>...] - ETA: 3s - loss: 1.6014 - accuracy: 0.2459
81/86 [===========================>..] - ETA: 2s - loss: 1.6013 - accuracy: 0.2448
82/86 [===========================>..] - ETA: 2s - loss: 1.6011 - accuracy: 0.2452
83/86 [===========================>..] - ETA: 1s - loss: 1.6013 - accuracy: 0.2449
84/86 [============================>.] - ETA: 1s - loss: 1.6013 - accuracy: 0.2446
85/86 [============================>.] - ETA: 0s - loss: 1.6007 - accuracy: 0.2458
86/86 [==============================] - 53s 619ms/step - loss: 1.6009 - accuracy: 0.2447 - val_loss: 1.5438 - val_accuracy: 0.2446
Epoch 5/10

 1/86 [..............................] - ETA: 46s - loss: 1.5826 - accuracy: 0.3125
 2/86 [..............................] - ETA: 46s - loss: 1.5914 - accuracy: 0.2500
 3/86 [>.............................] - ETA: 45s - loss: 1.5964 - accuracy: 0.2500
 4/86 [>.............................] - ETA: 45s - loss: 1.6014 - accuracy: 0.2422
 5/86 [>.............................] - ETA: 44s - loss: 1.6009 - accuracy: 0.2500
 6/86 [=>............................] - ETA: 44s - loss: 1.5999 - accuracy: 0.2656
 7/86 [=>............................] - ETA: 43s - loss: 1.5963 - accuracy: 0.2723
 8/86 [=>............................] - ETA: 43s - loss: 1.5974 - accuracy: 0.2695
 9/86 [==>...........................] - ETA: 42s - loss: 1.5955 - accuracy: 0.2674
10/86 [==>...........................] - ETA: 42s - loss: 1.5961 - accuracy: 0.2625
11/86 [==>...........................] - ETA: 41s - loss: 1.5949 - accuracy: 0.2670
12/86 [===>..........................] - ETA: 41s - loss: 1.5986 - accuracy: 0.2604
13/86 [===>..........................] - ETA: 40s - loss: 1.6012 - accuracy: 0.2524
14/86 [===>..........................] - ETA: 39s - loss: 1.6005 - accuracy: 0.2545
15/86 [====>.........................] - ETA: 39s - loss: 1.6018 - accuracy: 0.2500
16/86 [====>.........................] - ETA: 38s - loss: 1.6009 - accuracy: 0.2559
17/86 [====>.........................] - ETA: 38s - loss: 1.6003 - accuracy: 0.2555
18/86 [=====>........................] - ETA: 37s - loss: 1.5998 - accuracy: 0.2552
19/86 [=====>........................] - ETA: 37s - loss: 1.6021 - accuracy: 0.2500
20/86 [=====>........................] - ETA: 36s - loss: 1.6028 - accuracy: 0.2469
21/86 [======>.......................] - ETA: 36s - loss: 1.6004 - accuracy: 0.2515
22/86 [======>.......................] - ETA: 35s - loss: 1.6002 - accuracy: 0.2472
23/86 [=======>......................] - ETA: 34s - loss: 1.5997 - accuracy: 0.2500
24/86 [=======>......................] - ETA: 34s - loss: 1.5985 - accuracy: 0.2526
25/86 [=======>......................] - ETA: 33s - loss: 1.5975 - accuracy: 0.2537
26/86 [========>.....................] - ETA: 33s - loss: 1.5994 - accuracy: 0.2500
27/86 [========>.....................] - ETA: 32s - loss: 1.5998 - accuracy: 0.2477
28/86 [========>.....................] - ETA: 32s - loss: 1.6006 - accuracy: 0.2455
29/86 [=========>....................] - ETA: 31s - loss: 1.5990 - accuracy: 0.2500
30/86 [=========>....................] - ETA: 30s - loss: 1.5979 - accuracy: 0.2531
31/86 [=========>....................] - ETA: 30s - loss: 1.5991 - accuracy: 0.2475
32/86 [==========>...................] - ETA: 29s - loss: 1.6000 - accuracy: 0.2446
33/86 [==========>...................] - ETA: 29s - loss: 1.6001 - accuracy: 0.2438
34/86 [==========>...................] - ETA: 28s - loss: 1.6004 - accuracy: 0.2422
35/86 [===========>..................] - ETA: 28s - loss: 1.6002 - accuracy: 0.2451
36/86 [===========>..................] - ETA: 27s - loss: 1.5999 - accuracy: 0.2470
37/86 [===========>..................] - ETA: 27s - loss: 1.5997 - accuracy: 0.2470
38/86 [============>.................] - ETA: 26s - loss: 1.6005 - accuracy: 0.2438
39/86 [============>.................] - ETA: 25s - loss: 1.6004 - accuracy: 0.2424
40/86 [============>.................] - ETA: 25s - loss: 1.6003 - accuracy: 0.2426
41/86 [=============>................] - ETA: 24s - loss: 1.6003 - accuracy: 0.2412
42/86 [=============>................] - ETA: 24s - loss: 1.6007 - accuracy: 0.2392
43/86 [==============>...............] - ETA: 23s - loss: 1.6002 - accuracy: 0.2409
44/86 [==============>...............] - ETA: 23s - loss: 1.6010 - accuracy: 0.2390
45/86 [==============>...............] - ETA: 22s - loss: 1.6017 - accuracy: 0.2371
46/86 [===============>..............] - ETA: 22s - loss: 1.6018 - accuracy: 0.2388
47/86 [===============>..............] - ETA: 21s - loss: 1.6010 - accuracy: 0.2403
48/86 [===============>..............] - ETA: 21s - loss: 1.6006 - accuracy: 0.2412
49/86 [================>.............] - ETA: 20s - loss: 1.6006 - accuracy: 0.2414
50/86 [================>.............] - ETA: 20s - loss: 1.6007 - accuracy: 0.2422
51/86 [================>.............] - ETA: 19s - loss: 1.6010 - accuracy: 0.2436
52/86 [=================>............] - ETA: 18s - loss: 1.6008 - accuracy: 0.2431
53/86 [=================>............] - ETA: 18s - loss: 1.6012 - accuracy: 0.2426
54/86 [=================>............] - ETA: 17s - loss: 1.6014 - accuracy: 0.2428
55/86 [==================>...........] - ETA: 17s - loss: 1.6013 - accuracy: 0.2435
56/86 [==================>...........] - ETA: 16s - loss: 1.6011 - accuracy: 0.2453
57/86 [==================>...........] - ETA: 16s - loss: 1.6009 - accuracy: 0.2464
58/86 [===================>..........] - ETA: 15s - loss: 1.6004 - accuracy: 0.2487
59/86 [===================>..........] - ETA: 15s - loss: 1.5998 - accuracy: 0.2497
60/86 [===================>..........] - ETA: 14s - loss: 1.5998 - accuracy: 0.2487
61/86 [====================>.........] - ETA: 13s - loss: 1.5996 - accuracy: 0.2508
62/86 [====================>.........] - ETA: 13s - loss: 1.5996 - accuracy: 0.2492
63/86 [====================>.........] - ETA: 12s - loss: 1.5998 - accuracy: 0.2493
64/86 [=====================>........] - ETA: 12s - loss: 1.6001 - accuracy: 0.2493
65/86 [=====================>........] - ETA: 11s - loss: 1.6003 - accuracy: 0.2474
66/86 [======================>.......] - ETA: 11s - loss: 1.6000 - accuracy: 0.2483
67/86 [======================>.......] - ETA: 10s - loss: 1.5996 - accuracy: 0.2493
68/86 [======================>.......] - ETA: 10s - loss: 1.5991 - accuracy: 0.2502
69/86 [=======================>......] - ETA: 9s - loss: 1.5986 - accuracy: 0.2502 
70/86 [=======================>......] - ETA: 8s - loss: 1.5986 - accuracy: 0.2493
71/86 [=======================>......] - ETA: 8s - loss: 1.5987 - accuracy: 0.2498
72/86 [========================>.....] - ETA: 7s - loss: 1.5988 - accuracy: 0.2493
73/86 [========================>.....] - ETA: 7s - loss: 1.5988 - accuracy: 0.2494
74/86 [========================>.....] - ETA: 6s - loss: 1.5988 - accuracy: 0.2489
75/86 [=========================>....] - ETA: 6s - loss: 1.5988 - accuracy: 0.2498
76/86 [=========================>....] - ETA: 5s - loss: 1.5991 - accuracy: 0.2490
77/86 [=========================>....] - ETA: 5s - loss: 1.5995 - accuracy: 0.2486
78/86 [==========================>...] - ETA: 4s - loss: 1.6000 - accuracy: 0.2478
79/86 [==========================>...] - ETA: 3s - loss: 1.5996 - accuracy: 0.2486
80/86 [==========================>...] - ETA: 3s - loss: 1.5994 - accuracy: 0.2490
81/86 [===========================>..] - ETA: 2s - loss: 1.5996 - accuracy: 0.2483
82/86 [===========================>..] - ETA: 2s - loss: 1.5999 - accuracy: 0.2471
83/86 [===========================>..] - ETA: 1s - loss: 1.6003 - accuracy: 0.2464
84/86 [============================>.] - ETA: 1s - loss: 1.6006 - accuracy: 0.2461
85/86 [============================>.] - ETA: 0s - loss: 1.6005 - accuracy: 0.2447
86/86 [==============================] - 54s 626ms/step - loss: 1.6007 - accuracy: 0.2447 - val_loss: 1.5466 - val_accuracy: 0.2446
Epoch 6/10

 1/86 [..............................] - ETA: 48s - loss: 1.6467 - accuracy: 0.0938
 2/86 [..............................] - ETA: 49s - loss: 1.6191 - accuracy: 0.1562
 3/86 [>.............................] - ETA: 48s - loss: 1.6099 - accuracy: 0.2188
 4/86 [>.............................] - ETA: 48s - loss: 1.6019 - accuracy: 0.2188
 5/86 [>.............................] - ETA: 47s - loss: 1.6075 - accuracy: 0.2062
 6/86 [=>............................] - ETA: 47s - loss: 1.6090 - accuracy: 0.2135
 7/86 [=>............................] - ETA: 46s - loss: 1.6053 - accuracy: 0.2366
 8/86 [=>............................] - ETA: 45s - loss: 1.6067 - accuracy: 0.2383
 9/86 [==>...........................] - ETA: 44s - loss: 1.6065 - accuracy: 0.2396
10/86 [==>...........................] - ETA: 44s - loss: 1.6094 - accuracy: 0.2406
11/86 [==>...........................] - ETA: 43s - loss: 1.6051 - accuracy: 0.2500
12/86 [===>..........................] - ETA: 43s - loss: 1.6029 - accuracy: 0.2500
13/86 [===>..........................] - ETA: 42s - loss: 1.5996 - accuracy: 0.2596
14/86 [===>..........................] - ETA: 41s - loss: 1.6009 - accuracy: 0.2545
15/86 [====>.........................] - ETA: 41s - loss: 1.5973 - accuracy: 0.2646
16/86 [====>.........................] - ETA: 40s - loss: 1.5985 - accuracy: 0.2617
17/86 [====>.........................] - ETA: 39s - loss: 1.5984 - accuracy: 0.2647
18/86 [=====>........................] - ETA: 39s - loss: 1.5963 - accuracy: 0.2674
19/86 [=====>........................] - ETA: 38s - loss: 1.6001 - accuracy: 0.2566
20/86 [=====>........................] - ETA: 38s - loss: 1.6017 - accuracy: 0.2500
21/86 [======>.......................] - ETA: 37s - loss: 1.6013 - accuracy: 0.2470
22/86 [======>.......................] - ETA: 36s - loss: 1.5999 - accuracy: 0.2514
23/86 [=======>......................] - ETA: 36s - loss: 1.5993 - accuracy: 0.2554
24/86 [=======>......................] - ETA: 35s - loss: 1.5978 - accuracy: 0.2578
25/86 [=======>......................] - ETA: 35s - loss: 1.5976 - accuracy: 0.2550
26/86 [========>.....................] - ETA: 34s - loss: 1.5964 - accuracy: 0.2584
27/86 [========>.....................] - ETA: 33s - loss: 1.5967 - accuracy: 0.2535
28/86 [========>.....................] - ETA: 33s - loss: 1.5956 - accuracy: 0.2545
29/86 [=========>....................] - ETA: 32s - loss: 1.5953 - accuracy: 0.2554
30/86 [=========>....................] - ETA: 32s - loss: 1.5951 - accuracy: 0.2542
31/86 [=========>....................] - ETA: 31s - loss: 1.5959 - accuracy: 0.2500
32/86 [==========>...................] - ETA: 30s - loss: 1.5963 - accuracy: 0.2451
33/86 [==========>...................] - ETA: 30s - loss: 1.5955 - accuracy: 0.2500
34/86 [==========>...................] - ETA: 29s - loss: 1.5962 - accuracy: 0.2500
35/86 [===========>..................] - ETA: 29s - loss: 1.5966 - accuracy: 0.2473
36/86 [===========>..................] - ETA: 28s - loss: 1.5959 - accuracy: 0.2504
37/86 [===========>..................] - ETA: 28s - loss: 1.5960 - accuracy: 0.2487
38/86 [============>.................] - ETA: 27s - loss: 1.5943 - accuracy: 0.2554
39/86 [============>.................] - ETA: 26s - loss: 1.5941 - accuracy: 0.2568
40/86 [============>.................] - ETA: 26s - loss: 1.5941 - accuracy: 0.2574
41/86 [=============>................] - ETA: 25s - loss: 1.5938 - accuracy: 0.2573
42/86 [=============>................] - ETA: 25s - loss: 1.5943 - accuracy: 0.2571
43/86 [==============>...............] - ETA: 24s - loss: 1.5940 - accuracy: 0.2569
44/86 [==============>...............] - ETA: 24s - loss: 1.5944 - accuracy: 0.2560
45/86 [==============>...............] - ETA: 23s - loss: 1.5942 - accuracy: 0.2552
46/86 [===============>..............] - ETA: 22s - loss: 1.5939 - accuracy: 0.2565
47/86 [===============>..............] - ETA: 22s - loss: 1.5939 - accuracy: 0.2570
48/86 [===============>..............] - ETA: 21s - loss: 1.5939 - accuracy: 0.2568
49/86 [================>.............] - ETA: 21s - loss: 1.5943 - accuracy: 0.2542
50/86 [================>.............] - ETA: 20s - loss: 1.5955 - accuracy: 0.2528
51/86 [================>.............] - ETA: 20s - loss: 1.5953 - accuracy: 0.2534
52/86 [=================>............] - ETA: 19s - loss: 1.5958 - accuracy: 0.2527
53/86 [=================>............] - ETA: 18s - loss: 1.5952 - accuracy: 0.2556
54/86 [=================>............] - ETA: 18s - loss: 1.5960 - accuracy: 0.2543
55/86 [==================>...........] - ETA: 17s - loss: 1.5962 - accuracy: 0.2548
56/86 [==================>...........] - ETA: 17s - loss: 1.5965 - accuracy: 0.2542
57/86 [==================>...........] - ETA: 16s - loss: 1.5977 - accuracy: 0.2514
58/86 [===================>..........] - ETA: 16s - loss: 1.5981 - accuracy: 0.2503
59/86 [===================>..........] - ETA: 15s - loss: 1.5981 - accuracy: 0.2503
60/86 [===================>..........] - ETA: 14s - loss: 1.5979 - accuracy: 0.2513
61/86 [====================>.........] - ETA: 14s - loss: 1.5979 - accuracy: 0.2518
62/86 [====================>.........] - ETA: 13s - loss: 1.5980 - accuracy: 0.2523
63/86 [====================>.........] - ETA: 13s - loss: 1.5981 - accuracy: 0.2522
64/86 [=====================>........] - ETA: 12s - loss: 1.5979 - accuracy: 0.2517
65/86 [=====================>........] - ETA: 12s - loss: 1.5974 - accuracy: 0.2498
66/86 [======================>.......] - ETA: 11s - loss: 1.5976 - accuracy: 0.2488
67/86 [======================>.......] - ETA: 10s - loss: 1.5977 - accuracy: 0.2474
68/86 [======================>.......] - ETA: 10s - loss: 1.5979 - accuracy: 0.2466
69/86 [=======================>......] - ETA: 9s - loss: 1.5976 - accuracy: 0.2471 
70/86 [=======================>......] - ETA: 9s - loss: 1.5976 - accuracy: 0.2466
71/86 [=======================>......] - ETA: 8s - loss: 1.5973 - accuracy: 0.2467
72/86 [========================>.....] - ETA: 8s - loss: 1.5974 - accuracy: 0.2472
73/86 [========================>.....] - ETA: 7s - loss: 1.5973 - accuracy: 0.2476
74/86 [========================>.....] - ETA: 6s - loss: 1.5978 - accuracy: 0.2477
75/86 [=========================>....] - ETA: 6s - loss: 1.5980 - accuracy: 0.2469
76/86 [=========================>....] - ETA: 5s - loss: 1.5982 - accuracy: 0.2473
77/86 [=========================>....] - ETA: 5s - loss: 1.5988 - accuracy: 0.2457
78/86 [==========================>...] - ETA: 4s - loss: 1.5986 - accuracy: 0.2478
79/86 [==========================>...] - ETA: 3s - loss: 1.5985 - accuracy: 0.2486
80/86 [==========================>...] - ETA: 3s - loss: 1.5988 - accuracy: 0.2482
81/86 [===========================>..] - ETA: 2s - loss: 1.5996 - accuracy: 0.2463
82/86 [===========================>..] - ETA: 2s - loss: 1.5994 - accuracy: 0.2479
83/86 [===========================>..] - ETA: 1s - loss: 1.5995 - accuracy: 0.2476
84/86 [============================>.] - ETA: 1s - loss: 1.6002 - accuracy: 0.2457
85/86 [============================>.] - ETA: 0s - loss: 1.6005 - accuracy: 0.2447
86/86 [==============================] - 54s 631ms/step - loss: 1.6007 - accuracy: 0.2447 - val_loss: 1.5639 - val_accuracy: 0.2446
Epoch 7/10

 1/86 [..............................] - ETA: 47s - loss: 1.5956 - accuracy: 0.1875
 2/86 [..............................] - ETA: 46s - loss: 1.6128 - accuracy: 0.1719
 3/86 [>.............................] - ETA: 45s - loss: 1.6104 - accuracy: 0.2083
 4/86 [>.............................] - ETA: 45s - loss: 1.6104 - accuracy: 0.2188
 5/86 [>.............................] - ETA: 44s - loss: 1.6002 - accuracy: 0.2500
 6/86 [=>............................] - ETA: 44s - loss: 1.6051 - accuracy: 0.2292
 7/86 [=>............................] - ETA: 43s - loss: 1.6049 - accuracy: 0.2277
 8/86 [=>............................] - ETA: 42s - loss: 1.5998 - accuracy: 0.2422
 9/86 [==>...........................] - ETA: 42s - loss: 1.5990 - accuracy: 0.2396
10/86 [==>...........................] - ETA: 41s - loss: 1.5983 - accuracy: 0.2438
11/86 [==>...........................] - ETA: 41s - loss: 1.5991 - accuracy: 0.2443
12/86 [===>..........................] - ETA: 40s - loss: 1.6000 - accuracy: 0.2422
13/86 [===>..........................] - ETA: 40s - loss: 1.5986 - accuracy: 0.2476
14/86 [===>..........................] - ETA: 39s - loss: 1.5979 - accuracy: 0.2478
15/86 [====>.........................] - ETA: 39s - loss: 1.5988 - accuracy: 0.2438
16/86 [====>.........................] - ETA: 38s - loss: 1.5993 - accuracy: 0.2480
17/86 [====>.........................] - ETA: 38s - loss: 1.5990 - accuracy: 0.2500
18/86 [=====>........................] - ETA: 37s - loss: 1.6015 - accuracy: 0.2448
19/86 [=====>........................] - ETA: 36s - loss: 1.6025 - accuracy: 0.2418
20/86 [=====>........................] - ETA: 36s - loss: 1.6032 - accuracy: 0.2391
21/86 [======>.......................] - ETA: 35s - loss: 1.6026 - accuracy: 0.2381
22/86 [======>.......................] - ETA: 35s - loss: 1.6001 - accuracy: 0.2415
23/86 [=======>......................] - ETA: 34s - loss: 1.6017 - accuracy: 0.2364
24/86 [=======>......................] - ETA: 34s - loss: 1.6026 - accuracy: 0.2357
25/86 [=======>......................] - ETA: 33s - loss: 1.6027 - accuracy: 0.2338
26/86 [========>.....................] - ETA: 33s - loss: 1.6038 - accuracy: 0.2344
27/86 [========>.....................] - ETA: 32s - loss: 1.6034 - accuracy: 0.2373
28/86 [========>.....................] - ETA: 32s - loss: 1.6016 - accuracy: 0.2455
29/86 [=========>....................] - ETA: 31s - loss: 1.6026 - accuracy: 0.2446
30/86 [=========>....................] - ETA: 30s - loss: 1.6034 - accuracy: 0.2417
31/86 [=========>....................] - ETA: 30s - loss: 1.6045 - accuracy: 0.2389
32/86 [==========>...................] - ETA: 29s - loss: 1.6046 - accuracy: 0.2393
33/86 [==========>...................] - ETA: 29s - loss: 1.6051 - accuracy: 0.2367
34/86 [==========>...................] - ETA: 28s - loss: 1.6054 - accuracy: 0.2362
35/86 [===========>..................] - ETA: 28s - loss: 1.6054 - accuracy: 0.2348
36/86 [===========>..................] - ETA: 27s - loss: 1.6052 - accuracy: 0.2335
37/86 [===========>..................] - ETA: 27s - loss: 1.6049 - accuracy: 0.2331
38/86 [============>.................] - ETA: 26s - loss: 1.6052 - accuracy: 0.2336
39/86 [============>.................] - ETA: 25s - loss: 1.6061 - accuracy: 0.2316
40/86 [============>.................] - ETA: 25s - loss: 1.6053 - accuracy: 0.2352
41/86 [=============>................] - ETA: 24s - loss: 1.6053 - accuracy: 0.2355
42/86 [=============>................] - ETA: 24s - loss: 1.6048 - accuracy: 0.2359
43/86 [==============>...............] - ETA: 23s - loss: 1.6050 - accuracy: 0.2347
44/86 [==============>...............] - ETA: 23s - loss: 1.6058 - accuracy: 0.2322
45/86 [==============>...............] - ETA: 22s - loss: 1.6065 - accuracy: 0.2306
46/86 [===============>..............] - ETA: 22s - loss: 1.6060 - accuracy: 0.2337
47/86 [===============>..............] - ETA: 21s - loss: 1.6059 - accuracy: 0.2340
48/86 [===============>..............] - ETA: 21s - loss: 1.6059 - accuracy: 0.2344
49/86 [================>.............] - ETA: 20s - loss: 1.6049 - accuracy: 0.2363
50/86 [================>.............] - ETA: 19s - loss: 1.6050 - accuracy: 0.2359
51/86 [================>.............] - ETA: 19s - loss: 1.6060 - accuracy: 0.2331
52/86 [=================>............] - ETA: 18s - loss: 1.6057 - accuracy: 0.2347
53/86 [=================>............] - ETA: 18s - loss: 1.6056 - accuracy: 0.2355
54/86 [=================>............] - ETA: 17s - loss: 1.6047 - accuracy: 0.2393
55/86 [==================>...........] - ETA: 17s - loss: 1.6050 - accuracy: 0.2372
56/86 [==================>...........] - ETA: 16s - loss: 1.6045 - accuracy: 0.2391
57/86 [==================>...........] - ETA: 16s - loss: 1.6040 - accuracy: 0.2415
58/86 [===================>..........] - ETA: 15s - loss: 1.6037 - accuracy: 0.2416
59/86 [===================>..........] - ETA: 15s - loss: 1.6039 - accuracy: 0.2407
60/86 [===================>..........] - ETA: 14s - loss: 1.6039 - accuracy: 0.2404
61/86 [====================>.........] - ETA: 13s - loss: 1.6042 - accuracy: 0.2390
62/86 [====================>.........] - ETA: 13s - loss: 1.6039 - accuracy: 0.2407
63/86 [====================>.........] - ETA: 12s - loss: 1.6039 - accuracy: 0.2408
64/86 [=====================>........] - ETA: 12s - loss: 1.6035 - accuracy: 0.2419
65/86 [=====================>........] - ETA: 11s - loss: 1.6040 - accuracy: 0.2401
66/86 [======================>.......] - ETA: 11s - loss: 1.6036 - accuracy: 0.2408
67/86 [======================>.......] - ETA: 10s - loss: 1.6035 - accuracy: 0.2404
68/86 [======================>.......] - ETA: 10s - loss: 1.6034 - accuracy: 0.2406
69/86 [=======================>......] - ETA: 9s - loss: 1.6037 - accuracy: 0.2398 
70/86 [=======================>......] - ETA: 8s - loss: 1.6031 - accuracy: 0.2413
71/86 [=======================>......] - ETA: 8s - loss: 1.6030 - accuracy: 0.2414
72/86 [========================>.....] - ETA: 7s - loss: 1.6031 - accuracy: 0.2411
73/86 [========================>.....] - ETA: 7s - loss: 1.6027 - accuracy: 0.2408
74/86 [========================>.....] - ETA: 6s - loss: 1.6023 - accuracy: 0.2418
75/86 [=========================>....] - ETA: 6s - loss: 1.6027 - accuracy: 0.2406
76/86 [=========================>....] - ETA: 5s - loss: 1.6022 - accuracy: 0.2412
77/86 [=========================>....] - ETA: 5s - loss: 1.6021 - accuracy: 0.2421
78/86 [==========================>...] - ETA: 4s - loss: 1.6016 - accuracy: 0.2442
79/86 [==========================>...] - ETA: 3s - loss: 1.6013 - accuracy: 0.2454
80/86 [==========================>...] - ETA: 3s - loss: 1.6010 - accuracy: 0.2459
81/86 [===========================>..] - ETA: 2s - loss: 1.6008 - accuracy: 0.2452
82/86 [===========================>..] - ETA: 2s - loss: 1.6008 - accuracy: 0.2449
83/86 [===========================>..] - ETA: 1s - loss: 1.6010 - accuracy: 0.2434
84/86 [============================>.] - ETA: 1s - loss: 1.6007 - accuracy: 0.2446
85/86 [============================>.] - ETA: 0s - loss: 1.6006 - accuracy: 0.2443
86/86 [==============================] - 53s 621ms/step - loss: 1.6006 - accuracy: 0.2447 - val_loss: 1.5813 - val_accuracy: 0.2446
Epoch 8/10

 1/86 [..............................] - ETA: 47s - loss: 1.6412 - accuracy: 0.1875
 2/86 [..............................] - ETA: 47s - loss: 1.6365 - accuracy: 0.1562
 3/86 [>.............................] - ETA: 46s - loss: 1.6308 - accuracy: 0.1562
 4/86 [>.............................] - ETA: 45s - loss: 1.6231 - accuracy: 0.1719
 5/86 [>.............................] - ETA: 45s - loss: 1.6263 - accuracy: 0.1625
 6/86 [=>............................] - ETA: 45s - loss: 1.6232 - accuracy: 0.1823
 7/86 [=>............................] - ETA: 44s - loss: 1.6186 - accuracy: 0.1920
 8/86 [=>............................] - ETA: 43s - loss: 1.6181 - accuracy: 0.2031
 9/86 [==>...........................] - ETA: 43s - loss: 1.6166 - accuracy: 0.2118
10/86 [==>...........................] - ETA: 42s - loss: 1.6172 - accuracy: 0.2125
11/86 [==>...........................] - ETA: 41s - loss: 1.6181 - accuracy: 0.2045
12/86 [===>..........................] - ETA: 41s - loss: 1.6151 - accuracy: 0.2240
13/86 [===>..........................] - ETA: 40s - loss: 1.6146 - accuracy: 0.2236
14/86 [===>..........................] - ETA: 40s - loss: 1.6121 - accuracy: 0.2299
15/86 [====>.........................] - ETA: 39s - loss: 1.6111 - accuracy: 0.2271
16/86 [====>.........................] - ETA: 38s - loss: 1.6126 - accuracy: 0.2246
17/86 [====>.........................] - ETA: 38s - loss: 1.6119 - accuracy: 0.2243
18/86 [=====>........................] - ETA: 37s - loss: 1.6117 - accuracy: 0.2240
19/86 [=====>........................] - ETA: 37s - loss: 1.6111 - accuracy: 0.2270
20/86 [=====>........................] - ETA: 36s - loss: 1.6106 - accuracy: 0.2297
21/86 [======>.......................] - ETA: 36s - loss: 1.6101 - accuracy: 0.2321
22/86 [======>.......................] - ETA: 35s - loss: 1.6094 - accuracy: 0.2344
23/86 [=======>......................] - ETA: 35s - loss: 1.6080 - accuracy: 0.2378
24/86 [=======>......................] - ETA: 34s - loss: 1.6082 - accuracy: 0.2383
25/86 [=======>......................] - ETA: 33s - loss: 1.6090 - accuracy: 0.2375
26/86 [========>.....................] - ETA: 33s - loss: 1.6079 - accuracy: 0.2404
27/86 [========>.....................] - ETA: 32s - loss: 1.6072 - accuracy: 0.2407
28/86 [========>.....................] - ETA: 32s - loss: 1.6078 - accuracy: 0.2388
29/86 [=========>....................] - ETA: 31s - loss: 1.6074 - accuracy: 0.2381
30/86 [=========>....................] - ETA: 31s - loss: 1.6068 - accuracy: 0.2385
31/86 [=========>....................] - ETA: 30s - loss: 1.6060 - accuracy: 0.2399
32/86 [==========>...................] - ETA: 30s - loss: 1.6059 - accuracy: 0.2402
33/86 [==========>...................] - ETA: 29s - loss: 1.6047 - accuracy: 0.2419
34/86 [==========>...................] - ETA: 28s - loss: 1.6041 - accuracy: 0.2440
35/86 [===========>..................] - ETA: 28s - loss: 1.6049 - accuracy: 0.2406
36/86 [===========>..................] - ETA: 27s - loss: 1.6049 - accuracy: 0.2400
37/86 [===========>..................] - ETA: 27s - loss: 1.6044 - accuracy: 0.2428
38/86 [============>.................] - ETA: 26s - loss: 1.6035 - accuracy: 0.2446
39/86 [============>.................] - ETA: 26s - loss: 1.6040 - accuracy: 0.2432
40/86 [============>.................] - ETA: 25s - loss: 1.6044 - accuracy: 0.2418
41/86 [=============>................] - ETA: 25s - loss: 1.6050 - accuracy: 0.2397
42/86 [=============>................] - ETA: 24s - loss: 1.6050 - accuracy: 0.2392
43/86 [==============>...............] - ETA: 23s - loss: 1.6042 - accuracy: 0.2416
44/86 [==============>...............] - ETA: 23s - loss: 1.6038 - accuracy: 0.2418
45/86 [==============>...............] - ETA: 22s - loss: 1.6052 - accuracy: 0.2371
46/86 [===============>..............] - ETA: 22s - loss: 1.6056 - accuracy: 0.2354
47/86 [===============>..............] - ETA: 21s - loss: 1.6052 - accuracy: 0.2364
48/86 [===============>..............] - ETA: 21s - loss: 1.6055 - accuracy: 0.2366
49/86 [================>.............] - ETA: 20s - loss: 1.6064 - accuracy: 0.2331
50/86 [================>.............] - ETA: 20s - loss: 1.6061 - accuracy: 0.2347
51/86 [================>.............] - ETA: 19s - loss: 1.6060 - accuracy: 0.2350
52/86 [=================>............] - ETA: 18s - loss: 1.6057 - accuracy: 0.2365
53/86 [=================>............] - ETA: 18s - loss: 1.6054 - accuracy: 0.2373
54/86 [=================>............] - ETA: 17s - loss: 1.6046 - accuracy: 0.2399
55/86 [==================>...........] - ETA: 17s - loss: 1.6042 - accuracy: 0.2395
56/86 [==================>...........] - ETA: 16s - loss: 1.6046 - accuracy: 0.2385
57/86 [==================>...........] - ETA: 16s - loss: 1.6038 - accuracy: 0.2415
58/86 [===================>..........] - ETA: 15s - loss: 1.6029 - accuracy: 0.2438
59/86 [===================>..........] - ETA: 15s - loss: 1.6031 - accuracy: 0.2439
60/86 [===================>..........] - ETA: 14s - loss: 1.6031 - accuracy: 0.2440
61/86 [====================>.........] - ETA: 13s - loss: 1.6033 - accuracy: 0.2426
62/86 [====================>.........] - ETA: 13s - loss: 1.6036 - accuracy: 0.2407
63/86 [====================>.........] - ETA: 12s - loss: 1.6037 - accuracy: 0.2398
64/86 [=====================>........] - ETA: 12s - loss: 1.6036 - accuracy: 0.2400
65/86 [=====================>........] - ETA: 11s - loss: 1.6033 - accuracy: 0.2392
66/86 [======================>.......] - ETA: 11s - loss: 1.6028 - accuracy: 0.2412
67/86 [======================>.......] - ETA: 10s - loss: 1.6028 - accuracy: 0.2414
68/86 [======================>.......] - ETA: 10s - loss: 1.6035 - accuracy: 0.2401
69/86 [=======================>......] - ETA: 9s - loss: 1.6033 - accuracy: 0.2393 
70/86 [=======================>......] - ETA: 8s - loss: 1.6034 - accuracy: 0.2391
71/86 [=======================>......] - ETA: 8s - loss: 1.6031 - accuracy: 0.2392
72/86 [========================>.....] - ETA: 7s - loss: 1.6033 - accuracy: 0.2389
73/86 [========================>.....] - ETA: 7s - loss: 1.6033 - accuracy: 0.2382
74/86 [========================>.....] - ETA: 6s - loss: 1.6032 - accuracy: 0.2384
75/86 [=========================>....] - ETA: 6s - loss: 1.6032 - accuracy: 0.2381
76/86 [=========================>....] - ETA: 5s - loss: 1.6027 - accuracy: 0.2395
77/86 [=========================>....] - ETA: 5s - loss: 1.6023 - accuracy: 0.2405
78/86 [==========================>...] - ETA: 4s - loss: 1.6023 - accuracy: 0.2402
79/86 [==========================>...] - ETA: 3s - loss: 1.6025 - accuracy: 0.2395
80/86 [==========================>...] - ETA: 3s - loss: 1.6024 - accuracy: 0.2400
81/86 [===========================>..] - ETA: 2s - loss: 1.6023 - accuracy: 0.2394
82/86 [===========================>..] - ETA: 2s - loss: 1.6023 - accuracy: 0.2395
83/86 [===========================>..] - ETA: 1s - loss: 1.6019 - accuracy: 0.2415
84/86 [============================>.] - ETA: 1s - loss: 1.6016 - accuracy: 0.2420
85/86 [============================>.] - ETA: 0s - loss: 1.6008 - accuracy: 0.2443
86/86 [==============================] - 53s 622ms/step - loss: 1.6005 - accuracy: 0.2447 - val_loss: 1.5584 - val_accuracy: 0.2446
Epoch 9/10

 1/86 [..............................] - ETA: 48s - loss: 1.6128 - accuracy: 0.1875
 2/86 [..............................] - ETA: 47s - loss: 1.6085 - accuracy: 0.2031
 3/86 [>.............................] - ETA: 47s - loss: 1.5997 - accuracy: 0.2500
 4/86 [>.............................] - ETA: 46s - loss: 1.6051 - accuracy: 0.2344
 5/86 [>.............................] - ETA: 46s - loss: 1.5984 - accuracy: 0.2375
 6/86 [=>............................] - ETA: 45s - loss: 1.6019 - accuracy: 0.2240
 7/86 [=>............................] - ETA: 45s - loss: 1.6023 - accuracy: 0.2188
 8/86 [=>............................] - ETA: 44s - loss: 1.6032 - accuracy: 0.2188
 9/86 [==>...........................] - ETA: 43s - loss: 1.6081 - accuracy: 0.2118
10/86 [==>...........................] - ETA: 43s - loss: 1.6064 - accuracy: 0.2156
11/86 [==>...........................] - ETA: 42s - loss: 1.6044 - accuracy: 0.2188
12/86 [===>..........................] - ETA: 42s - loss: 1.6071 - accuracy: 0.2135
13/86 [===>..........................] - ETA: 41s - loss: 1.6076 - accuracy: 0.2115
14/86 [===>..........................] - ETA: 41s - loss: 1.6067 - accuracy: 0.2165
15/86 [====>.........................] - ETA: 40s - loss: 1.6060 - accuracy: 0.2146
16/86 [====>.........................] - ETA: 39s - loss: 1.6056 - accuracy: 0.2109
17/86 [====>.........................] - ETA: 39s - loss: 1.6051 - accuracy: 0.2114
18/86 [=====>........................] - ETA: 38s - loss: 1.6045 - accuracy: 0.2170
19/86 [=====>........................] - ETA: 37s - loss: 1.6034 - accuracy: 0.2204
20/86 [=====>........................] - ETA: 37s - loss: 1.6028 - accuracy: 0.2219
21/86 [======>.......................] - ETA: 36s - loss: 1.6010 - accuracy: 0.2336
22/86 [======>.......................] - ETA: 36s - loss: 1.6002 - accuracy: 0.2386
23/86 [=======>......................] - ETA: 35s - loss: 1.6011 - accuracy: 0.2323
24/86 [=======>......................] - ETA: 35s - loss: 1.6015 - accuracy: 0.2279
25/86 [=======>......................] - ETA: 34s - loss: 1.6016 - accuracy: 0.2288
26/86 [========>.....................] - ETA: 33s - loss: 1.6007 - accuracy: 0.2308
27/86 [========>.....................] - ETA: 33s - loss: 1.6016 - accuracy: 0.2292
28/86 [========>.....................] - ETA: 32s - loss: 1.6028 - accuracy: 0.2243
29/86 [=========>....................] - ETA: 32s - loss: 1.6028 - accuracy: 0.2241
30/86 [=========>....................] - ETA: 31s - loss: 1.6025 - accuracy: 0.2292
31/86 [=========>....................] - ETA: 31s - loss: 1.6031 - accuracy: 0.2288
32/86 [==========>...................] - ETA: 30s - loss: 1.6036 - accuracy: 0.2256
33/86 [==========>...................] - ETA: 30s - loss: 1.6038 - accuracy: 0.2244
34/86 [==========>...................] - ETA: 29s - loss: 1.6041 - accuracy: 0.2243
35/86 [===========>..................] - ETA: 28s - loss: 1.6049 - accuracy: 0.2232
36/86 [===========>..................] - ETA: 28s - loss: 1.6050 - accuracy: 0.2222
37/86 [===========>..................] - ETA: 27s - loss: 1.6048 - accuracy: 0.2213
38/86 [============>.................] - ETA: 27s - loss: 1.6044 - accuracy: 0.2237
39/86 [============>.................] - ETA: 26s - loss: 1.6042 - accuracy: 0.2252
40/86 [============>.................] - ETA: 25s - loss: 1.6049 - accuracy: 0.2258
41/86 [=============>................] - ETA: 25s - loss: 1.6049 - accuracy: 0.2256
42/86 [=============>................] - ETA: 24s - loss: 1.6047 - accuracy: 0.2254
43/86 [==============>...............] - ETA: 24s - loss: 1.6041 - accuracy: 0.2267
44/86 [==============>...............] - ETA: 23s - loss: 1.6043 - accuracy: 0.2273
45/86 [==============>...............] - ETA: 23s - loss: 1.6043 - accuracy: 0.2274
46/86 [===============>..............] - ETA: 22s - loss: 1.6045 - accuracy: 0.2293
47/86 [===============>..............] - ETA: 21s - loss: 1.6049 - accuracy: 0.2270
48/86 [===============>..............] - ETA: 21s - loss: 1.6049 - accuracy: 0.2269
49/86 [================>.............] - ETA: 20s - loss: 1.6047 - accuracy: 0.2280
50/86 [================>.............] - ETA: 20s - loss: 1.6039 - accuracy: 0.2315
51/86 [================>.............] - ETA: 19s - loss: 1.6044 - accuracy: 0.2313
52/86 [=================>............] - ETA: 19s - loss: 1.6047 - accuracy: 0.2310
53/86 [=================>............] - ETA: 18s - loss: 1.6052 - accuracy: 0.2290
54/86 [=================>............] - ETA: 17s - loss: 1.6056 - accuracy: 0.2277
55/86 [==================>...........] - ETA: 17s - loss: 1.6058 - accuracy: 0.2287
56/86 [==================>...........] - ETA: 16s - loss: 1.6056 - accuracy: 0.2307
57/86 [==================>...........] - ETA: 16s - loss: 1.6053 - accuracy: 0.2322
58/86 [===================>..........] - ETA: 15s - loss: 1.6046 - accuracy: 0.2346
59/86 [===================>..........] - ETA: 15s - loss: 1.6052 - accuracy: 0.2328
60/86 [===================>..........] - ETA: 14s - loss: 1.6055 - accuracy: 0.2331
61/86 [====================>.........] - ETA: 14s - loss: 1.6054 - accuracy: 0.2318
62/86 [====================>.........] - ETA: 13s - loss: 1.6053 - accuracy: 0.2321
63/86 [====================>.........] - ETA: 12s - loss: 1.6048 - accuracy: 0.2344
64/86 [=====================>........] - ETA: 12s - loss: 1.6036 - accuracy: 0.2380
65/86 [=====================>........] - ETA: 11s - loss: 1.6033 - accuracy: 0.2387
66/86 [======================>.......] - ETA: 11s - loss: 1.6035 - accuracy: 0.2379
67/86 [======================>.......] - ETA: 10s - loss: 1.6034 - accuracy: 0.2390
68/86 [======================>.......] - ETA: 10s - loss: 1.6033 - accuracy: 0.2397
69/86 [=======================>......] - ETA: 9s - loss: 1.6034 - accuracy: 0.2389 
70/86 [=======================>......] - ETA: 8s - loss: 1.6033 - accuracy: 0.2377
71/86 [=======================>......] - ETA: 8s - loss: 1.6029 - accuracy: 0.2392
72/86 [========================>.....] - ETA: 7s - loss: 1.6032 - accuracy: 0.2376
73/86 [========================>.....] - ETA: 7s - loss: 1.6031 - accuracy: 0.2386
74/86 [========================>.....] - ETA: 6s - loss: 1.6024 - accuracy: 0.2409
75/86 [=========================>....] - ETA: 6s - loss: 1.6022 - accuracy: 0.2419
76/86 [=========================>....] - ETA: 5s - loss: 1.6021 - accuracy: 0.2412
77/86 [=========================>....] - ETA: 5s - loss: 1.6018 - accuracy: 0.2429
78/86 [==========================>...] - ETA: 4s - loss: 1.6017 - accuracy: 0.2430
79/86 [==========================>...] - ETA: 3s - loss: 1.6017 - accuracy: 0.2431
80/86 [==========================>...] - ETA: 3s - loss: 1.6012 - accuracy: 0.2447
81/86 [===========================>..] - ETA: 2s - loss: 1.6009 - accuracy: 0.2452
82/86 [===========================>..] - ETA: 2s - loss: 1.6006 - accuracy: 0.2460
83/86 [===========================>..] - ETA: 1s - loss: 1.6007 - accuracy: 0.2457
84/86 [============================>.] - ETA: 1s - loss: 1.6005 - accuracy: 0.2453
85/86 [============================>.] - ETA: 0s - loss: 1.6004 - accuracy: 0.2458
86/86 [==============================] - 53s 621ms/step - loss: 1.6006 - accuracy: 0.2447 - val_loss: 1.6637 - val_accuracy: 0.2446
Epoch 10/10

 1/86 [..............................] - ETA: 47s - loss: 1.6166 - accuracy: 0.1562
 2/86 [..............................] - ETA: 47s - loss: 1.6082 - accuracy: 0.1562
 3/86 [>.............................] - ETA: 46s - loss: 1.6092 - accuracy: 0.1667
 4/86 [>.............................] - ETA: 46s - loss: 1.5993 - accuracy: 0.2109
 5/86 [>.............................] - ETA: 45s - loss: 1.5946 - accuracy: 0.2313
 6/86 [=>............................] - ETA: 44s - loss: 1.5993 - accuracy: 0.2292
 7/86 [=>............................] - ETA: 44s - loss: 1.5987 - accuracy: 0.2321
 8/86 [=>............................] - ETA: 43s - loss: 1.5946 - accuracy: 0.2305
 9/86 [==>...........................] - ETA: 43s - loss: 1.5947 - accuracy: 0.2361
10/86 [==>...........................] - ETA: 42s - loss: 1.5943 - accuracy: 0.2406
11/86 [==>...........................] - ETA: 42s - loss: 1.5961 - accuracy: 0.2358
12/86 [===>..........................] - ETA: 41s - loss: 1.5956 - accuracy: 0.2396
13/86 [===>..........................] - ETA: 41s - loss: 1.6000 - accuracy: 0.2308
14/86 [===>..........................] - ETA: 40s - loss: 1.6023 - accuracy: 0.2254
15/86 [====>.........................] - ETA: 39s - loss: 1.6028 - accuracy: 0.2271
16/86 [====>.........................] - ETA: 39s - loss: 1.6030 - accuracy: 0.2266
17/86 [====>.........................] - ETA: 39s - loss: 1.6044 - accuracy: 0.2224
18/86 [=====>........................] - ETA: 38s - loss: 1.6017 - accuracy: 0.2361
19/86 [=====>........................] - ETA: 37s - loss: 1.6031 - accuracy: 0.2336
20/86 [=====>........................] - ETA: 37s - loss: 1.6047 - accuracy: 0.2313
21/86 [======>.......................] - ETA: 36s - loss: 1.6060 - accuracy: 0.2292
22/86 [======>.......................] - ETA: 36s - loss: 1.6048 - accuracy: 0.2287
23/86 [=======>......................] - ETA: 35s - loss: 1.6049 - accuracy: 0.2283
24/86 [=======>......................] - ETA: 35s - loss: 1.6043 - accuracy: 0.2292
25/86 [=======>......................] - ETA: 34s - loss: 1.6045 - accuracy: 0.2288
26/86 [========>.....................] - ETA: 34s - loss: 1.6048 - accuracy: 0.2284
27/86 [========>.....................] - ETA: 33s - loss: 1.6029 - accuracy: 0.2326
28/86 [========>.....................] - ETA: 32s - loss: 1.6036 - accuracy: 0.2310
29/86 [=========>....................] - ETA: 32s - loss: 1.6020 - accuracy: 0.2328
30/86 [=========>....................] - ETA: 31s - loss: 1.6002 - accuracy: 0.2344
31/86 [=========>....................] - ETA: 31s - loss: 1.6001 - accuracy: 0.2349
32/86 [==========>...................] - ETA: 30s - loss: 1.6000 - accuracy: 0.2344
33/86 [==========>...................] - ETA: 30s - loss: 1.5994 - accuracy: 0.2348
34/86 [==========>...................] - ETA: 29s - loss: 1.5990 - accuracy: 0.2353
35/86 [===========>..................] - ETA: 29s - loss: 1.5988 - accuracy: 0.2357
36/86 [===========>..................] - ETA: 28s - loss: 1.5992 - accuracy: 0.2361
37/86 [===========>..................] - ETA: 27s - loss: 1.5982 - accuracy: 0.2407
38/86 [============>.................] - ETA: 27s - loss: 1.5987 - accuracy: 0.2368
39/86 [============>.................] - ETA: 26s - loss: 1.5984 - accuracy: 0.2380
40/86 [============>.................] - ETA: 26s - loss: 1.5985 - accuracy: 0.2414
41/86 [=============>................] - ETA: 25s - loss: 1.5980 - accuracy: 0.2431
42/86 [=============>................] - ETA: 25s - loss: 1.5982 - accuracy: 0.2440
43/86 [==============>...............] - ETA: 24s - loss: 1.5968 - accuracy: 0.2485
44/86 [==============>...............] - ETA: 24s - loss: 1.5966 - accuracy: 0.2472
45/86 [==============>...............] - ETA: 23s - loss: 1.5971 - accuracy: 0.2458
46/86 [===============>..............] - ETA: 22s - loss: 1.5971 - accuracy: 0.2459
47/86 [===============>..............] - ETA: 22s - loss: 1.5966 - accuracy: 0.2487
48/86 [===============>..............] - ETA: 21s - loss: 1.5963 - accuracy: 0.2513
49/86 [================>.............] - ETA: 21s - loss: 1.5961 - accuracy: 0.2526
50/86 [================>.............] - ETA: 20s - loss: 1.5965 - accuracy: 0.2519
51/86 [================>.............] - ETA: 19s - loss: 1.5967 - accuracy: 0.2488
52/86 [=================>............] - ETA: 19s - loss: 1.5957 - accuracy: 0.2512
53/86 [=================>............] - ETA: 18s - loss: 1.5956 - accuracy: 0.2500
54/86 [=================>............] - ETA: 18s - loss: 1.5957 - accuracy: 0.2500
55/86 [==================>...........] - ETA: 17s - loss: 1.5959 - accuracy: 0.2517
56/86 [==================>...........] - ETA: 17s - loss: 1.5958 - accuracy: 0.2517
57/86 [==================>...........] - ETA: 16s - loss: 1.5964 - accuracy: 0.2495
58/86 [===================>..........] - ETA: 15s - loss: 1.5966 - accuracy: 0.2489
59/86 [===================>..........] - ETA: 15s - loss: 1.5969 - accuracy: 0.2479
60/86 [===================>..........] - ETA: 14s - loss: 1.5970 - accuracy: 0.2490
61/86 [====================>.........] - ETA: 14s - loss: 1.5969 - accuracy: 0.2490
62/86 [====================>.........] - ETA: 13s - loss: 1.5970 - accuracy: 0.2500
63/86 [====================>.........] - ETA: 13s - loss: 1.5969 - accuracy: 0.2510
64/86 [=====================>........] - ETA: 12s - loss: 1.5973 - accuracy: 0.2502
65/86 [=====================>........] - ETA: 11s - loss: 1.5970 - accuracy: 0.2498
66/86 [======================>.......] - ETA: 11s - loss: 1.5965 - accuracy: 0.2512
67/86 [======================>.......] - ETA: 10s - loss: 1.5968 - accuracy: 0.2512
68/86 [======================>.......] - ETA: 10s - loss: 1.5970 - accuracy: 0.2502
69/86 [=======================>......] - ETA: 9s - loss: 1.5977 - accuracy: 0.2484 
70/86 [=======================>......] - ETA: 9s - loss: 1.5981 - accuracy: 0.2471
71/86 [=======================>......] - ETA: 8s - loss: 1.5981 - accuracy: 0.2480
72/86 [========================>.....] - ETA: 7s - loss: 1.5990 - accuracy: 0.2459
73/86 [========================>.....] - ETA: 7s - loss: 1.5993 - accuracy: 0.2459
74/86 [========================>.....] - ETA: 6s - loss: 1.6000 - accuracy: 0.2447
75/86 [=========================>....] - ETA: 6s - loss: 1.5999 - accuracy: 0.2440
76/86 [=========================>....] - ETA: 5s - loss: 1.5998 - accuracy: 0.2432
77/86 [=========================>....] - ETA: 5s - loss: 1.5999 - accuracy: 0.2429
78/86 [==========================>...] - ETA: 4s - loss: 1.5996 - accuracy: 0.2430
79/86 [==========================>...] - ETA: 3s - loss: 1.5997 - accuracy: 0.2439
80/86 [==========================>...] - ETA: 3s - loss: 1.5994 - accuracy: 0.2447
81/86 [===========================>..] - ETA: 2s - loss: 1.5990 - accuracy: 0.2459
82/86 [===========================>..] - ETA: 2s - loss: 1.5993 - accuracy: 0.2456
83/86 [===========================>..] - ETA: 1s - loss: 1.5996 - accuracy: 0.2457
84/86 [============================>.] - ETA: 1s - loss: 1.6000 - accuracy: 0.2453
85/86 [============================>.] - ETA: 0s - loss: 1.6003 - accuracy: 0.2450
86/86 [==============================] - 54s 628ms/step - loss: 1.6007 - accuracy: 0.2447 - val_loss: 1.6337 - val_accuracy: 0.2446
